<?xml version="1.0" encoding="UTF-8"?>
<robot generator="Robot 5.0.1 (Python 3.9.11 on win32)" generated="20220823 22:55:09.964" rpa="false" schemaversion="3">
<suite id="s1" name="Suites">
<suite id="s1-s1" name="Login" source="C:\Projetos\RobotFramework\TrainingWheels\Tests\login.robot">
<kw name="Start Session" library="BasePage" type="SETUP">
<kw name="Open Browser" library="SeleniumLibrary">
<arg>about:blank</arg>
<arg>${BROWSER}</arg>
<doc>Opens a new browser instance to the optional ``url``.</doc>
<msg timestamp="20220823 22:55:11.084" level="INFO">Opening browser 'chrome' to base url 'about:blank'.</msg>
<status status="PASS" starttime="20220823 22:55:11.084" endtime="20220823 22:55:12.945"/>
</kw>
<kw name="Set Selenium Implicit Wait" library="SeleniumLibrary">
<arg>${TIMEOUT}</arg>
<doc>Sets the implicit wait value used by Selenium.</doc>
<status status="PASS" starttime="20220823 22:55:12.945" endtime="20220823 22:55:12.949"/>
</kw>
<kw name="Set Window Size" library="SeleniumLibrary">
<arg>${BROWSER_WIDTH}</arg>
<arg>${BROWSER_HEIGHT}</arg>
<doc>Sets current windows size to given ``width`` and ``height``.</doc>
<status status="PASS" starttime="20220823 22:55:12.949" endtime="20220823 22:55:13.074"/>
</kw>
<kw name="Go To" library="SeleniumLibrary">
<arg>${BASEURL}</arg>
<doc>Navigates the current browser window to the provided ``url``.</doc>
<msg timestamp="20220823 22:55:13.075" level="INFO">Opening url 'https://training-wheels-protocol.herokuapp.com'</msg>
<status status="PASS" starttime="20220823 22:55:13.075" endtime="20220823 22:55:17.344"/>
</kw>
<kw name="Get Title" library="SeleniumLibrary">
<var>${PageTitle}</var>
<doc>Returns the title of the current page.</doc>
<msg timestamp="20220823 22:55:17.350" level="INFO">${PageTitle} = Training Wheels Protocol</msg>
<status status="PASS" starttime="20220823 22:55:17.345" endtime="20220823 22:55:17.350"/>
</kw>
<kw name="Log" library="BuiltIn">
<arg>${PageTitle}</arg>
<doc>Logs the given message with the given level.</doc>
<msg timestamp="20220823 22:55:17.351" level="INFO">Training Wheels Protocol</msg>
<status status="PASS" starttime="20220823 22:55:17.350" endtime="20220823 22:55:17.351"/>
</kw>
<status status="PASS" starttime="20220823 22:55:11.083" endtime="20220823 22:55:17.351"/>
</kw>
<test id="s1-s1-t1" name="Login with valid information" line="12">
<kw name="login with" library="loginPage">
<arg>stark</arg>
<arg>jarvis!</arg>
<arg>Olá, Tony Stark. Você acessou a área logada!</arg>
<kw name="Given that I open the &quot;Login&quot; Page" library="loginPage" sourcename="Given that I open the &quot;${link}&quot; Page">
<kw name="Given that I open the &quot;Training Wheels Protocol&quot;" library="homePage" sourcename="that I open the &quot;${text}&quot;">
<kw name="Go To" library="SeleniumLibrary">
<arg>${BASE_URL}</arg>
<doc>Navigates the current browser window to the provided ``url``.</doc>
<msg timestamp="20220823 22:55:17.354" level="INFO">Opening url 'https://training-wheels-protocol.herokuapp.com'</msg>
<status status="PASS" starttime="20220823 22:55:17.353" endtime="20220823 22:55:17.799"/>
</kw>
<kw name="Title Should Be" library="SeleniumLibrary">
<arg>${text}</arg>
<doc>Verifies that the current page title equals ``title``.</doc>
<msg timestamp="20220823 22:55:17.803" level="INFO">Page title is 'Training Wheels Protocol'.</msg>
<status status="PASS" starttime="20220823 22:55:17.799" endtime="20220823 22:55:17.804"/>
</kw>
<status status="PASS" starttime="20220823 22:55:17.353" endtime="20220823 22:55:17.804"/>
</kw>
<kw name="When I open &quot;${link}&quot;" library="homePage" sourcename="I open &quot;${LINK}&quot;">
<kw name="Click Element" library="SeleniumLibrary">
<arg>xpath://a[contains(text(),"${LINK}")]</arg>
<doc>Click the element identified by ``locator``.</doc>
<msg timestamp="20220823 22:55:17.805" level="INFO">Clicking element 'xpath://a[contains(text(),"Login")]'.</msg>
<status status="PASS" starttime="20220823 22:55:17.805" endtime="20220823 22:55:18.336"/>
</kw>
<status status="PASS" starttime="20220823 22:55:17.804" endtime="20220823 22:55:18.336"/>
</kw>
<status status="PASS" starttime="20220823 22:55:17.353" endtime="20220823 22:55:18.337"/>
</kw>
<kw name="And I have &quot;${LOGIN}&quot; and &quot;${PASS}&quot;" library="loginPage" sourcename="And I have &quot;${email}&quot; and &quot;${password}&quot;">
<kw name="Set Test Variable" library="BuiltIn">
<arg>${email}</arg>
<doc>Makes a variable available everywhere within the scope of the current test.</doc>
<msg timestamp="20220823 22:55:18.338" level="INFO">${email} = stark</msg>
<status status="PASS" starttime="20220823 22:55:18.337" endtime="20220823 22:55:18.338"/>
</kw>
<kw name="Set Test Variable" library="BuiltIn">
<arg>${password}</arg>
<doc>Makes a variable available everywhere within the scope of the current test.</doc>
<msg timestamp="20220823 22:55:18.338" level="INFO">${password} = jarvis!</msg>
<status status="PASS" starttime="20220823 22:55:18.338" endtime="20220823 22:55:18.338"/>
</kw>
<status status="PASS" starttime="20220823 22:55:18.337" endtime="20220823 22:55:18.338"/>
</kw>
<kw name="When I submit that information" library="loginPage">
<kw name="Input Text" library="SeleniumLibrary">
<arg>${txtLogin}</arg>
<arg>${email}</arg>
<doc>Types the given ``text`` into the text field identified by ``locator``.</doc>
<msg timestamp="20220823 22:55:18.339" level="INFO">Typing text 'stark' into text field 'name:username'.</msg>
<status status="PASS" starttime="20220823 22:55:18.339" endtime="20220823 22:55:18.430"/>
</kw>
<kw name="Input Text" library="SeleniumLibrary">
<arg>${txtPassword}</arg>
<arg>${password}</arg>
<doc>Types the given ``text`` into the text field identified by ``locator``.</doc>
<msg timestamp="20220823 22:55:18.431" level="INFO">Typing text 'jarvis!' into text field 'name:password'.</msg>
<status status="PASS" starttime="20220823 22:55:18.431" endtime="20220823 22:55:18.516"/>
</kw>
<kw name="Click Element" library="SeleniumLibrary">
<arg>${btnLogin}</arg>
<doc>Click the element identified by ``locator``.</doc>
<msg timestamp="20220823 22:55:18.517" level="INFO">Clicking element 'css:.btn-login'.</msg>
<status status="PASS" starttime="20220823 22:55:18.516" endtime="20220823 22:55:19.069"/>
</kw>
<status status="PASS" starttime="20220823 22:55:18.338" endtime="20220823 22:55:19.069"/>
</kw>
<kw name="Then I must see the message &quot;${message}&quot;" library="loginPage" sourcename="Then I must see the message &quot;${message}&quot;">
<kw name="Wait Until Element Is Visible" library="SeleniumLibrary">
<arg>${successAlert}</arg>
<doc>Waits until the element ``locator`` is visible.</doc>
<status status="PASS" starttime="20220823 22:55:19.071" endtime="20220823 22:55:19.100"/>
</kw>
<kw name="Element Should Contain" library="SeleniumLibrary">
<arg>${successAlert}</arg>
<arg>${message}</arg>
<doc>Verifies that element ``locator`` contains text ``expected``.</doc>
<msg timestamp="20220823 22:55:19.131" level="INFO">Element 'css:.flash.success,.flash.error' contains text 'Olá, Tony Stark. Você acessou a área logada!'.</msg>
<status status="PASS" starttime="20220823 22:55:19.100" endtime="20220823 22:55:19.131"/>
</kw>
<status status="PASS" starttime="20220823 22:55:19.069" endtime="20220823 22:55:19.131"/>
</kw>
<status status="PASS" starttime="20220823 22:55:17.352" endtime="20220823 22:55:19.131"/>
</kw>
<tag>smoke</tag>
<status status="PASS" starttime="20220823 22:55:17.351" endtime="20220823 22:55:19.132"/>
</test>
<test id="s1-s1-t2" name="Login with invalid info" line="15">
<kw name="login with" library="loginPage">
<arg>wrong</arg>
<arg>jarvis!</arg>
<arg>O usuário informado não está cadastrado!</arg>
<kw name="Given that I open the &quot;Login&quot; Page" library="loginPage" sourcename="Given that I open the &quot;${link}&quot; Page">
<kw name="Given that I open the &quot;Training Wheels Protocol&quot;" library="homePage" sourcename="that I open the &quot;${text}&quot;">
<kw name="Go To" library="SeleniumLibrary">
<arg>${BASE_URL}</arg>
<doc>Navigates the current browser window to the provided ``url``.</doc>
<msg timestamp="20220823 22:55:19.137" level="INFO">Opening url 'https://training-wheels-protocol.herokuapp.com'</msg>
<status status="PASS" starttime="20220823 22:55:19.136" endtime="20220823 22:55:19.423"/>
</kw>
<kw name="Title Should Be" library="SeleniumLibrary">
<arg>${text}</arg>
<doc>Verifies that the current page title equals ``title``.</doc>
<msg timestamp="20220823 22:55:19.429" level="INFO">Page title is 'Training Wheels Protocol'.</msg>
<status status="PASS" starttime="20220823 22:55:19.423" endtime="20220823 22:55:19.429"/>
</kw>
<status status="PASS" starttime="20220823 22:55:19.135" endtime="20220823 22:55:19.430"/>
</kw>
<kw name="When I open &quot;${link}&quot;" library="homePage" sourcename="I open &quot;${LINK}&quot;">
<kw name="Click Element" library="SeleniumLibrary">
<arg>xpath://a[contains(text(),"${LINK}")]</arg>
<doc>Click the element identified by ``locator``.</doc>
<msg timestamp="20220823 22:55:19.431" level="INFO">Clicking element 'xpath://a[contains(text(),"Login")]'.</msg>
<status status="PASS" starttime="20220823 22:55:19.430" endtime="20220823 22:55:19.757"/>
</kw>
<status status="PASS" starttime="20220823 22:55:19.430" endtime="20220823 22:55:19.758"/>
</kw>
<status status="PASS" starttime="20220823 22:55:19.134" endtime="20220823 22:55:19.758"/>
</kw>
<kw name="And I have &quot;${LOGIN}&quot; and &quot;${PASS}&quot;" library="loginPage" sourcename="And I have &quot;${email}&quot; and &quot;${password}&quot;">
<kw name="Set Test Variable" library="BuiltIn">
<arg>${email}</arg>
<doc>Makes a variable available everywhere within the scope of the current test.</doc>
<msg timestamp="20220823 22:55:19.761" level="INFO">${email} = wrong</msg>
<status status="PASS" starttime="20220823 22:55:19.760" endtime="20220823 22:55:19.761"/>
</kw>
<kw name="Set Test Variable" library="BuiltIn">
<arg>${password}</arg>
<doc>Makes a variable available everywhere within the scope of the current test.</doc>
<msg timestamp="20220823 22:55:19.762" level="INFO">${password} = jarvis!</msg>
<status status="PASS" starttime="20220823 22:55:19.761" endtime="20220823 22:55:19.762"/>
</kw>
<status status="PASS" starttime="20220823 22:55:19.759" endtime="20220823 22:55:19.762"/>
</kw>
<kw name="When I submit that information" library="loginPage">
<kw name="Input Text" library="SeleniumLibrary">
<arg>${txtLogin}</arg>
<arg>${email}</arg>
<doc>Types the given ``text`` into the text field identified by ``locator``.</doc>
<msg timestamp="20220823 22:55:19.764" level="INFO">Typing text 'wrong' into text field 'name:username'.</msg>
<status status="PASS" starttime="20220823 22:55:19.763" endtime="20220823 22:55:19.840"/>
</kw>
<kw name="Input Text" library="SeleniumLibrary">
<arg>${txtPassword}</arg>
<arg>${password}</arg>
<doc>Types the given ``text`` into the text field identified by ``locator``.</doc>
<msg timestamp="20220823 22:55:19.841" level="INFO">Typing text 'jarvis!' into text field 'name:password'.</msg>
<status status="PASS" starttime="20220823 22:55:19.840" endtime="20220823 22:55:19.932"/>
</kw>
<kw name="Click Element" library="SeleniumLibrary">
<arg>${btnLogin}</arg>
<doc>Click the element identified by ``locator``.</doc>
<msg timestamp="20220823 22:55:19.933" level="INFO">Clicking element 'css:.btn-login'.</msg>
<status status="PASS" starttime="20220823 22:55:19.932" endtime="20220823 22:55:20.455"/>
</kw>
<status status="PASS" starttime="20220823 22:55:19.763" endtime="20220823 22:55:20.455"/>
</kw>
<kw name="Then I must see the message &quot;${message}&quot;" library="loginPage" sourcename="Then I must see the message &quot;${message}&quot;">
<kw name="Wait Until Element Is Visible" library="SeleniumLibrary">
<arg>${successAlert}</arg>
<doc>Waits until the element ``locator`` is visible.</doc>
<status status="PASS" starttime="20220823 22:55:20.456" endtime="20220823 22:55:20.480"/>
</kw>
<kw name="Element Should Contain" library="SeleniumLibrary">
<arg>${successAlert}</arg>
<arg>${message}</arg>
<doc>Verifies that element ``locator`` contains text ``expected``.</doc>
<msg timestamp="20220823 22:55:20.498" level="INFO">Element 'css:.flash.success,.flash.error' contains text 'O usuário informado não está cadastrado!'.</msg>
<status status="PASS" starttime="20220823 22:55:20.480" endtime="20220823 22:55:20.498"/>
</kw>
<status status="PASS" starttime="20220823 22:55:20.455" endtime="20220823 22:55:20.499"/>
</kw>
<status status="PASS" starttime="20220823 22:55:19.133" endtime="20220823 22:55:20.499"/>
</kw>
<tag>invalid</tag>
<status status="PASS" starttime="20220823 22:55:19.132" endtime="20220823 22:55:20.499"/>
</test>
<test id="s1-s1-t3" name="Empty login" line="18">
<kw name="login with" library="loginPage">
<arg>${EMPTY}</arg>
<arg>jarvis!</arg>
<arg>O usuário informado não está cadastrado!</arg>
<kw name="Given that I open the &quot;Login&quot; Page" library="loginPage" sourcename="Given that I open the &quot;${link}&quot; Page">
<kw name="Given that I open the &quot;Training Wheels Protocol&quot;" library="homePage" sourcename="that I open the &quot;${text}&quot;">
<kw name="Go To" library="SeleniumLibrary">
<arg>${BASE_URL}</arg>
<doc>Navigates the current browser window to the provided ``url``.</doc>
<msg timestamp="20220823 22:55:20.504" level="INFO">Opening url 'https://training-wheels-protocol.herokuapp.com'</msg>
<status status="PASS" starttime="20220823 22:55:20.504" endtime="20220823 22:55:20.792"/>
</kw>
<kw name="Title Should Be" library="SeleniumLibrary">
<arg>${text}</arg>
<doc>Verifies that the current page title equals ``title``.</doc>
<msg timestamp="20220823 22:55:20.802" level="INFO">Page title is 'Training Wheels Protocol'.</msg>
<status status="PASS" starttime="20220823 22:55:20.793" endtime="20220823 22:55:20.802"/>
</kw>
<status status="PASS" starttime="20220823 22:55:20.503" endtime="20220823 22:55:20.802"/>
</kw>
<kw name="When I open &quot;${link}&quot;" library="homePage" sourcename="I open &quot;${LINK}&quot;">
<kw name="Click Element" library="SeleniumLibrary">
<arg>xpath://a[contains(text(),"${LINK}")]</arg>
<doc>Click the element identified by ``locator``.</doc>
<msg timestamp="20220823 22:55:20.806" level="INFO">Clicking element 'xpath://a[contains(text(),"Login")]'.</msg>
<status status="PASS" starttime="20220823 22:55:20.804" endtime="20220823 22:55:21.159"/>
</kw>
<status status="PASS" starttime="20220823 22:55:20.803" endtime="20220823 22:55:21.160"/>
</kw>
<status status="PASS" starttime="20220823 22:55:20.503" endtime="20220823 22:55:21.160"/>
</kw>
<kw name="And I have &quot;${LOGIN}&quot; and &quot;${PASS}&quot;" library="loginPage" sourcename="And I have &quot;${email}&quot; and &quot;${password}&quot;">
<kw name="Set Test Variable" library="BuiltIn">
<arg>${email}</arg>
<doc>Makes a variable available everywhere within the scope of the current test.</doc>
<msg timestamp="20220823 22:55:21.164" level="INFO">${email} = </msg>
<status status="PASS" starttime="20220823 22:55:21.162" endtime="20220823 22:55:21.164"/>
</kw>
<kw name="Set Test Variable" library="BuiltIn">
<arg>${password}</arg>
<doc>Makes a variable available everywhere within the scope of the current test.</doc>
<msg timestamp="20220823 22:55:21.166" level="INFO">${password} = jarvis!</msg>
<status status="PASS" starttime="20220823 22:55:21.165" endtime="20220823 22:55:21.167"/>
</kw>
<status status="PASS" starttime="20220823 22:55:21.160" endtime="20220823 22:55:21.167"/>
</kw>
<kw name="When I submit that information" library="loginPage">
<kw name="Input Text" library="SeleniumLibrary">
<arg>${txtLogin}</arg>
<arg>${email}</arg>
<doc>Types the given ``text`` into the text field identified by ``locator``.</doc>
<msg timestamp="20220823 22:55:21.169" level="INFO">Typing text '' into text field 'name:username'.</msg>
<status status="PASS" starttime="20220823 22:55:21.168" endtime="20220823 22:55:21.250"/>
</kw>
<kw name="Input Text" library="SeleniumLibrary">
<arg>${txtPassword}</arg>
<arg>${password}</arg>
<doc>Types the given ``text`` into the text field identified by ``locator``.</doc>
<msg timestamp="20220823 22:55:21.252" level="INFO">Typing text 'jarvis!' into text field 'name:password'.</msg>
<status status="PASS" starttime="20220823 22:55:21.250" endtime="20220823 22:55:21.355"/>
</kw>
<kw name="Click Element" library="SeleniumLibrary">
<arg>${btnLogin}</arg>
<doc>Click the element identified by ``locator``.</doc>
<msg timestamp="20220823 22:55:21.356" level="INFO">Clicking element 'css:.btn-login'.</msg>
<status status="PASS" starttime="20220823 22:55:21.355" endtime="20220823 22:55:21.907"/>
</kw>
<status status="PASS" starttime="20220823 22:55:21.167" endtime="20220823 22:55:21.907"/>
</kw>
<kw name="Then I must see the message &quot;${message}&quot;" library="loginPage" sourcename="Then I must see the message &quot;${message}&quot;">
<kw name="Wait Until Element Is Visible" library="SeleniumLibrary">
<arg>${successAlert}</arg>
<doc>Waits until the element ``locator`` is visible.</doc>
<status status="PASS" starttime="20220823 22:55:21.909" endtime="20220823 22:55:21.931"/>
</kw>
<kw name="Element Should Contain" library="SeleniumLibrary">
<arg>${successAlert}</arg>
<arg>${message}</arg>
<doc>Verifies that element ``locator`` contains text ``expected``.</doc>
<msg timestamp="20220823 22:55:21.956" level="INFO">Element 'css:.flash.success,.flash.error' contains text 'O usuário informado não está cadastrado!'.</msg>
<status status="PASS" starttime="20220823 22:55:21.931" endtime="20220823 22:55:21.956"/>
</kw>
<status status="PASS" starttime="20220823 22:55:21.907" endtime="20220823 22:55:21.956"/>
</kw>
<status status="PASS" starttime="20220823 22:55:20.501" endtime="20220823 22:55:21.956"/>
</kw>
<tag>invalid</tag>
<status status="PASS" starttime="20220823 22:55:20.500" endtime="20220823 22:55:21.957"/>
</test>
<test id="s1-s1-t4" name="Empty email" line="21">
<kw name="login with" library="loginPage">
<arg>stark</arg>
<arg>${EMPTY}</arg>
<arg>Senha é invalida!</arg>
<kw name="Given that I open the &quot;Login&quot; Page" library="loginPage" sourcename="Given that I open the &quot;${link}&quot; Page">
<kw name="Given that I open the &quot;Training Wheels Protocol&quot;" library="homePage" sourcename="that I open the &quot;${text}&quot;">
<kw name="Go To" library="SeleniumLibrary">
<arg>${BASE_URL}</arg>
<doc>Navigates the current browser window to the provided ``url``.</doc>
<msg timestamp="20220823 22:55:21.962" level="INFO">Opening url 'https://training-wheels-protocol.herokuapp.com'</msg>
<status status="PASS" starttime="20220823 22:55:21.962" endtime="20220823 22:55:22.294"/>
</kw>
<kw name="Title Should Be" library="SeleniumLibrary">
<arg>${text}</arg>
<doc>Verifies that the current page title equals ``title``.</doc>
<msg timestamp="20220823 22:55:22.308" level="INFO">Page title is 'Training Wheels Protocol'.</msg>
<status status="PASS" starttime="20220823 22:55:22.296" endtime="20220823 22:55:22.308"/>
</kw>
<status status="PASS" starttime="20220823 22:55:21.961" endtime="20220823 22:55:22.309"/>
</kw>
<kw name="When I open &quot;${link}&quot;" library="homePage" sourcename="I open &quot;${LINK}&quot;">
<kw name="Click Element" library="SeleniumLibrary">
<arg>xpath://a[contains(text(),"${LINK}")]</arg>
<doc>Click the element identified by ``locator``.</doc>
<msg timestamp="20220823 22:55:22.312" level="INFO">Clicking element 'xpath://a[contains(text(),"Login")]'.</msg>
<status status="PASS" starttime="20220823 22:55:22.311" endtime="20220823 22:55:22.687"/>
</kw>
<status status="PASS" starttime="20220823 22:55:22.309" endtime="20220823 22:55:22.688"/>
</kw>
<status status="PASS" starttime="20220823 22:55:21.960" endtime="20220823 22:55:22.689"/>
</kw>
<kw name="And I have &quot;${LOGIN}&quot; and &quot;${PASS}&quot;" library="loginPage" sourcename="And I have &quot;${email}&quot; and &quot;${password}&quot;">
<kw name="Set Test Variable" library="BuiltIn">
<arg>${email}</arg>
<doc>Makes a variable available everywhere within the scope of the current test.</doc>
<msg timestamp="20220823 22:55:22.693" level="INFO">${email} = stark</msg>
<status status="PASS" starttime="20220823 22:55:22.692" endtime="20220823 22:55:22.693"/>
</kw>
<kw name="Set Test Variable" library="BuiltIn">
<arg>${password}</arg>
<doc>Makes a variable available everywhere within the scope of the current test.</doc>
<msg timestamp="20220823 22:55:22.695" level="INFO">${password} = </msg>
<status status="PASS" starttime="20220823 22:55:22.693" endtime="20220823 22:55:22.695"/>
</kw>
<status status="PASS" starttime="20220823 22:55:22.690" endtime="20220823 22:55:22.695"/>
</kw>
<kw name="When I submit that information" library="loginPage">
<kw name="Input Text" library="SeleniumLibrary">
<arg>${txtLogin}</arg>
<arg>${email}</arg>
<doc>Types the given ``text`` into the text field identified by ``locator``.</doc>
<msg timestamp="20220823 22:55:22.698" level="INFO">Typing text 'stark' into text field 'name:username'.</msg>
<status status="PASS" starttime="20220823 22:55:22.697" endtime="20220823 22:55:22.871"/>
</kw>
<kw name="Input Text" library="SeleniumLibrary">
<arg>${txtPassword}</arg>
<arg>${password}</arg>
<doc>Types the given ``text`` into the text field identified by ``locator``.</doc>
<msg timestamp="20220823 22:55:22.873" level="INFO">Typing text '' into text field 'name:password'.</msg>
<status status="PASS" starttime="20220823 22:55:22.871" endtime="20220823 22:55:22.959"/>
</kw>
<kw name="Click Element" library="SeleniumLibrary">
<arg>${btnLogin}</arg>
<doc>Click the element identified by ``locator``.</doc>
<msg timestamp="20220823 22:55:22.961" level="INFO">Clicking element 'css:.btn-login'.</msg>
<status status="PASS" starttime="20220823 22:55:22.960" endtime="20220823 22:55:23.513"/>
</kw>
<status status="PASS" starttime="20220823 22:55:22.697" endtime="20220823 22:55:23.513"/>
</kw>
<kw name="Then I must see the message &quot;${message}&quot;" library="loginPage" sourcename="Then I must see the message &quot;${message}&quot;">
<kw name="Wait Until Element Is Visible" library="SeleniumLibrary">
<arg>${successAlert}</arg>
<doc>Waits until the element ``locator`` is visible.</doc>
<status status="PASS" starttime="20220823 22:55:23.516" endtime="20220823 22:55:23.542"/>
</kw>
<kw name="Element Should Contain" library="SeleniumLibrary">
<arg>${successAlert}</arg>
<arg>${message}</arg>
<doc>Verifies that element ``locator`` contains text ``expected``.</doc>
<msg timestamp="20220823 22:55:23.565" level="INFO">Element 'css:.flash.success,.flash.error' contains text 'Senha é invalida!'.</msg>
<status status="PASS" starttime="20220823 22:55:23.543" endtime="20220823 22:55:23.565"/>
</kw>
<status status="PASS" starttime="20220823 22:55:23.514" endtime="20220823 22:55:23.566"/>
</kw>
<status status="PASS" starttime="20220823 22:55:21.958" endtime="20220823 22:55:23.566"/>
</kw>
<tag>invalid</tag>
<status status="PASS" starttime="20220823 22:55:21.957" endtime="20220823 22:55:23.566"/>
</test>
<test id="s1-s1-t5" name="Empty fields" line="24">
<kw name="login with" library="loginPage">
<arg>${EMPTY}</arg>
<arg>${EMPTY}</arg>
<arg>O usuário informado não está cadastrado!</arg>
<kw name="Given that I open the &quot;Login&quot; Page" library="loginPage" sourcename="Given that I open the &quot;${link}&quot; Page">
<kw name="Given that I open the &quot;Training Wheels Protocol&quot;" library="homePage" sourcename="that I open the &quot;${text}&quot;">
<kw name="Go To" library="SeleniumLibrary">
<arg>${BASE_URL}</arg>
<doc>Navigates the current browser window to the provided ``url``.</doc>
<msg timestamp="20220823 22:55:23.575" level="INFO">Opening url 'https://training-wheels-protocol.herokuapp.com'</msg>
<status status="PASS" starttime="20220823 22:55:23.574" endtime="20220823 22:55:23.908"/>
</kw>
<kw name="Title Should Be" library="SeleniumLibrary">
<arg>${text}</arg>
<doc>Verifies that the current page title equals ``title``.</doc>
<msg timestamp="20220823 22:55:23.920" level="INFO">Page title is 'Training Wheels Protocol'.</msg>
<status status="PASS" starttime="20220823 22:55:23.909" endtime="20220823 22:55:23.921"/>
</kw>
<status status="PASS" starttime="20220823 22:55:23.573" endtime="20220823 22:55:23.921"/>
</kw>
<kw name="When I open &quot;${link}&quot;" library="homePage" sourcename="I open &quot;${LINK}&quot;">
<kw name="Click Element" library="SeleniumLibrary">
<arg>xpath://a[contains(text(),"${LINK}")]</arg>
<doc>Click the element identified by ``locator``.</doc>
<msg timestamp="20220823 22:55:23.922" level="INFO">Clicking element 'xpath://a[contains(text(),"Login")]'.</msg>
<status status="PASS" starttime="20220823 22:55:23.922" endtime="20220823 22:55:24.244"/>
</kw>
<status status="PASS" starttime="20220823 22:55:23.921" endtime="20220823 22:55:24.244"/>
</kw>
<status status="PASS" starttime="20220823 22:55:23.571" endtime="20220823 22:55:24.245"/>
</kw>
<kw name="And I have &quot;${LOGIN}&quot; and &quot;${PASS}&quot;" library="loginPage" sourcename="And I have &quot;${email}&quot; and &quot;${password}&quot;">
<kw name="Set Test Variable" library="BuiltIn">
<arg>${email}</arg>
<doc>Makes a variable available everywhere within the scope of the current test.</doc>
<msg timestamp="20220823 22:55:24.247" level="INFO">${email} = </msg>
<status status="PASS" starttime="20220823 22:55:24.246" endtime="20220823 22:55:24.248"/>
</kw>
<kw name="Set Test Variable" library="BuiltIn">
<arg>${password}</arg>
<doc>Makes a variable available everywhere within the scope of the current test.</doc>
<msg timestamp="20220823 22:55:24.249" level="INFO">${password} = </msg>
<status status="PASS" starttime="20220823 22:55:24.248" endtime="20220823 22:55:24.249"/>
</kw>
<status status="PASS" starttime="20220823 22:55:24.245" endtime="20220823 22:55:24.250"/>
</kw>
<kw name="When I submit that information" library="loginPage">
<kw name="Input Text" library="SeleniumLibrary">
<arg>${txtLogin}</arg>
<arg>${email}</arg>
<doc>Types the given ``text`` into the text field identified by ``locator``.</doc>
<msg timestamp="20220823 22:55:24.251" level="INFO">Typing text '' into text field 'name:username'.</msg>
<status status="PASS" starttime="20220823 22:55:24.251" endtime="20220823 22:55:24.319"/>
</kw>
<kw name="Input Text" library="SeleniumLibrary">
<arg>${txtPassword}</arg>
<arg>${password}</arg>
<doc>Types the given ``text`` into the text field identified by ``locator``.</doc>
<msg timestamp="20220823 22:55:24.320" level="INFO">Typing text '' into text field 'name:password'.</msg>
<status status="PASS" starttime="20220823 22:55:24.319" endtime="20220823 22:55:24.389"/>
</kw>
<kw name="Click Element" library="SeleniumLibrary">
<arg>${btnLogin}</arg>
<doc>Click the element identified by ``locator``.</doc>
<msg timestamp="20220823 22:55:24.389" level="INFO">Clicking element 'css:.btn-login'.</msg>
<status status="PASS" starttime="20220823 22:55:24.389" endtime="20220823 22:55:24.904"/>
</kw>
<status status="PASS" starttime="20220823 22:55:24.250" endtime="20220823 22:55:24.904"/>
</kw>
<kw name="Then I must see the message &quot;${message}&quot;" library="loginPage" sourcename="Then I must see the message &quot;${message}&quot;">
<kw name="Wait Until Element Is Visible" library="SeleniumLibrary">
<arg>${successAlert}</arg>
<doc>Waits until the element ``locator`` is visible.</doc>
<status status="PASS" starttime="20220823 22:55:24.906" endtime="20220823 22:55:24.928"/>
</kw>
<kw name="Element Should Contain" library="SeleniumLibrary">
<arg>${successAlert}</arg>
<arg>${message}</arg>
<doc>Verifies that element ``locator`` contains text ``expected``.</doc>
<msg timestamp="20220823 22:55:24.948" level="INFO">Element 'css:.flash.success,.flash.error' contains text 'O usuário informado não está cadastrado!'.</msg>
<status status="PASS" starttime="20220823 22:55:24.928" endtime="20220823 22:55:24.949"/>
</kw>
<status status="PASS" starttime="20220823 22:55:24.905" endtime="20220823 22:55:24.949"/>
</kw>
<status status="PASS" starttime="20220823 22:55:23.568" endtime="20220823 22:55:24.949"/>
</kw>
<tag>invalid</tag>
<status status="PASS" starttime="20220823 22:55:23.567" endtime="20220823 22:55:24.949"/>
</test>
<kw name="Close Session" library="BasePage" type="TEARDOWN">
<kw name="Capture Page Screenshot" library="SeleniumLibrary">
<doc>Takes a screenshot of the current page and embeds it into a log file.</doc>
<msg timestamp="20220823 22:55:25.171" level="INFO" html="true">&lt;/td&gt;&lt;/tr&gt;&lt;tr&gt;&lt;td colspan="3"&gt;&lt;a href="selenium-screenshot-1.png"&gt;&lt;img src="selenium-screenshot-1.png" width="800px"&gt;&lt;/a&gt;</msg>
<status status="PASS" starttime="20220823 22:55:24.952" endtime="20220823 22:55:25.171"/>
</kw>
<kw name="Close Browser" library="SeleniumLibrary">
<doc>Closes the current browser.</doc>
<status status="PASS" starttime="20220823 22:55:25.171" endtime="20220823 22:55:27.263"/>
</kw>
<status status="PASS" starttime="20220823 22:55:24.950" endtime="20220823 22:55:27.264"/>
</kw>
<doc>As a customer, I want to be able to login using valid information. Also I want to check all exceptions errors when
trying to login with wrong info</doc>
<status status="PASS" starttime="20220823 22:55:10.016" endtime="20220823 22:55:27.264"/>
</suite>
<status status="PASS" starttime="20220823 22:55:09.981" endtime="20220823 22:55:27.265"/>
</suite>
<statistics>
<total>
<stat pass="5" fail="0" skip="0">All Tests</stat>
</total>
<tag>
<stat pass="4" fail="0" skip="0">invalid</stat>
<stat pass="1" fail="0" skip="0">smoke</stat>
</tag>
<suite>
<stat pass="5" fail="0" skip="0" id="s1" name="Suites">Suites</stat>
<stat pass="5" fail="0" skip="0" id="s1-s1" name="Login">Suites.Login</stat>
</suite>
</statistics>
<errors>
<msg timestamp="20220823 22:55:11.059" level="WARN">Imported resource file 'C:\Projetos\RobotFramework\TrainingWheels\Resources\Pages\checkboxPage.robot' is empty.</msg>
<msg timestamp="20220823 22:55:11.060" level="WARN">Imported resource file 'C:\Projetos\RobotFramework\TrainingWheels\Resources\Pages\dropdownPage.robot' is empty.</msg>
</errors>
</robot>
