<?xml version="1.0" encoding="UTF-8"?>
<robot generator="Robot 5.0.1 (Python 3.9.11 on win32)" generated="20220823 22:54:58.402" rpa="false" schemaversion="3">
<suite id="s1" name="Suites">
<suite id="s1-s1" name="Home Test" source="C:\Projetos\RobotFramework\TrainingWheels\Tests\home_test.robot">
<kw name="Start Session" library="BasePage" type="SETUP">
<kw name="Open Browser" library="SeleniumLibrary">
<arg>about:blank</arg>
<arg>${BROWSER}</arg>
<doc>Opens a new browser instance to the optional ``url``.</doc>
<msg timestamp="20220823 22:54:59.570" level="INFO">Opening browser 'chrome' to base url 'about:blank'.</msg>
<status status="PASS" starttime="20220823 22:54:59.570" endtime="20220823 22:55:02.954"/>
</kw>
<kw name="Set Selenium Implicit Wait" library="SeleniumLibrary">
<arg>${TIMEOUT}</arg>
<doc>Sets the implicit wait value used by Selenium.</doc>
<status status="PASS" starttime="20220823 22:55:02.955" endtime="20220823 22:55:02.958"/>
</kw>
<kw name="Set Window Size" library="SeleniumLibrary">
<arg>${BROWSER_WIDTH}</arg>
<arg>${BROWSER_HEIGHT}</arg>
<doc>Sets current windows size to given ``width`` and ``height``.</doc>
<status status="PASS" starttime="20220823 22:55:02.959" endtime="20220823 22:55:03.141"/>
</kw>
<kw name="Go To" library="SeleniumLibrary">
<arg>${BASEURL}</arg>
<doc>Navigates the current browser window to the provided ``url``.</doc>
<msg timestamp="20220823 22:55:03.142" level="INFO">Opening url 'https://training-wheels-protocol.herokuapp.com'</msg>
<status status="PASS" starttime="20220823 22:55:03.142" endtime="20220823 22:55:08.116"/>
</kw>
<kw name="Get Title" library="SeleniumLibrary">
<var>${PageTitle}</var>
<doc>Returns the title of the current page.</doc>
<msg timestamp="20220823 22:55:08.123" level="INFO">${PageTitle} = Training Wheels Protocol</msg>
<status status="PASS" starttime="20220823 22:55:08.117" endtime="20220823 22:55:08.123"/>
</kw>
<kw name="Log" library="BuiltIn">
<arg>${PageTitle}</arg>
<doc>Logs the given message with the given level.</doc>
<msg timestamp="20220823 22:55:08.124" level="INFO">Training Wheels Protocol</msg>
<status status="PASS" starttime="20220823 22:55:08.124" endtime="20220823 22:55:08.124"/>
</kw>
<status status="PASS" starttime="20220823 22:54:59.569" endtime="20220823 22:55:08.125"/>
</kw>
<test id="s1-s1-t1" name="Test01: Open Login page" line="13">
<kw name="Abrir tela" library="homePage">
<arg>Login</arg>
<arg>login</arg>
<kw name="Given that I open the &quot;Training Wheels Protocol&quot;" library="homePage" sourcename="that I open the &quot;${text}&quot;">
<kw name="Go To" library="SeleniumLibrary">
<arg>${BASE_URL}</arg>
<doc>Navigates the current browser window to the provided ``url``.</doc>
<msg timestamp="20220823 22:55:08.133" level="INFO">Opening url 'https://training-wheels-protocol.herokuapp.com'</msg>
<status status="PASS" starttime="20220823 22:55:08.133" endtime="20220823 22:55:08.920"/>
</kw>
<kw name="Title Should Be" library="SeleniumLibrary">
<arg>${text}</arg>
<doc>Verifies that the current page title equals ``title``.</doc>
<msg timestamp="20220823 22:55:08.925" level="INFO">Page title is 'Training Wheels Protocol'.</msg>
<status status="PASS" starttime="20220823 22:55:08.920" endtime="20220823 22:55:08.925"/>
</kw>
<status status="PASS" starttime="20220823 22:55:08.132" endtime="20220823 22:55:08.925"/>
</kw>
<kw name="When I open &quot;${text}&quot;" library="homePage" sourcename="I open &quot;${LINK}&quot;">
<kw name="Click Element" library="SeleniumLibrary">
<arg>xpath://a[contains(text(),"${LINK}")]</arg>
<doc>Click the element identified by ``locator``.</doc>
<msg timestamp="20220823 22:55:08.928" level="INFO">Clicking element 'xpath://a[contains(text(),"Login")]'.</msg>
<status status="PASS" starttime="20220823 22:55:08.927" endtime="20220823 22:55:09.660"/>
</kw>
<status status="PASS" starttime="20220823 22:55:08.926" endtime="20220823 22:55:09.660"/>
</kw>
<kw name="Then I must see the &quot;${url}&quot; URL" library="homePage" sourcename="I must see the &quot;${url}&quot; URL">
<kw name="Wait Until Location Contains" library="SeleniumLibrary">
<arg>${url}</arg>
<doc>Waits until the current URL contains ``expected``.</doc>
<status status="PASS" starttime="20220823 22:55:09.662" endtime="20220823 22:55:09.668"/>
</kw>
<status status="PASS" starttime="20220823 22:55:09.661" endtime="20220823 22:55:09.668"/>
</kw>
<status status="PASS" starttime="20220823 22:55:08.129" endtime="20220823 22:55:09.669"/>
</kw>
<tag>smoke</tag>
<status status="PASS" starttime="20220823 22:55:08.126" endtime="20220823 22:55:09.669"/>
</test>
<test id="s1-s1-t2" name="Test02: Open Dropdown page" line="16">
<kw name="Abrir tela" library="homePage">
<arg>Dropdown</arg>
<arg>dropdown</arg>
<kw name="Given that I open the &quot;Training Wheels Protocol&quot;" library="homePage" sourcename="that I open the &quot;${text}&quot;">
<kw name="Go To" library="SeleniumLibrary">
<arg>${BASE_URL}</arg>
<doc>Navigates the current browser window to the provided ``url``.</doc>
<msg timestamp="20220823 22:55:09.675" level="INFO">Opening url 'https://training-wheels-protocol.herokuapp.com'</msg>
<status status="PASS" starttime="20220823 22:55:09.675" endtime="20220823 22:55:09.926"/>
</kw>
<kw name="Title Should Be" library="SeleniumLibrary">
<arg>${text}</arg>
<doc>Verifies that the current page title equals ``title``.</doc>
<msg timestamp="20220823 22:55:09.934" level="INFO">Page title is 'Training Wheels Protocol'.</msg>
<status status="PASS" starttime="20220823 22:55:09.927" endtime="20220823 22:55:09.934"/>
</kw>
<status status="PASS" starttime="20220823 22:55:09.674" endtime="20220823 22:55:09.934"/>
</kw>
<kw name="When I open &quot;${text}&quot;" library="homePage" sourcename="I open &quot;${LINK}&quot;">
<kw name="Click Element" library="SeleniumLibrary">
<arg>xpath://a[contains(text(),"${LINK}")]</arg>
<doc>Click the element identified by ``locator``.</doc>
<msg timestamp="20220823 22:55:09.937" level="INFO">Clicking element 'xpath://a[contains(text(),"Dropdown")]'.</msg>
<status status="PASS" starttime="20220823 22:55:09.936" endtime="20220823 22:55:10.232"/>
</kw>
<status status="PASS" starttime="20220823 22:55:09.935" endtime="20220823 22:55:10.232"/>
</kw>
<kw name="Then I must see the &quot;${url}&quot; URL" library="homePage" sourcename="I must see the &quot;${url}&quot; URL">
<kw name="Wait Until Location Contains" library="SeleniumLibrary">
<arg>${url}</arg>
<doc>Waits until the current URL contains ``expected``.</doc>
<status status="PASS" starttime="20220823 22:55:10.234" endtime="20220823 22:55:10.242"/>
</kw>
<status status="PASS" starttime="20220823 22:55:10.233" endtime="20220823 22:55:10.242"/>
</kw>
<status status="PASS" starttime="20220823 22:55:09.673" endtime="20220823 22:55:10.242"/>
</kw>
<status status="PASS" starttime="20220823 22:55:09.671" endtime="20220823 22:55:10.243"/>
</test>
<test id="s1-s1-t3" name="Test03: Open Checkboxes page" line="17">
<kw name="Abrir tela" library="homePage">
<arg>Checkboxes</arg>
<arg>checkboxes</arg>
<kw name="Given that I open the &quot;Training Wheels Protocol&quot;" library="homePage" sourcename="that I open the &quot;${text}&quot;">
<kw name="Go To" library="SeleniumLibrary">
<arg>${BASE_URL}</arg>
<doc>Navigates the current browser window to the provided ``url``.</doc>
<msg timestamp="20220823 22:55:10.248" level="INFO">Opening url 'https://training-wheels-protocol.herokuapp.com'</msg>
<status status="PASS" starttime="20220823 22:55:10.247" endtime="20220823 22:55:10.551"/>
</kw>
<kw name="Title Should Be" library="SeleniumLibrary">
<arg>${text}</arg>
<doc>Verifies that the current page title equals ``title``.</doc>
<msg timestamp="20220823 22:55:10.565" level="INFO">Page title is 'Training Wheels Protocol'.</msg>
<status status="PASS" starttime="20220823 22:55:10.551" endtime="20220823 22:55:10.565"/>
</kw>
<status status="PASS" starttime="20220823 22:55:10.245" endtime="20220823 22:55:10.566"/>
</kw>
<kw name="When I open &quot;${text}&quot;" library="homePage" sourcename="I open &quot;${LINK}&quot;">
<kw name="Click Element" library="SeleniumLibrary">
<arg>xpath://a[contains(text(),"${LINK}")]</arg>
<doc>Click the element identified by ``locator``.</doc>
<msg timestamp="20220823 22:55:10.570" level="INFO">Clicking element 'xpath://a[contains(text(),"Checkboxes")]'.</msg>
<status status="PASS" starttime="20220823 22:55:10.568" endtime="20220823 22:55:10.883"/>
</kw>
<status status="PASS" starttime="20220823 22:55:10.566" endtime="20220823 22:55:10.883"/>
</kw>
<kw name="Then I must see the &quot;${url}&quot; URL" library="homePage" sourcename="I must see the &quot;${url}&quot; URL">
<kw name="Wait Until Location Contains" library="SeleniumLibrary">
<arg>${url}</arg>
<doc>Waits until the current URL contains ``expected``.</doc>
<status status="PASS" starttime="20220823 22:55:10.884" endtime="20220823 22:55:10.894"/>
</kw>
<status status="PASS" starttime="20220823 22:55:10.883" endtime="20220823 22:55:10.895"/>
</kw>
<status status="PASS" starttime="20220823 22:55:10.245" endtime="20220823 22:55:10.895"/>
</kw>
<status status="PASS" starttime="20220823 22:55:10.243" endtime="20220823 22:55:10.895"/>
</test>
<test id="s1-s1-t4" name="Test04: Open Radio Buttons page" line="18">
<kw name="Abrir tela" library="homePage">
<arg>Radio Buttons</arg>
<arg>radio</arg>
<kw name="Given that I open the &quot;Training Wheels Protocol&quot;" library="homePage" sourcename="that I open the &quot;${text}&quot;">
<kw name="Go To" library="SeleniumLibrary">
<arg>${BASE_URL}</arg>
<doc>Navigates the current browser window to the provided ``url``.</doc>
<msg timestamp="20220823 22:55:10.898" level="INFO">Opening url 'https://training-wheels-protocol.herokuapp.com'</msg>
<status status="PASS" starttime="20220823 22:55:10.897" endtime="20220823 22:55:11.244"/>
</kw>
<kw name="Title Should Be" library="SeleniumLibrary">
<arg>${text}</arg>
<doc>Verifies that the current page title equals ``title``.</doc>
<msg timestamp="20220823 22:55:11.250" level="INFO">Page title is 'Training Wheels Protocol'.</msg>
<status status="PASS" starttime="20220823 22:55:11.245" endtime="20220823 22:55:11.250"/>
</kw>
<status status="PASS" starttime="20220823 22:55:10.897" endtime="20220823 22:55:11.251"/>
</kw>
<kw name="When I open &quot;${text}&quot;" library="homePage" sourcename="I open &quot;${LINK}&quot;">
<kw name="Click Element" library="SeleniumLibrary">
<arg>xpath://a[contains(text(),"${LINK}")]</arg>
<doc>Click the element identified by ``locator``.</doc>
<msg timestamp="20220823 22:55:11.252" level="INFO">Clicking element 'xpath://a[contains(text(),"Radio Buttons")]'.</msg>
<status status="PASS" starttime="20220823 22:55:11.252" endtime="20220823 22:55:12.560"/>
</kw>
<status status="PASS" starttime="20220823 22:55:11.251" endtime="20220823 22:55:12.561"/>
</kw>
<kw name="Then I must see the &quot;${url}&quot; URL" library="homePage" sourcename="I must see the &quot;${url}&quot; URL">
<kw name="Wait Until Location Contains" library="SeleniumLibrary">
<arg>${url}</arg>
<doc>Waits until the current URL contains ``expected``.</doc>
<status status="PASS" starttime="20220823 22:55:12.562" endtime="20220823 22:55:12.567"/>
</kw>
<status status="PASS" starttime="20220823 22:55:12.561" endtime="20220823 22:55:12.567"/>
</kw>
<status status="PASS" starttime="20220823 22:55:10.896" endtime="20220823 22:55:12.590"/>
</kw>
<status status="PASS" starttime="20220823 22:55:10.896" endtime="20220823 22:55:12.591"/>
</test>
<test id="s1-s1-t5" name="Test05: Open Drag and Drop page" line="19">
<kw name="Abrir tela" library="homePage">
<arg>Drag and Drop</arg>
<arg>drag</arg>
<kw name="Given that I open the &quot;Training Wheels Protocol&quot;" library="homePage" sourcename="that I open the &quot;${text}&quot;">
<kw name="Go To" library="SeleniumLibrary">
<arg>${BASE_URL}</arg>
<doc>Navigates the current browser window to the provided ``url``.</doc>
<msg timestamp="20220823 22:55:12.598" level="INFO">Opening url 'https://training-wheels-protocol.herokuapp.com'</msg>
<status status="PASS" starttime="20220823 22:55:12.596" endtime="20220823 22:55:12.937"/>
</kw>
<kw name="Title Should Be" library="SeleniumLibrary">
<arg>${text}</arg>
<doc>Verifies that the current page title equals ``title``.</doc>
<msg timestamp="20220823 22:55:12.949" level="INFO">Page title is 'Training Wheels Protocol'.</msg>
<status status="PASS" starttime="20220823 22:55:12.938" endtime="20220823 22:55:12.949"/>
</kw>
<status status="PASS" starttime="20220823 22:55:12.596" endtime="20220823 22:55:12.950"/>
</kw>
<kw name="When I open &quot;${text}&quot;" library="homePage" sourcename="I open &quot;${LINK}&quot;">
<kw name="Click Element" library="SeleniumLibrary">
<arg>xpath://a[contains(text(),"${LINK}")]</arg>
<doc>Click the element identified by ``locator``.</doc>
<msg timestamp="20220823 22:55:12.952" level="INFO">Clicking element 'xpath://a[contains(text(),"Drag and Drop")]'.</msg>
<status status="PASS" starttime="20220823 22:55:12.952" endtime="20220823 22:55:14.622"/>
</kw>
<status status="PASS" starttime="20220823 22:55:12.950" endtime="20220823 22:55:14.622"/>
</kw>
<kw name="Then I must see the &quot;${url}&quot; URL" library="homePage" sourcename="I must see the &quot;${url}&quot; URL">
<kw name="Wait Until Location Contains" library="SeleniumLibrary">
<arg>${url}</arg>
<doc>Waits until the current URL contains ``expected``.</doc>
<status status="PASS" starttime="20220823 22:55:14.688" endtime="20220823 22:55:14.695"/>
</kw>
<status status="PASS" starttime="20220823 22:55:14.687" endtime="20220823 22:55:14.695"/>
</kw>
<status status="PASS" starttime="20220823 22:55:12.594" endtime="20220823 22:55:14.695"/>
</kw>
<status status="PASS" starttime="20220823 22:55:12.592" endtime="20220823 22:55:14.696"/>
</test>
<test id="s1-s1-t6" name="Test06: Open Select2 - Uma opção page" line="20">
<kw name="Abrir tela" library="homePage">
<arg>Select2 - Uma opção</arg>
<arg>single</arg>
<kw name="Given that I open the &quot;Training Wheels Protocol&quot;" library="homePage" sourcename="that I open the &quot;${text}&quot;">
<kw name="Go To" library="SeleniumLibrary">
<arg>${BASE_URL}</arg>
<doc>Navigates the current browser window to the provided ``url``.</doc>
<msg timestamp="20220823 22:55:14.753" level="INFO">Opening url 'https://training-wheels-protocol.herokuapp.com'</msg>
<status status="PASS" starttime="20220823 22:55:14.753" endtime="20220823 22:55:14.994"/>
</kw>
<kw name="Title Should Be" library="SeleniumLibrary">
<arg>${text}</arg>
<doc>Verifies that the current page title equals ``title``.</doc>
<msg timestamp="20220823 22:55:15.000" level="INFO">Page title is 'Training Wheels Protocol'.</msg>
<status status="PASS" starttime="20220823 22:55:14.995" endtime="20220823 22:55:15.016"/>
</kw>
<status status="PASS" starttime="20220823 22:55:14.753" endtime="20220823 22:55:15.017"/>
</kw>
<kw name="When I open &quot;${text}&quot;" library="homePage" sourcename="I open &quot;${LINK}&quot;">
<kw name="Click Element" library="SeleniumLibrary">
<arg>xpath://a[contains(text(),"${LINK}")]</arg>
<doc>Click the element identified by ``locator``.</doc>
<msg timestamp="20220823 22:55:15.019" level="INFO">Clicking element 'xpath://a[contains(text(),"Select2 - Uma opção")]'.</msg>
<status status="PASS" starttime="20220823 22:55:15.018" endtime="20220823 22:55:19.000"/>
</kw>
<status status="PASS" starttime="20220823 22:55:15.017" endtime="20220823 22:55:19.001"/>
</kw>
<kw name="Then I must see the &quot;${url}&quot; URL" library="homePage" sourcename="I must see the &quot;${url}&quot; URL">
<kw name="Wait Until Location Contains" library="SeleniumLibrary">
<arg>${url}</arg>
<doc>Waits until the current URL contains ``expected``.</doc>
<status status="PASS" starttime="20220823 22:55:19.003" endtime="20220823 22:55:19.018"/>
</kw>
<status status="PASS" starttime="20220823 22:55:19.002" endtime="20220823 22:55:19.019"/>
</kw>
<status status="PASS" starttime="20220823 22:55:14.752" endtime="20220823 22:55:19.019"/>
</kw>
<status status="PASS" starttime="20220823 22:55:14.752" endtime="20220823 22:55:19.021"/>
</test>
<test id="s1-s1-t7" name="Test07: Open Select2 - Multiplas opções page" line="21">
<kw name="Abrir tela" library="homePage">
<arg>Select2 - Multiplas opções</arg>
<arg>multi</arg>
<kw name="Given that I open the &quot;Training Wheels Protocol&quot;" library="homePage" sourcename="that I open the &quot;${text}&quot;">
<kw name="Go To" library="SeleniumLibrary">
<arg>${BASE_URL}</arg>
<doc>Navigates the current browser window to the provided ``url``.</doc>
<msg timestamp="20220823 22:55:19.025" level="INFO">Opening url 'https://training-wheels-protocol.herokuapp.com'</msg>
<status status="PASS" starttime="20220823 22:55:19.024" endtime="20220823 22:55:19.310"/>
</kw>
<kw name="Title Should Be" library="SeleniumLibrary">
<arg>${text}</arg>
<doc>Verifies that the current page title equals ``title``.</doc>
<msg timestamp="20220823 22:55:19.316" level="INFO">Page title is 'Training Wheels Protocol'.</msg>
<status status="PASS" starttime="20220823 22:55:19.310" endtime="20220823 22:55:19.316"/>
</kw>
<status status="PASS" starttime="20220823 22:55:19.024" endtime="20220823 22:55:19.317"/>
</kw>
<kw name="When I open &quot;${text}&quot;" library="homePage" sourcename="I open &quot;${LINK}&quot;">
<kw name="Click Element" library="SeleniumLibrary">
<arg>xpath://a[contains(text(),"${LINK}")]</arg>
<doc>Click the element identified by ``locator``.</doc>
<msg timestamp="20220823 22:55:19.319" level="INFO">Clicking element 'xpath://a[contains(text(),"Select2 - Multiplas opções")]'.</msg>
<status status="PASS" starttime="20220823 22:55:19.319" endtime="20220823 22:55:19.646"/>
</kw>
<status status="PASS" starttime="20220823 22:55:19.317" endtime="20220823 22:55:19.647"/>
</kw>
<kw name="Then I must see the &quot;${url}&quot; URL" library="homePage" sourcename="I must see the &quot;${url}&quot; URL">
<kw name="Wait Until Location Contains" library="SeleniumLibrary">
<arg>${url}</arg>
<doc>Waits until the current URL contains ``expected``.</doc>
<status status="PASS" starttime="20220823 22:55:19.648" endtime="20220823 22:55:19.660"/>
</kw>
<status status="PASS" starttime="20220823 22:55:19.647" endtime="20220823 22:55:19.660"/>
</kw>
<status status="PASS" starttime="20220823 22:55:19.023" endtime="20220823 22:55:19.660"/>
</kw>
<status status="PASS" starttime="20220823 22:55:19.022" endtime="20220823 22:55:19.660"/>
</test>
<test id="s1-s1-t8" name="Test08: Open Controle Dinâmico page" line="22">
<kw name="Abrir tela" library="homePage">
<arg>Controle Dinâmico</arg>
<arg>dynamic</arg>
<kw name="Given that I open the &quot;Training Wheels Protocol&quot;" library="homePage" sourcename="that I open the &quot;${text}&quot;">
<kw name="Go To" library="SeleniumLibrary">
<arg>${BASE_URL}</arg>
<doc>Navigates the current browser window to the provided ``url``.</doc>
<msg timestamp="20220823 22:55:19.666" level="INFO">Opening url 'https://training-wheels-protocol.herokuapp.com'</msg>
<status status="PASS" starttime="20220823 22:55:19.665" endtime="20220823 22:55:19.963"/>
</kw>
<kw name="Title Should Be" library="SeleniumLibrary">
<arg>${text}</arg>
<doc>Verifies that the current page title equals ``title``.</doc>
<msg timestamp="20220823 22:55:19.970" level="INFO">Page title is 'Training Wheels Protocol'.</msg>
<status status="PASS" starttime="20220823 22:55:19.963" endtime="20220823 22:55:19.970"/>
</kw>
<status status="PASS" starttime="20220823 22:55:19.664" endtime="20220823 22:55:19.970"/>
</kw>
<kw name="When I open &quot;${text}&quot;" library="homePage" sourcename="I open &quot;${LINK}&quot;">
<kw name="Click Element" library="SeleniumLibrary">
<arg>xpath://a[contains(text(),"${LINK}")]</arg>
<doc>Click the element identified by ``locator``.</doc>
<msg timestamp="20220823 22:55:19.972" level="INFO">Clicking element 'xpath://a[contains(text(),"Controle Dinâmico")]'.</msg>
<status status="PASS" starttime="20220823 22:55:19.971" endtime="20220823 22:55:20.693"/>
</kw>
<status status="PASS" starttime="20220823 22:55:19.970" endtime="20220823 22:55:20.693"/>
</kw>
<kw name="Then I must see the &quot;${url}&quot; URL" library="homePage" sourcename="I must see the &quot;${url}&quot; URL">
<kw name="Wait Until Location Contains" library="SeleniumLibrary">
<arg>${url}</arg>
<doc>Waits until the current URL contains ``expected``.</doc>
<status status="PASS" starttime="20220823 22:55:20.694" endtime="20220823 22:55:20.699"/>
</kw>
<status status="PASS" starttime="20220823 22:55:20.693" endtime="20220823 22:55:20.699"/>
</kw>
<status status="PASS" starttime="20220823 22:55:19.663" endtime="20220823 22:55:20.700"/>
</kw>
<status status="PASS" starttime="20220823 22:55:19.662" endtime="20220823 22:55:20.700"/>
</test>
<test id="s1-s1-t9" name="Test09: Open Upload de arquivos page" line="23">
<kw name="Abrir tela" library="homePage">
<arg>Upload de arquivos</arg>
<arg>upload</arg>
<kw name="Given that I open the &quot;Training Wheels Protocol&quot;" library="homePage" sourcename="that I open the &quot;${text}&quot;">
<kw name="Go To" library="SeleniumLibrary">
<arg>${BASE_URL}</arg>
<doc>Navigates the current browser window to the provided ``url``.</doc>
<msg timestamp="20220823 22:55:20.703" level="INFO">Opening url 'https://training-wheels-protocol.herokuapp.com'</msg>
<status status="PASS" starttime="20220823 22:55:20.703" endtime="20220823 22:55:20.982"/>
</kw>
<kw name="Title Should Be" library="SeleniumLibrary">
<arg>${text}</arg>
<doc>Verifies that the current page title equals ``title``.</doc>
<msg timestamp="20220823 22:55:20.989" level="INFO">Page title is 'Training Wheels Protocol'.</msg>
<status status="PASS" starttime="20220823 22:55:20.982" endtime="20220823 22:55:20.989"/>
</kw>
<status status="PASS" starttime="20220823 22:55:20.702" endtime="20220823 22:55:21.031"/>
</kw>
<kw name="When I open &quot;${text}&quot;" library="homePage" sourcename="I open &quot;${LINK}&quot;">
<kw name="Click Element" library="SeleniumLibrary">
<arg>xpath://a[contains(text(),"${LINK}")]</arg>
<doc>Click the element identified by ``locator``.</doc>
<msg timestamp="20220823 22:55:21.033" level="INFO">Clicking element 'xpath://a[contains(text(),"Upload de arquivos")]'.</msg>
<status status="PASS" starttime="20220823 22:55:21.032" endtime="20220823 22:55:21.719"/>
</kw>
<status status="PASS" starttime="20220823 22:55:21.031" endtime="20220823 22:55:21.719"/>
</kw>
<kw name="Then I must see the &quot;${url}&quot; URL" library="homePage" sourcename="I must see the &quot;${url}&quot; URL">
<kw name="Wait Until Location Contains" library="SeleniumLibrary">
<arg>${url}</arg>
<doc>Waits until the current URL contains ``expected``.</doc>
<status status="PASS" starttime="20220823 22:55:21.720" endtime="20220823 22:55:21.725"/>
</kw>
<status status="PASS" starttime="20220823 22:55:21.719" endtime="20220823 22:55:21.725"/>
</kw>
<status status="PASS" starttime="20220823 22:55:20.701" endtime="20220823 22:55:21.725"/>
</kw>
<status status="PASS" starttime="20220823 22:55:20.700" endtime="20220823 22:55:21.725"/>
</test>
<test id="s1-s1-t10" name="Test10: Open Login com campo randômico page" line="24">
<kw name="Abrir tela" library="homePage">
<arg>Login com campo randômico</arg>
<arg>login2</arg>
<kw name="Given that I open the &quot;Training Wheels Protocol&quot;" library="homePage" sourcename="that I open the &quot;${text}&quot;">
<kw name="Go To" library="SeleniumLibrary">
<arg>${BASE_URL}</arg>
<doc>Navigates the current browser window to the provided ``url``.</doc>
<msg timestamp="20220823 22:55:21.729" level="INFO">Opening url 'https://training-wheels-protocol.herokuapp.com'</msg>
<status status="PASS" starttime="20220823 22:55:21.728" endtime="20220823 22:55:22.009"/>
</kw>
<kw name="Title Should Be" library="SeleniumLibrary">
<arg>${text}</arg>
<doc>Verifies that the current page title equals ``title``.</doc>
<msg timestamp="20220823 22:55:22.016" level="INFO">Page title is 'Training Wheels Protocol'.</msg>
<status status="PASS" starttime="20220823 22:55:22.009" endtime="20220823 22:55:22.017"/>
</kw>
<status status="PASS" starttime="20220823 22:55:21.727" endtime="20220823 22:55:22.017"/>
</kw>
<kw name="When I open &quot;${text}&quot;" library="homePage" sourcename="I open &quot;${LINK}&quot;">
<kw name="Click Element" library="SeleniumLibrary">
<arg>xpath://a[contains(text(),"${LINK}")]</arg>
<doc>Click the element identified by ``locator``.</doc>
<msg timestamp="20220823 22:55:22.019" level="INFO">Clicking element 'xpath://a[contains(text(),"Login com campo randômico")]'.</msg>
<status status="PASS" starttime="20220823 22:55:22.018" endtime="20220823 22:55:22.427"/>
</kw>
<status status="PASS" starttime="20220823 22:55:22.018" endtime="20220823 22:55:22.428"/>
</kw>
<kw name="Then I must see the &quot;${url}&quot; URL" library="homePage" sourcename="I must see the &quot;${url}&quot; URL">
<kw name="Wait Until Location Contains" library="SeleniumLibrary">
<arg>${url}</arg>
<doc>Waits until the current URL contains ``expected``.</doc>
<status status="PASS" starttime="20220823 22:55:22.430" endtime="20220823 22:55:22.454"/>
</kw>
<status status="PASS" starttime="20220823 22:55:22.429" endtime="20220823 22:55:22.454"/>
</kw>
<status status="PASS" starttime="20220823 22:55:21.727" endtime="20220823 22:55:22.454"/>
</kw>
<status status="PASS" starttime="20220823 22:55:21.726" endtime="20220823 22:55:22.455"/>
</test>
<kw name="Close Session" library="BasePage" type="TEARDOWN">
<kw name="Capture Page Screenshot" library="SeleniumLibrary">
<doc>Takes a screenshot of the current page and embeds it into a log file.</doc>
<msg timestamp="20220823 22:55:22.769" level="INFO" html="true">&lt;/td&gt;&lt;/tr&gt;&lt;tr&gt;&lt;td colspan="3"&gt;&lt;a href="selenium-screenshot-1.png"&gt;&lt;img src="selenium-screenshot-1.png" width="800px"&gt;&lt;/a&gt;</msg>
<status status="PASS" starttime="20220823 22:55:22.459" endtime="20220823 22:55:22.769"/>
</kw>
<kw name="Close Browser" library="SeleniumLibrary">
<doc>Closes the current browser.</doc>
<status status="PASS" starttime="20220823 22:55:22.770" endtime="20220823 22:55:24.946"/>
</kw>
<status status="PASS" starttime="20220823 22:55:22.457" endtime="20220823 22:55:24.947"/>
</kw>
<doc>Home page navigation</doc>
<status status="PASS" starttime="20220823 22:54:58.426" endtime="20220823 22:55:24.947"/>
</suite>
<status status="PASS" starttime="20220823 22:54:58.412" endtime="20220823 22:55:24.951"/>
</suite>
<statistics>
<total>
<stat pass="10" fail="0" skip="0">All Tests</stat>
</total>
<tag>
<stat pass="1" fail="0" skip="0">smoke</stat>
</tag>
<suite>
<stat pass="10" fail="0" skip="0" id="s1" name="Suites">Suites</stat>
<stat pass="10" fail="0" skip="0" id="s1-s1" name="Home Test">Suites.Home Test</stat>
</suite>
</statistics>
<errors>
<msg timestamp="20220823 22:54:59.558" level="WARN">Imported resource file 'C:\Projetos\RobotFramework\TrainingWheels\Resources\Pages\checkboxPage.robot' is empty.</msg>
<msg timestamp="20220823 22:54:59.559" level="WARN">Imported resource file 'C:\Projetos\RobotFramework\TrainingWheels\Resources\Pages\dropdownPage.robot' is empty.</msg>
</errors>
</robot>
