<?xml version="1.0" encoding="UTF-8"?>
<robot generator="Robot 5.0.1 (Python 3.9.11 on win32)" generated="20220823 22:54:58.403" rpa="false" schemaversion="3">
<suite id="s1" name="Suites">
<suite id="s1-s1" name="Home Test2" source="C:\Projetos\RobotFramework\TrainingWheels\Tests\home_test2.robot">
<kw name="Start Session" library="BasePage" type="SETUP">
<kw name="Open Browser" library="SeleniumLibrary">
<arg>about:blank</arg>
<arg>${BROWSER}</arg>
<doc>Opens a new browser instance to the optional ``url``.</doc>
<msg timestamp="20220823 22:54:59.577" level="INFO">Opening browser 'chrome' to base url 'about:blank'.</msg>
<status status="PASS" starttime="20220823 22:54:59.577" endtime="20220823 22:55:02.954"/>
</kw>
<kw name="Set Selenium Implicit Wait" library="SeleniumLibrary">
<arg>${TIMEOUT}</arg>
<doc>Sets the implicit wait value used by Selenium.</doc>
<status status="PASS" starttime="20220823 22:55:02.955" endtime="20220823 22:55:02.957"/>
</kw>
<kw name="Set Window Size" library="SeleniumLibrary">
<arg>${BROWSER_WIDTH}</arg>
<arg>${BROWSER_HEIGHT}</arg>
<doc>Sets current windows size to given ``width`` and ``height``.</doc>
<status status="PASS" starttime="20220823 22:55:02.958" endtime="20220823 22:55:03.141"/>
</kw>
<kw name="Go To" library="SeleniumLibrary">
<arg>${BASEURL}</arg>
<doc>Navigates the current browser window to the provided ``url``.</doc>
<msg timestamp="20220823 22:55:03.142" level="INFO">Opening url 'https://training-wheels-protocol.herokuapp.com'</msg>
<status status="PASS" starttime="20220823 22:55:03.142" endtime="20220823 22:55:08.830"/>
</kw>
<kw name="Get Title" library="SeleniumLibrary">
<var>${PageTitle}</var>
<doc>Returns the title of the current page.</doc>
<msg timestamp="20220823 22:55:08.838" level="INFO">${PageTitle} = Training Wheels Protocol</msg>
<status status="PASS" starttime="20220823 22:55:08.831" endtime="20220823 22:55:08.839"/>
</kw>
<kw name="Log" library="BuiltIn">
<arg>${PageTitle}</arg>
<doc>Logs the given message with the given level.</doc>
<msg timestamp="20220823 22:55:08.841" level="INFO">Training Wheels Protocol</msg>
<status status="PASS" starttime="20220823 22:55:08.840" endtime="20220823 22:55:08.841"/>
</kw>
<status status="PASS" starttime="20220823 22:54:59.576" endtime="20220823 22:55:08.841"/>
</kw>
<test id="s1-s1-t1" name="Test11: Open Login com Cadastro page" line="14">
<kw name="Abrir tela" library="homePage">
<arg>Login com Cadastro</arg>
<arg>access</arg>
<kw name="Given that I open the &quot;Training Wheels Protocol&quot;" library="homePage" sourcename="that I open the &quot;${text}&quot;">
<kw name="Go To" library="SeleniumLibrary">
<arg>${BASE_URL}</arg>
<doc>Navigates the current browser window to the provided ``url``.</doc>
<msg timestamp="20220823 22:55:08.849" level="INFO">Opening url 'https://training-wheels-protocol.herokuapp.com'</msg>
<status status="PASS" starttime="20220823 22:55:08.849" endtime="20220823 22:55:09.097"/>
</kw>
<kw name="Title Should Be" library="SeleniumLibrary">
<arg>${text}</arg>
<doc>Verifies that the current page title equals ``title``.</doc>
<msg timestamp="20220823 22:55:09.104" level="INFO">Page title is 'Training Wheels Protocol'.</msg>
<status status="PASS" starttime="20220823 22:55:09.098" endtime="20220823 22:55:09.104"/>
</kw>
<status status="PASS" starttime="20220823 22:55:08.848" endtime="20220823 22:55:09.104"/>
</kw>
<kw name="When I open &quot;${text}&quot;" library="homePage" sourcename="I open &quot;${LINK}&quot;">
<kw name="Click Element" library="SeleniumLibrary">
<arg>xpath://a[contains(text(),"${LINK}")]</arg>
<doc>Click the element identified by ``locator``.</doc>
<msg timestamp="20220823 22:55:09.108" level="INFO">Clicking element 'xpath://a[contains(text(),"Login com Cadastro")]'.</msg>
<status status="PASS" starttime="20220823 22:55:09.107" endtime="20220823 22:55:09.999"/>
</kw>
<status status="PASS" starttime="20220823 22:55:09.105" endtime="20220823 22:55:09.999"/>
</kw>
<kw name="Then I must see the &quot;${url}&quot; URL" library="homePage" sourcename="I must see the &quot;${url}&quot; URL">
<kw name="Wait Until Location Contains" library="SeleniumLibrary">
<arg>${url}</arg>
<doc>Waits until the current URL contains ``expected``.</doc>
<status status="PASS" starttime="20220823 22:55:10.000" endtime="20220823 22:55:10.004"/>
</kw>
<status status="PASS" starttime="20220823 22:55:09.999" endtime="20220823 22:55:10.004"/>
</kw>
<status status="PASS" starttime="20220823 22:55:08.847" endtime="20220823 22:55:10.004"/>
</kw>
<status status="PASS" starttime="20220823 22:55:08.844" endtime="20220823 22:55:10.005"/>
</test>
<test id="s1-s1-t2" name="Test12: Open iFrame Bom page" line="15">
<kw name="Abrir tela" library="homePage">
<arg>iFrame Bom</arg>
<arg>nice</arg>
<kw name="Given that I open the &quot;Training Wheels Protocol&quot;" library="homePage" sourcename="that I open the &quot;${text}&quot;">
<kw name="Go To" library="SeleniumLibrary">
<arg>${BASE_URL}</arg>
<doc>Navigates the current browser window to the provided ``url``.</doc>
<msg timestamp="20220823 22:55:10.015" level="INFO">Opening url 'https://training-wheels-protocol.herokuapp.com'</msg>
<status status="PASS" starttime="20220823 22:55:10.014" endtime="20220823 22:55:10.273"/>
</kw>
<kw name="Title Should Be" library="SeleniumLibrary">
<arg>${text}</arg>
<doc>Verifies that the current page title equals ``title``.</doc>
<msg timestamp="20220823 22:55:10.283" level="INFO">Page title is 'Training Wheels Protocol'.</msg>
<status status="PASS" starttime="20220823 22:55:10.274" endtime="20220823 22:55:10.283"/>
</kw>
<status status="PASS" starttime="20220823 22:55:10.013" endtime="20220823 22:55:10.283"/>
</kw>
<kw name="When I open &quot;${text}&quot;" library="homePage" sourcename="I open &quot;${LINK}&quot;">
<kw name="Click Element" library="SeleniumLibrary">
<arg>xpath://a[contains(text(),"${LINK}")]</arg>
<doc>Click the element identified by ``locator``.</doc>
<msg timestamp="20220823 22:55:10.284" level="INFO">Clicking element 'xpath://a[contains(text(),"iFrame Bom")]'.</msg>
<status status="PASS" starttime="20220823 22:55:10.284" endtime="20220823 22:55:14.395"/>
</kw>
<status status="PASS" starttime="20220823 22:55:10.283" endtime="20220823 22:55:14.395"/>
</kw>
<kw name="Then I must see the &quot;${url}&quot; URL" library="homePage" sourcename="I must see the &quot;${url}&quot; URL">
<kw name="Wait Until Location Contains" library="SeleniumLibrary">
<arg>${url}</arg>
<doc>Waits until the current URL contains ``expected``.</doc>
<status status="PASS" starttime="20220823 22:55:14.396" endtime="20220823 22:55:14.400"/>
</kw>
<status status="PASS" starttime="20220823 22:55:14.395" endtime="20220823 22:55:14.401"/>
</kw>
<status status="PASS" starttime="20220823 22:55:10.012" endtime="20220823 22:55:14.401"/>
</kw>
<status status="PASS" starttime="20220823 22:55:10.005" endtime="20220823 22:55:14.401"/>
</test>
<test id="s1-s1-t3" name="Test13: Open iFrame Ruim page" line="16">
<kw name="Abrir tela" library="homePage">
<arg>iFrame Ruim</arg>
<arg>bad</arg>
<kw name="Given that I open the &quot;Training Wheels Protocol&quot;" library="homePage" sourcename="that I open the &quot;${text}&quot;">
<kw name="Go To" library="SeleniumLibrary">
<arg>${BASE_URL}</arg>
<doc>Navigates the current browser window to the provided ``url``.</doc>
<msg timestamp="20220823 22:55:14.405" level="INFO">Opening url 'https://training-wheels-protocol.herokuapp.com'</msg>
<status status="PASS" starttime="20220823 22:55:14.404" endtime="20220823 22:55:16.118"/>
</kw>
<kw name="Title Should Be" library="SeleniumLibrary">
<arg>${text}</arg>
<doc>Verifies that the current page title equals ``title``.</doc>
<msg timestamp="20220823 22:55:16.127" level="INFO">Page title is 'Training Wheels Protocol'.</msg>
<status status="PASS" starttime="20220823 22:55:16.120" endtime="20220823 22:55:16.127"/>
</kw>
<status status="PASS" starttime="20220823 22:55:14.404" endtime="20220823 22:55:16.128"/>
</kw>
<kw name="When I open &quot;${text}&quot;" library="homePage" sourcename="I open &quot;${LINK}&quot;">
<kw name="Click Element" library="SeleniumLibrary">
<arg>xpath://a[contains(text(),"${LINK}")]</arg>
<doc>Click the element identified by ``locator``.</doc>
<msg timestamp="20220823 22:55:16.131" level="INFO">Clicking element 'xpath://a[contains(text(),"iFrame Ruim")]'.</msg>
<status status="PASS" starttime="20220823 22:55:16.130" endtime="20220823 22:55:18.474"/>
</kw>
<status status="PASS" starttime="20220823 22:55:16.128" endtime="20220823 22:55:18.474"/>
</kw>
<kw name="Then I must see the &quot;${url}&quot; URL" library="homePage" sourcename="I must see the &quot;${url}&quot; URL">
<kw name="Wait Until Location Contains" library="SeleniumLibrary">
<arg>${url}</arg>
<doc>Waits until the current URL contains ``expected``.</doc>
<status status="PASS" starttime="20220823 22:55:18.475" endtime="20220823 22:55:18.481"/>
</kw>
<status status="PASS" starttime="20220823 22:55:18.474" endtime="20220823 22:55:18.481"/>
</kw>
<status status="PASS" starttime="20220823 22:55:14.403" endtime="20220823 22:55:18.481"/>
</kw>
<status status="PASS" starttime="20220823 22:55:14.402" endtime="20220823 22:55:18.481"/>
</test>
<test id="s1-s1-t4" name="Test14: Open Hovers page" line="17">
<kw name="Abrir tela" library="homePage">
<arg>Hovers</arg>
<arg>hovers</arg>
<kw name="Given that I open the &quot;Training Wheels Protocol&quot;" library="homePage" sourcename="that I open the &quot;${text}&quot;">
<kw name="Go To" library="SeleniumLibrary">
<arg>${BASE_URL}</arg>
<doc>Navigates the current browser window to the provided ``url``.</doc>
<msg timestamp="20220823 22:55:18.486" level="INFO">Opening url 'https://training-wheels-protocol.herokuapp.com'</msg>
<status status="PASS" starttime="20220823 22:55:18.485" endtime="20220823 22:55:19.171"/>
</kw>
<kw name="Title Should Be" library="SeleniumLibrary">
<arg>${text}</arg>
<doc>Verifies that the current page title equals ``title``.</doc>
<msg timestamp="20220823 22:55:19.181" level="INFO">Page title is 'Training Wheels Protocol'.</msg>
<status status="PASS" starttime="20220823 22:55:19.172" endtime="20220823 22:55:19.181"/>
</kw>
<status status="PASS" starttime="20220823 22:55:18.484" endtime="20220823 22:55:19.181"/>
</kw>
<kw name="When I open &quot;${text}&quot;" library="homePage" sourcename="I open &quot;${LINK}&quot;">
<kw name="Click Element" library="SeleniumLibrary">
<arg>xpath://a[contains(text(),"${LINK}")]</arg>
<doc>Click the element identified by ``locator``.</doc>
<msg timestamp="20220823 22:55:19.183" level="INFO">Clicking element 'xpath://a[contains(text(),"Hovers")]'.</msg>
<status status="PASS" starttime="20220823 22:55:19.182" endtime="20220823 22:55:20.867"/>
</kw>
<status status="PASS" starttime="20220823 22:55:19.181" endtime="20220823 22:55:20.867"/>
</kw>
<kw name="Then I must see the &quot;${url}&quot; URL" library="homePage" sourcename="I must see the &quot;${url}&quot; URL">
<kw name="Wait Until Location Contains" library="SeleniumLibrary">
<arg>${url}</arg>
<doc>Waits until the current URL contains ``expected``.</doc>
<status status="PASS" starttime="20220823 22:55:20.869" endtime="20220823 22:55:20.875"/>
</kw>
<status status="PASS" starttime="20220823 22:55:20.868" endtime="20220823 22:55:20.876"/>
</kw>
<status status="PASS" starttime="20220823 22:55:18.482" endtime="20220823 22:55:20.876"/>
</kw>
<status status="PASS" starttime="20220823 22:55:18.482" endtime="20220823 22:55:20.876"/>
</test>
<test id="s1-s1-t5" name="Test15: Open Alertas em JavaScript page" line="18">
<kw name="Abrir tela" library="homePage">
<arg>Alertas em JavaScript</arg>
<arg>javascript</arg>
<kw name="Given that I open the &quot;Training Wheels Protocol&quot;" library="homePage" sourcename="that I open the &quot;${text}&quot;">
<kw name="Go To" library="SeleniumLibrary">
<arg>${BASE_URL}</arg>
<doc>Navigates the current browser window to the provided ``url``.</doc>
<msg timestamp="20220823 22:55:20.880" level="INFO">Opening url 'https://training-wheels-protocol.herokuapp.com'</msg>
<status status="PASS" starttime="20220823 22:55:20.878" endtime="20220823 22:55:21.505"/>
</kw>
<kw name="Title Should Be" library="SeleniumLibrary">
<arg>${text}</arg>
<doc>Verifies that the current page title equals ``title``.</doc>
<msg timestamp="20220823 22:55:21.518" level="INFO">Page title is 'Training Wheels Protocol'.</msg>
<status status="PASS" starttime="20220823 22:55:21.505" endtime="20220823 22:55:21.518"/>
</kw>
<status status="PASS" starttime="20220823 22:55:20.878" endtime="20220823 22:55:21.519"/>
</kw>
<kw name="When I open &quot;${text}&quot;" library="homePage" sourcename="I open &quot;${LINK}&quot;">
<kw name="Click Element" library="SeleniumLibrary">
<arg>xpath://a[contains(text(),"${LINK}")]</arg>
<doc>Click the element identified by ``locator``.</doc>
<msg timestamp="20220823 22:55:21.522" level="INFO">Clicking element 'xpath://a[contains(text(),"Alertas em JavaScript")]'.</msg>
<status status="PASS" starttime="20220823 22:55:21.521" endtime="20220823 22:55:21.837"/>
</kw>
<status status="PASS" starttime="20220823 22:55:21.519" endtime="20220823 22:55:21.837"/>
</kw>
<kw name="Then I must see the &quot;${url}&quot; URL" library="homePage" sourcename="I must see the &quot;${url}&quot; URL">
<kw name="Wait Until Location Contains" library="SeleniumLibrary">
<arg>${url}</arg>
<doc>Waits until the current URL contains ``expected``.</doc>
<status status="PASS" starttime="20220823 22:55:21.840" endtime="20220823 22:55:21.851"/>
</kw>
<status status="PASS" starttime="20220823 22:55:21.838" endtime="20220823 22:55:21.851"/>
</kw>
<status status="PASS" starttime="20220823 22:55:20.877" endtime="20220823 22:55:21.851"/>
</kw>
<status status="PASS" starttime="20220823 22:55:20.876" endtime="20220823 22:55:21.852"/>
</test>
<test id="s1-s1-t6" name="Test16: Open Modal com Sweet Alert page" line="19">
<kw name="Abrir tela" library="homePage">
<arg>Modal com Sweet Alert</arg>
<arg>alert</arg>
<kw name="Given that I open the &quot;Training Wheels Protocol&quot;" library="homePage" sourcename="that I open the &quot;${text}&quot;">
<kw name="Go To" library="SeleniumLibrary">
<arg>${BASE_URL}</arg>
<doc>Navigates the current browser window to the provided ``url``.</doc>
<msg timestamp="20220823 22:55:21.859" level="INFO">Opening url 'https://training-wheels-protocol.herokuapp.com'</msg>
<status status="PASS" starttime="20220823 22:55:21.858" endtime="20220823 22:55:22.136"/>
</kw>
<kw name="Title Should Be" library="SeleniumLibrary">
<arg>${text}</arg>
<doc>Verifies that the current page title equals ``title``.</doc>
<msg timestamp="20220823 22:55:22.144" level="INFO">Page title is 'Training Wheels Protocol'.</msg>
<status status="PASS" starttime="20220823 22:55:22.137" endtime="20220823 22:55:22.144"/>
</kw>
<status status="PASS" starttime="20220823 22:55:21.857" endtime="20220823 22:55:22.144"/>
</kw>
<kw name="When I open &quot;${text}&quot;" library="homePage" sourcename="I open &quot;${LINK}&quot;">
<kw name="Click Element" library="SeleniumLibrary">
<arg>xpath://a[contains(text(),"${LINK}")]</arg>
<doc>Click the element identified by ``locator``.</doc>
<msg timestamp="20220823 22:55:22.146" level="INFO">Clicking element 'xpath://a[contains(text(),"Modal com Sweet Alert")]'.</msg>
<status status="PASS" starttime="20220823 22:55:22.146" endtime="20220823 22:55:22.517"/>
</kw>
<status status="PASS" starttime="20220823 22:55:22.145" endtime="20220823 22:55:22.518"/>
</kw>
<kw name="Then I must see the &quot;${url}&quot; URL" library="homePage" sourcename="I must see the &quot;${url}&quot; URL">
<kw name="Wait Until Location Contains" library="SeleniumLibrary">
<arg>${url}</arg>
<doc>Waits until the current URL contains ``expected``.</doc>
<status status="PASS" starttime="20220823 22:55:22.521" endtime="20220823 22:55:22.527"/>
</kw>
<status status="PASS" starttime="20220823 22:55:22.519" endtime="20220823 22:55:22.527"/>
</kw>
<status status="PASS" starttime="20220823 22:55:21.855" endtime="20220823 22:55:22.528"/>
</kw>
<status status="PASS" starttime="20220823 22:55:21.853" endtime="20220823 22:55:22.528"/>
</test>
<test id="s1-s1-t7" name="Test17: Open Botões do Teclado page" line="20">
<kw name="Abrir tela" library="homePage">
<arg>Botões do Teclado</arg>
<arg>key</arg>
<kw name="Given that I open the &quot;Training Wheels Protocol&quot;" library="homePage" sourcename="that I open the &quot;${text}&quot;">
<kw name="Go To" library="SeleniumLibrary">
<arg>${BASE_URL}</arg>
<doc>Navigates the current browser window to the provided ``url``.</doc>
<msg timestamp="20220823 22:55:22.533" level="INFO">Opening url 'https://training-wheels-protocol.herokuapp.com'</msg>
<status status="PASS" starttime="20220823 22:55:22.532" endtime="20220823 22:55:22.901"/>
</kw>
<kw name="Title Should Be" library="SeleniumLibrary">
<arg>${text}</arg>
<doc>Verifies that the current page title equals ``title``.</doc>
<msg timestamp="20220823 22:55:22.908" level="INFO">Page title is 'Training Wheels Protocol'.</msg>
<status status="PASS" starttime="20220823 22:55:22.901" endtime="20220823 22:55:22.908"/>
</kw>
<status status="PASS" starttime="20220823 22:55:22.530" endtime="20220823 22:55:22.908"/>
</kw>
<kw name="When I open &quot;${text}&quot;" library="homePage" sourcename="I open &quot;${LINK}&quot;">
<kw name="Click Element" library="SeleniumLibrary">
<arg>xpath://a[contains(text(),"${LINK}")]</arg>
<doc>Click the element identified by ``locator``.</doc>
<msg timestamp="20220823 22:55:22.911" level="INFO">Clicking element 'xpath://a[contains(text(),"Botões do Teclado")]'.</msg>
<status status="PASS" starttime="20220823 22:55:22.910" endtime="20220823 22:55:23.225"/>
</kw>
<status status="PASS" starttime="20220823 22:55:22.909" endtime="20220823 22:55:23.227"/>
</kw>
<kw name="Then I must see the &quot;${url}&quot; URL" library="homePage" sourcename="I must see the &quot;${url}&quot; URL">
<kw name="Wait Until Location Contains" library="SeleniumLibrary">
<arg>${url}</arg>
<doc>Waits until the current URL contains ``expected``.</doc>
<status status="PASS" starttime="20220823 22:55:23.228" endtime="20220823 22:55:23.234"/>
</kw>
<status status="PASS" starttime="20220823 22:55:23.227" endtime="20220823 22:55:23.234"/>
</kw>
<status status="PASS" starttime="20220823 22:55:22.529" endtime="20220823 22:55:23.234"/>
</kw>
<status status="PASS" starttime="20220823 22:55:22.529" endtime="20220823 22:55:23.234"/>
</test>
<test id="s1-s1-t8" name="Test18: Open Nova Janela page" line="21">
<kw name="Abrir tela" library="homePage">
<arg>Nova Janela</arg>
<arg>windows</arg>
<kw name="Given that I open the &quot;Training Wheels Protocol&quot;" library="homePage" sourcename="that I open the &quot;${text}&quot;">
<kw name="Go To" library="SeleniumLibrary">
<arg>${BASE_URL}</arg>
<doc>Navigates the current browser window to the provided ``url``.</doc>
<msg timestamp="20220823 22:55:23.238" level="INFO">Opening url 'https://training-wheels-protocol.herokuapp.com'</msg>
<status status="PASS" starttime="20220823 22:55:23.237" endtime="20220823 22:55:23.521"/>
</kw>
<kw name="Title Should Be" library="SeleniumLibrary">
<arg>${text}</arg>
<doc>Verifies that the current page title equals ``title``.</doc>
<msg timestamp="20220823 22:55:23.528" level="INFO">Page title is 'Training Wheels Protocol'.</msg>
<status status="PASS" starttime="20220823 22:55:23.522" endtime="20220823 22:55:23.529"/>
</kw>
<status status="PASS" starttime="20220823 22:55:23.237" endtime="20220823 22:55:23.529"/>
</kw>
<kw name="When I open &quot;${text}&quot;" library="homePage" sourcename="I open &quot;${LINK}&quot;">
<kw name="Click Element" library="SeleniumLibrary">
<arg>xpath://a[contains(text(),"${LINK}")]</arg>
<doc>Click the element identified by ``locator``.</doc>
<msg timestamp="20220823 22:55:23.532" level="INFO">Clicking element 'xpath://a[contains(text(),"Nova Janela")]'.</msg>
<status status="PASS" starttime="20220823 22:55:23.531" endtime="20220823 22:55:23.873"/>
</kw>
<status status="PASS" starttime="20220823 22:55:23.530" endtime="20220823 22:55:23.873"/>
</kw>
<kw name="Then I must see the &quot;${url}&quot; URL" library="homePage" sourcename="I must see the &quot;${url}&quot; URL">
<kw name="Wait Until Location Contains" library="SeleniumLibrary">
<arg>${url}</arg>
<doc>Waits until the current URL contains ``expected``.</doc>
<status status="PASS" starttime="20220823 22:55:23.875" endtime="20220823 22:55:23.882"/>
</kw>
<status status="PASS" starttime="20220823 22:55:23.874" endtime="20220823 22:55:23.882"/>
</kw>
<status status="PASS" starttime="20220823 22:55:23.235" endtime="20220823 22:55:23.882"/>
</kw>
<status status="PASS" starttime="20220823 22:55:23.235" endtime="20220823 22:55:23.882"/>
</test>
<test id="s1-s1-t9" name="Test19: Open Status Codes page" line="22">
<kw name="Abrir tela" library="homePage">
<arg>Status Codes</arg>
<arg>status</arg>
<kw name="Given that I open the &quot;Training Wheels Protocol&quot;" library="homePage" sourcename="that I open the &quot;${text}&quot;">
<kw name="Go To" library="SeleniumLibrary">
<arg>${BASE_URL}</arg>
<doc>Navigates the current browser window to the provided ``url``.</doc>
<msg timestamp="20220823 22:55:23.889" level="INFO">Opening url 'https://training-wheels-protocol.herokuapp.com'</msg>
<status status="PASS" starttime="20220823 22:55:23.888" endtime="20220823 22:55:24.154"/>
</kw>
<kw name="Title Should Be" library="SeleniumLibrary">
<arg>${text}</arg>
<doc>Verifies that the current page title equals ``title``.</doc>
<msg timestamp="20220823 22:55:24.162" level="INFO">Page title is 'Training Wheels Protocol'.</msg>
<status status="PASS" starttime="20220823 22:55:24.154" endtime="20220823 22:55:24.162"/>
</kw>
<status status="PASS" starttime="20220823 22:55:23.886" endtime="20220823 22:55:24.163"/>
</kw>
<kw name="When I open &quot;${text}&quot;" library="homePage" sourcename="I open &quot;${LINK}&quot;">
<kw name="Click Element" library="SeleniumLibrary">
<arg>xpath://a[contains(text(),"${LINK}")]</arg>
<doc>Click the element identified by ``locator``.</doc>
<msg timestamp="20220823 22:55:24.165" level="INFO">Clicking element 'xpath://a[contains(text(),"Status Codes")]'.</msg>
<status status="PASS" starttime="20220823 22:55:24.164" endtime="20220823 22:55:24.477"/>
</kw>
<status status="PASS" starttime="20220823 22:55:24.163" endtime="20220823 22:55:24.477"/>
</kw>
<kw name="Then I must see the &quot;${url}&quot; URL" library="homePage" sourcename="I must see the &quot;${url}&quot; URL">
<kw name="Wait Until Location Contains" library="SeleniumLibrary">
<arg>${url}</arg>
<doc>Waits until the current URL contains ``expected``.</doc>
<status status="PASS" starttime="20220823 22:55:24.479" endtime="20220823 22:55:24.485"/>
</kw>
<status status="PASS" starttime="20220823 22:55:24.478" endtime="20220823 22:55:24.485"/>
</kw>
<status status="PASS" starttime="20220823 22:55:23.884" endtime="20220823 22:55:24.485"/>
</kw>
<status status="PASS" starttime="20220823 22:55:23.883" endtime="20220823 22:55:24.486"/>
</test>
<test id="s1-s1-t10" name="Test20: Open Tabelas page" line="23">
<kw name="Abrir tela" library="homePage">
<arg>Tabelas</arg>
<arg>tables</arg>
<kw name="Given that I open the &quot;Training Wheels Protocol&quot;" library="homePage" sourcename="that I open the &quot;${text}&quot;">
<kw name="Go To" library="SeleniumLibrary">
<arg>${BASE_URL}</arg>
<doc>Navigates the current browser window to the provided ``url``.</doc>
<msg timestamp="20220823 22:55:24.490" level="INFO">Opening url 'https://training-wheels-protocol.herokuapp.com'</msg>
<status status="PASS" starttime="20220823 22:55:24.489" endtime="20220823 22:55:24.768"/>
</kw>
<kw name="Title Should Be" library="SeleniumLibrary">
<arg>${text}</arg>
<doc>Verifies that the current page title equals ``title``.</doc>
<msg timestamp="20220823 22:55:24.775" level="INFO">Page title is 'Training Wheels Protocol'.</msg>
<status status="PASS" starttime="20220823 22:55:24.768" endtime="20220823 22:55:24.775"/>
</kw>
<status status="PASS" starttime="20220823 22:55:24.489" endtime="20220823 22:55:24.776"/>
</kw>
<kw name="When I open &quot;${text}&quot;" library="homePage" sourcename="I open &quot;${LINK}&quot;">
<kw name="Click Element" library="SeleniumLibrary">
<arg>xpath://a[contains(text(),"${LINK}")]</arg>
<doc>Click the element identified by ``locator``.</doc>
<msg timestamp="20220823 22:55:24.777" level="INFO">Clicking element 'xpath://a[contains(text(),"Tabelas")]'.</msg>
<status status="PASS" starttime="20220823 22:55:24.776" endtime="20220823 22:55:25.412"/>
</kw>
<status status="PASS" starttime="20220823 22:55:24.776" endtime="20220823 22:55:25.412"/>
</kw>
<kw name="Then I must see the &quot;${url}&quot; URL" library="homePage" sourcename="I must see the &quot;${url}&quot; URL">
<kw name="Wait Until Location Contains" library="SeleniumLibrary">
<arg>${url}</arg>
<doc>Waits until the current URL contains ``expected``.</doc>
<status status="PASS" starttime="20220823 22:55:25.414" endtime="20220823 22:55:25.424"/>
</kw>
<status status="PASS" starttime="20220823 22:55:25.412" endtime="20220823 22:55:25.424"/>
</kw>
<status status="PASS" starttime="20220823 22:55:24.487" endtime="20220823 22:55:25.425"/>
</kw>
<status status="PASS" starttime="20220823 22:55:24.486" endtime="20220823 22:55:25.425"/>
</test>
<test id="s1-s1-t11" name="Test21: Open Cadastro com Ajax page" line="24">
<kw name="Abrir tela" library="homePage">
<arg>Cadastro com Ajax</arg>
<arg>games</arg>
<kw name="Given that I open the &quot;Training Wheels Protocol&quot;" library="homePage" sourcename="that I open the &quot;${text}&quot;">
<kw name="Go To" library="SeleniumLibrary">
<arg>${BASE_URL}</arg>
<doc>Navigates the current browser window to the provided ``url``.</doc>
<msg timestamp="20220823 22:55:25.427" level="INFO">Opening url 'https://training-wheels-protocol.herokuapp.com'</msg>
<status status="PASS" starttime="20220823 22:55:25.426" endtime="20220823 22:55:25.682"/>
</kw>
<kw name="Title Should Be" library="SeleniumLibrary">
<arg>${text}</arg>
<doc>Verifies that the current page title equals ``title``.</doc>
<msg timestamp="20220823 22:55:25.711" level="INFO">Page title is 'Training Wheels Protocol'.</msg>
<status status="PASS" starttime="20220823 22:55:25.682" endtime="20220823 22:55:25.711"/>
</kw>
<status status="PASS" starttime="20220823 22:55:25.426" endtime="20220823 22:55:25.712"/>
</kw>
<kw name="When I open &quot;${text}&quot;" library="homePage" sourcename="I open &quot;${LINK}&quot;">
<kw name="Click Element" library="SeleniumLibrary">
<arg>xpath://a[contains(text(),"${LINK}")]</arg>
<doc>Click the element identified by ``locator``.</doc>
<msg timestamp="20220823 22:55:25.714" level="INFO">Clicking element 'xpath://a[contains(text(),"Cadastro com Ajax")]'.</msg>
<status status="PASS" starttime="20220823 22:55:25.713" endtime="20220823 22:55:26.015"/>
</kw>
<status status="PASS" starttime="20220823 22:55:25.712" endtime="20220823 22:55:26.015"/>
</kw>
<kw name="Then I must see the &quot;${url}&quot; URL" library="homePage" sourcename="I must see the &quot;${url}&quot; URL">
<kw name="Wait Until Location Contains" library="SeleniumLibrary">
<arg>${url}</arg>
<doc>Waits until the current URL contains ``expected``.</doc>
<status status="PASS" starttime="20220823 22:55:26.017" endtime="20220823 22:55:26.024"/>
</kw>
<status status="PASS" starttime="20220823 22:55:26.016" endtime="20220823 22:55:26.024"/>
</kw>
<status status="PASS" starttime="20220823 22:55:25.426" endtime="20220823 22:55:26.024"/>
</kw>
<status status="PASS" starttime="20220823 22:55:25.425" endtime="20220823 22:55:26.025"/>
</test>
<kw name="Close Session" library="BasePage" type="TEARDOWN">
<kw name="Capture Page Screenshot" library="SeleniumLibrary">
<doc>Takes a screenshot of the current page and embeds it into a log file.</doc>
<msg timestamp="20220823 22:55:26.255" level="INFO" html="true">&lt;/td&gt;&lt;/tr&gt;&lt;tr&gt;&lt;td colspan="3"&gt;&lt;a href="selenium-screenshot-1.png"&gt;&lt;img src="selenium-screenshot-1.png" width="800px"&gt;&lt;/a&gt;</msg>
<status status="PASS" starttime="20220823 22:55:26.029" endtime="20220823 22:55:26.256"/>
</kw>
<kw name="Close Browser" library="SeleniumLibrary">
<doc>Closes the current browser.</doc>
<status status="PASS" starttime="20220823 22:55:26.256" endtime="20220823 22:55:28.361"/>
</kw>
<status status="PASS" starttime="20220823 22:55:26.028" endtime="20220823 22:55:28.362"/>
</kw>
<doc>Home Page Naviation</doc>
<status status="PASS" starttime="20220823 22:54:58.426" endtime="20220823 22:55:28.362"/>
</suite>
<status status="PASS" starttime="20220823 22:54:58.413" endtime="20220823 22:55:28.366"/>
</suite>
<statistics>
<total>
<stat pass="11" fail="0" skip="0">All Tests</stat>
</total>
<tag>
</tag>
<suite>
<stat pass="11" fail="0" skip="0" id="s1" name="Suites">Suites</stat>
<stat pass="11" fail="0" skip="0" id="s1-s1" name="Home Test2">Suites.Home Test2</stat>
</suite>
</statistics>
<errors>
<msg timestamp="20220823 22:54:59.566" level="WARN">Imported resource file 'C:\Projetos\RobotFramework\TrainingWheels\Resources\Pages\checkboxPage.robot' is empty.</msg>
<msg timestamp="20220823 22:54:59.567" level="WARN">Imported resource file 'C:\Projetos\RobotFramework\TrainingWheels\Resources\Pages\dropdownPage.robot' is empty.</msg>
</errors>
</robot>
