<?xml version="1.0" encoding="UTF-8"?>
<robot generator="Rebot 5.0.1 (Python 3.9.11 on win32)" generated="20220823 22:55:28.838" rpa="false" schemaversion="3">
<suite id="s1" name="Suites">
<suite id="s1-s1" name="Checkbox" source="C:\Projetos\RobotFramework\TrainingWheels\Tests\checkbox.robot">
<kw name="Start Session" library="BasePage" type="SETUP">
<kw name="Open Browser" library="SeleniumLibrary">
<arg>about:blank</arg>
<arg>${BROWSER}</arg>
<doc>Opens a new browser instance to the optional ``url``.</doc>
<msg timestamp="20220823 22:54:59.570" level="INFO">Opening browser 'chrome' to base url 'about:blank'.</msg>
<status status="PASS" starttime="20220823 22:54:59.570" endtime="20220823 22:55:02.954"/>
</kw>
<kw name="Set Selenium Implicit Wait" library="SeleniumLibrary">
<arg>${TIMEOUT}</arg>
<doc>Sets the implicit wait value used by Selenium.</doc>
<status status="PASS" starttime="20220823 22:55:02.954" endtime="20220823 22:55:02.958"/>
</kw>
<kw name="Set Window Size" library="SeleniumLibrary">
<arg>${BROWSER_WIDTH}</arg>
<arg>${BROWSER_HEIGHT}</arg>
<doc>Sets current windows size to given ``width`` and ``height``.</doc>
<status status="PASS" starttime="20220823 22:55:02.958" endtime="20220823 22:55:03.141"/>
</kw>
<kw name="Go To" library="SeleniumLibrary">
<arg>${BASEURL}</arg>
<doc>Navigates the current browser window to the provided ``url``.</doc>
<msg timestamp="20220823 22:55:03.142" level="INFO">Opening url 'https://training-wheels-protocol.herokuapp.com'</msg>
<status status="PASS" starttime="20220823 22:55:03.142" endtime="20220823 22:55:06.310"/>
</kw>
<kw name="Get Title" library="SeleniumLibrary">
<var>${PageTitle}</var>
<doc>Returns the title of the current page.</doc>
<msg timestamp="20220823 22:55:06.318" level="INFO">${PageTitle} = Training Wheels Protocol</msg>
<status status="PASS" starttime="20220823 22:55:06.311" endtime="20220823 22:55:06.321"/>
</kw>
<kw name="Log" library="BuiltIn">
<arg>${PageTitle}</arg>
<doc>Logs the given message with the given level.</doc>
<msg timestamp="20220823 22:55:06.323" level="INFO">Training Wheels Protocol</msg>
<status status="PASS" starttime="20220823 22:55:06.321" endtime="20220823 22:55:06.323"/>
</kw>
<status status="PASS" starttime="20220823 22:54:59.569" endtime="20220823 22:55:06.330"/>
</kw>
<test id="s1-s1-t1" name="Scenario1 - Test1" line="10">
<status status="FAIL" starttime="20220823 22:55:06.348" endtime="20220823 22:55:06.355">Test contains no keywords.</status>
</test>
<kw name="Close Session" library="BasePage" type="TEARDOWN">
<kw name="Capture Page Screenshot" library="SeleniumLibrary">
<doc>Takes a screenshot of the current page and embeds it into a log file.</doc>
<msg timestamp="20220823 22:55:06.759" level="INFO" html="true">&lt;/td&gt;&lt;/tr&gt;&lt;tr&gt;&lt;td colspan="3"&gt;&lt;a href="0-selenium-screenshot-1.png"&gt;&lt;img src="0-selenium-screenshot-1.png" width="800px"&gt;&lt;/a&gt;</msg>
<status status="PASS" starttime="20220823 22:55:06.359" endtime="20220823 22:55:06.760"/>
</kw>
<kw name="Close Browser" library="SeleniumLibrary">
<doc>Closes the current browser.</doc>
<status status="PASS" starttime="20220823 22:55:06.760" endtime="20220823 22:55:08.970"/>
</kw>
<status status="PASS" starttime="20220823 22:55:06.359" endtime="20220823 22:55:08.970"/>
</kw>
<doc>Checkbox Page</doc>
<status status="FAIL" starttime="20220823 22:54:58.431" endtime="20220823 22:55:08.970"/>
</suite>
<suite id="s1-s2" name="Dropdown" source="C:\Projetos\RobotFramework\TrainingWheels\Tests\dropdown.robot">
<kw name="Start Session" library="BasePage" type="SETUP">
<kw name="Open Browser" library="SeleniumLibrary">
<arg>about:blank</arg>
<arg>${BROWSER}</arg>
<doc>Opens a new browser instance to the optional ``url``.</doc>
<msg timestamp="20220823 22:54:59.569" level="INFO">Opening browser 'chrome' to base url 'about:blank'.</msg>
<status status="PASS" starttime="20220823 22:54:59.568" endtime="20220823 22:55:02.954"/>
</kw>
<kw name="Set Selenium Implicit Wait" library="SeleniumLibrary">
<arg>${TIMEOUT}</arg>
<doc>Sets the implicit wait value used by Selenium.</doc>
<status status="PASS" starttime="20220823 22:55:02.954" endtime="20220823 22:55:02.958"/>
</kw>
<kw name="Set Window Size" library="SeleniumLibrary">
<arg>${BROWSER_WIDTH}</arg>
<arg>${BROWSER_HEIGHT}</arg>
<doc>Sets current windows size to given ``width`` and ``height``.</doc>
<status status="PASS" starttime="20220823 22:55:02.958" endtime="20220823 22:55:03.141"/>
</kw>
<kw name="Go To" library="SeleniumLibrary">
<arg>${BASEURL}</arg>
<doc>Navigates the current browser window to the provided ``url``.</doc>
<msg timestamp="20220823 22:55:03.142" level="INFO">Opening url 'https://training-wheels-protocol.herokuapp.com'</msg>
<status status="PASS" starttime="20220823 22:55:03.142" endtime="20220823 22:55:06.004"/>
</kw>
<kw name="Get Title" library="SeleniumLibrary">
<var>${PageTitle}</var>
<doc>Returns the title of the current page.</doc>
<msg timestamp="20220823 22:55:06.014" level="INFO">${PageTitle} = Training Wheels Protocol</msg>
<status status="PASS" starttime="20220823 22:55:06.005" endtime="20220823 22:55:06.014"/>
</kw>
<kw name="Log" library="BuiltIn">
<arg>${PageTitle}</arg>
<doc>Logs the given message with the given level.</doc>
<msg timestamp="20220823 22:55:06.017" level="INFO">Training Wheels Protocol</msg>
<status status="PASS" starttime="20220823 22:55:06.015" endtime="20220823 22:55:06.017"/>
</kw>
<status status="PASS" starttime="20220823 22:54:59.567" endtime="20220823 22:55:06.018"/>
</kw>
<test id="s1-s2-t1" name="Scenario1 - Test1" line="10">
<status status="FAIL" starttime="20220823 22:55:06.021" endtime="20220823 22:55:06.025">Test contains no keywords.</status>
</test>
<kw name="Close Session" library="BasePage" type="TEARDOWN">
<kw name="Capture Page Screenshot" library="SeleniumLibrary">
<doc>Takes a screenshot of the current page and embeds it into a log file.</doc>
<msg timestamp="20220823 22:55:06.322" level="INFO" html="true">&lt;/td&gt;&lt;/tr&gt;&lt;tr&gt;&lt;td colspan="3"&gt;&lt;a href="1-selenium-screenshot-1.png"&gt;&lt;img src="1-selenium-screenshot-1.png" width="800px"&gt;&lt;/a&gt;</msg>
<status status="PASS" starttime="20220823 22:55:06.029" endtime="20220823 22:55:06.323"/>
</kw>
<kw name="Close Browser" library="SeleniumLibrary">
<doc>Closes the current browser.</doc>
<status status="PASS" starttime="20220823 22:55:06.323" endtime="20220823 22:55:08.970"/>
</kw>
<status status="PASS" starttime="20220823 22:55:06.027" endtime="20220823 22:55:08.970"/>
</kw>
<doc>DropDown Page</doc>
<status status="FAIL" starttime="20220823 22:54:58.422" endtime="20220823 22:55:08.970"/>
</suite>
<suite id="s1-s3" name="Home Test" source="C:\Projetos\RobotFramework\TrainingWheels\Tests\home_test.robot">
<kw name="Start Session" library="BasePage" type="SETUP">
<kw name="Open Browser" library="SeleniumLibrary">
<arg>about:blank</arg>
<arg>${BROWSER}</arg>
<doc>Opens a new browser instance to the optional ``url``.</doc>
<msg timestamp="20220823 22:54:59.570" level="INFO">Opening browser 'chrome' to base url 'about:blank'.</msg>
<status status="PASS" starttime="20220823 22:54:59.570" endtime="20220823 22:55:02.954"/>
</kw>
<kw name="Set Selenium Implicit Wait" library="SeleniumLibrary">
<arg>${TIMEOUT}</arg>
<doc>Sets the implicit wait value used by Selenium.</doc>
<status status="PASS" starttime="20220823 22:55:02.955" endtime="20220823 22:55:02.958"/>
</kw>
<kw name="Set Window Size" library="SeleniumLibrary">
<arg>${BROWSER_WIDTH}</arg>
<arg>${BROWSER_HEIGHT}</arg>
<doc>Sets current windows size to given ``width`` and ``height``.</doc>
<status status="PASS" starttime="20220823 22:55:02.959" endtime="20220823 22:55:03.141"/>
</kw>
<kw name="Go To" library="SeleniumLibrary">
<arg>${BASEURL}</arg>
<doc>Navigates the current browser window to the provided ``url``.</doc>
<msg timestamp="20220823 22:55:03.142" level="INFO">Opening url 'https://training-wheels-protocol.herokuapp.com'</msg>
<status status="PASS" starttime="20220823 22:55:03.142" endtime="20220823 22:55:08.116"/>
</kw>
<kw name="Get Title" library="SeleniumLibrary">
<var>${PageTitle}</var>
<doc>Returns the title of the current page.</doc>
<msg timestamp="20220823 22:55:08.123" level="INFO">${PageTitle} = Training Wheels Protocol</msg>
<status status="PASS" starttime="20220823 22:55:08.117" endtime="20220823 22:55:08.123"/>
</kw>
<kw name="Log" library="BuiltIn">
<arg>${PageTitle}</arg>
<doc>Logs the given message with the given level.</doc>
<msg timestamp="20220823 22:55:08.124" level="INFO">Training Wheels Protocol</msg>
<status status="PASS" starttime="20220823 22:55:08.124" endtime="20220823 22:55:08.124"/>
</kw>
<status status="PASS" starttime="20220823 22:54:59.569" endtime="20220823 22:55:08.125"/>
</kw>
<test id="s1-s3-t1" name="Test01: Open Login page" line="13">
<kw name="Abrir tela" library="homePage">
<arg>Login</arg>
<arg>login</arg>
<kw name="Given that I open the &quot;Training Wheels Protocol&quot;" library="homePage" sourcename="that I open the &quot;${text}&quot;">
<kw name="Go To" library="SeleniumLibrary">
<arg>${BASE_URL}</arg>
<doc>Navigates the current browser window to the provided ``url``.</doc>
<msg timestamp="20220823 22:55:08.133" level="INFO">Opening url 'https://training-wheels-protocol.herokuapp.com'</msg>
<status status="PASS" starttime="20220823 22:55:08.133" endtime="20220823 22:55:08.920"/>
</kw>
<kw name="Title Should Be" library="SeleniumLibrary">
<arg>${text}</arg>
<doc>Verifies that the current page title equals ``title``.</doc>
<msg timestamp="20220823 22:55:08.925" level="INFO">Page title is 'Training Wheels Protocol'.</msg>
<status status="PASS" starttime="20220823 22:55:08.920" endtime="20220823 22:55:08.925"/>
</kw>
<status status="PASS" starttime="20220823 22:55:08.132" endtime="20220823 22:55:08.925"/>
</kw>
<kw name="When I open &quot;${text}&quot;" library="homePage" sourcename="I open &quot;${LINK}&quot;">
<kw name="Click Element" library="SeleniumLibrary">
<arg>xpath://a[contains(text(),"${LINK}")]</arg>
<doc>Click the element identified by ``locator``.</doc>
<msg timestamp="20220823 22:55:08.928" level="INFO">Clicking element 'xpath://a[contains(text(),"Login")]'.</msg>
<status status="PASS" starttime="20220823 22:55:08.927" endtime="20220823 22:55:09.660"/>
</kw>
<status status="PASS" starttime="20220823 22:55:08.926" endtime="20220823 22:55:09.660"/>
</kw>
<kw name="Then I must see the &quot;${url}&quot; URL" library="homePage" sourcename="I must see the &quot;${url}&quot; URL">
<kw name="Wait Until Location Contains" library="SeleniumLibrary">
<arg>${url}</arg>
<doc>Waits until the current URL contains ``expected``.</doc>
<status status="PASS" starttime="20220823 22:55:09.662" endtime="20220823 22:55:09.668"/>
</kw>
<status status="PASS" starttime="20220823 22:55:09.661" endtime="20220823 22:55:09.668"/>
</kw>
<status status="PASS" starttime="20220823 22:55:08.129" endtime="20220823 22:55:09.669"/>
</kw>
<tag>smoke</tag>
<status status="PASS" starttime="20220823 22:55:08.126" endtime="20220823 22:55:09.669"/>
</test>
<test id="s1-s3-t2" name="Test02: Open Dropdown page" line="16">
<kw name="Abrir tela" library="homePage">
<arg>Dropdown</arg>
<arg>dropdown</arg>
<kw name="Given that I open the &quot;Training Wheels Protocol&quot;" library="homePage" sourcename="that I open the &quot;${text}&quot;">
<kw name="Go To" library="SeleniumLibrary">
<arg>${BASE_URL}</arg>
<doc>Navigates the current browser window to the provided ``url``.</doc>
<msg timestamp="20220823 22:55:09.675" level="INFO">Opening url 'https://training-wheels-protocol.herokuapp.com'</msg>
<status status="PASS" starttime="20220823 22:55:09.675" endtime="20220823 22:55:09.926"/>
</kw>
<kw name="Title Should Be" library="SeleniumLibrary">
<arg>${text}</arg>
<doc>Verifies that the current page title equals ``title``.</doc>
<msg timestamp="20220823 22:55:09.934" level="INFO">Page title is 'Training Wheels Protocol'.</msg>
<status status="PASS" starttime="20220823 22:55:09.927" endtime="20220823 22:55:09.934"/>
</kw>
<status status="PASS" starttime="20220823 22:55:09.674" endtime="20220823 22:55:09.934"/>
</kw>
<kw name="When I open &quot;${text}&quot;" library="homePage" sourcename="I open &quot;${LINK}&quot;">
<kw name="Click Element" library="SeleniumLibrary">
<arg>xpath://a[contains(text(),"${LINK}")]</arg>
<doc>Click the element identified by ``locator``.</doc>
<msg timestamp="20220823 22:55:09.937" level="INFO">Clicking element 'xpath://a[contains(text(),"Dropdown")]'.</msg>
<status status="PASS" starttime="20220823 22:55:09.936" endtime="20220823 22:55:10.232"/>
</kw>
<status status="PASS" starttime="20220823 22:55:09.935" endtime="20220823 22:55:10.232"/>
</kw>
<kw name="Then I must see the &quot;${url}&quot; URL" library="homePage" sourcename="I must see the &quot;${url}&quot; URL">
<kw name="Wait Until Location Contains" library="SeleniumLibrary">
<arg>${url}</arg>
<doc>Waits until the current URL contains ``expected``.</doc>
<status status="PASS" starttime="20220823 22:55:10.234" endtime="20220823 22:55:10.242"/>
</kw>
<status status="PASS" starttime="20220823 22:55:10.233" endtime="20220823 22:55:10.242"/>
</kw>
<status status="PASS" starttime="20220823 22:55:09.673" endtime="20220823 22:55:10.242"/>
</kw>
<status status="PASS" starttime="20220823 22:55:09.671" endtime="20220823 22:55:10.243"/>
</test>
<test id="s1-s3-t3" name="Test03: Open Checkboxes page" line="17">
<kw name="Abrir tela" library="homePage">
<arg>Checkboxes</arg>
<arg>checkboxes</arg>
<kw name="Given that I open the &quot;Training Wheels Protocol&quot;" library="homePage" sourcename="that I open the &quot;${text}&quot;">
<kw name="Go To" library="SeleniumLibrary">
<arg>${BASE_URL}</arg>
<doc>Navigates the current browser window to the provided ``url``.</doc>
<msg timestamp="20220823 22:55:10.248" level="INFO">Opening url 'https://training-wheels-protocol.herokuapp.com'</msg>
<status status="PASS" starttime="20220823 22:55:10.247" endtime="20220823 22:55:10.551"/>
</kw>
<kw name="Title Should Be" library="SeleniumLibrary">
<arg>${text}</arg>
<doc>Verifies that the current page title equals ``title``.</doc>
<msg timestamp="20220823 22:55:10.565" level="INFO">Page title is 'Training Wheels Protocol'.</msg>
<status status="PASS" starttime="20220823 22:55:10.551" endtime="20220823 22:55:10.565"/>
</kw>
<status status="PASS" starttime="20220823 22:55:10.245" endtime="20220823 22:55:10.566"/>
</kw>
<kw name="When I open &quot;${text}&quot;" library="homePage" sourcename="I open &quot;${LINK}&quot;">
<kw name="Click Element" library="SeleniumLibrary">
<arg>xpath://a[contains(text(),"${LINK}")]</arg>
<doc>Click the element identified by ``locator``.</doc>
<msg timestamp="20220823 22:55:10.570" level="INFO">Clicking element 'xpath://a[contains(text(),"Checkboxes")]'.</msg>
<status status="PASS" starttime="20220823 22:55:10.568" endtime="20220823 22:55:10.883"/>
</kw>
<status status="PASS" starttime="20220823 22:55:10.566" endtime="20220823 22:55:10.883"/>
</kw>
<kw name="Then I must see the &quot;${url}&quot; URL" library="homePage" sourcename="I must see the &quot;${url}&quot; URL">
<kw name="Wait Until Location Contains" library="SeleniumLibrary">
<arg>${url}</arg>
<doc>Waits until the current URL contains ``expected``.</doc>
<status status="PASS" starttime="20220823 22:55:10.884" endtime="20220823 22:55:10.894"/>
</kw>
<status status="PASS" starttime="20220823 22:55:10.883" endtime="20220823 22:55:10.895"/>
</kw>
<status status="PASS" starttime="20220823 22:55:10.245" endtime="20220823 22:55:10.895"/>
</kw>
<status status="PASS" starttime="20220823 22:55:10.243" endtime="20220823 22:55:10.895"/>
</test>
<test id="s1-s3-t4" name="Test04: Open Radio Buttons page" line="18">
<kw name="Abrir tela" library="homePage">
<arg>Radio Buttons</arg>
<arg>radio</arg>
<kw name="Given that I open the &quot;Training Wheels Protocol&quot;" library="homePage" sourcename="that I open the &quot;${text}&quot;">
<kw name="Go To" library="SeleniumLibrary">
<arg>${BASE_URL}</arg>
<doc>Navigates the current browser window to the provided ``url``.</doc>
<msg timestamp="20220823 22:55:10.898" level="INFO">Opening url 'https://training-wheels-protocol.herokuapp.com'</msg>
<status status="PASS" starttime="20220823 22:55:10.897" endtime="20220823 22:55:11.244"/>
</kw>
<kw name="Title Should Be" library="SeleniumLibrary">
<arg>${text}</arg>
<doc>Verifies that the current page title equals ``title``.</doc>
<msg timestamp="20220823 22:55:11.250" level="INFO">Page title is 'Training Wheels Protocol'.</msg>
<status status="PASS" starttime="20220823 22:55:11.245" endtime="20220823 22:55:11.250"/>
</kw>
<status status="PASS" starttime="20220823 22:55:10.897" endtime="20220823 22:55:11.251"/>
</kw>
<kw name="When I open &quot;${text}&quot;" library="homePage" sourcename="I open &quot;${LINK}&quot;">
<kw name="Click Element" library="SeleniumLibrary">
<arg>xpath://a[contains(text(),"${LINK}")]</arg>
<doc>Click the element identified by ``locator``.</doc>
<msg timestamp="20220823 22:55:11.252" level="INFO">Clicking element 'xpath://a[contains(text(),"Radio Buttons")]'.</msg>
<status status="PASS" starttime="20220823 22:55:11.252" endtime="20220823 22:55:12.560"/>
</kw>
<status status="PASS" starttime="20220823 22:55:11.251" endtime="20220823 22:55:12.561"/>
</kw>
<kw name="Then I must see the &quot;${url}&quot; URL" library="homePage" sourcename="I must see the &quot;${url}&quot; URL">
<kw name="Wait Until Location Contains" library="SeleniumLibrary">
<arg>${url}</arg>
<doc>Waits until the current URL contains ``expected``.</doc>
<status status="PASS" starttime="20220823 22:55:12.562" endtime="20220823 22:55:12.567"/>
</kw>
<status status="PASS" starttime="20220823 22:55:12.561" endtime="20220823 22:55:12.567"/>
</kw>
<status status="PASS" starttime="20220823 22:55:10.896" endtime="20220823 22:55:12.590"/>
</kw>
<status status="PASS" starttime="20220823 22:55:10.896" endtime="20220823 22:55:12.591"/>
</test>
<test id="s1-s3-t5" name="Test05: Open Drag and Drop page" line="19">
<kw name="Abrir tela" library="homePage">
<arg>Drag and Drop</arg>
<arg>drag</arg>
<kw name="Given that I open the &quot;Training Wheels Protocol&quot;" library="homePage" sourcename="that I open the &quot;${text}&quot;">
<kw name="Go To" library="SeleniumLibrary">
<arg>${BASE_URL}</arg>
<doc>Navigates the current browser window to the provided ``url``.</doc>
<msg timestamp="20220823 22:55:12.598" level="INFO">Opening url 'https://training-wheels-protocol.herokuapp.com'</msg>
<status status="PASS" starttime="20220823 22:55:12.596" endtime="20220823 22:55:12.937"/>
</kw>
<kw name="Title Should Be" library="SeleniumLibrary">
<arg>${text}</arg>
<doc>Verifies that the current page title equals ``title``.</doc>
<msg timestamp="20220823 22:55:12.949" level="INFO">Page title is 'Training Wheels Protocol'.</msg>
<status status="PASS" starttime="20220823 22:55:12.938" endtime="20220823 22:55:12.949"/>
</kw>
<status status="PASS" starttime="20220823 22:55:12.596" endtime="20220823 22:55:12.950"/>
</kw>
<kw name="When I open &quot;${text}&quot;" library="homePage" sourcename="I open &quot;${LINK}&quot;">
<kw name="Click Element" library="SeleniumLibrary">
<arg>xpath://a[contains(text(),"${LINK}")]</arg>
<doc>Click the element identified by ``locator``.</doc>
<msg timestamp="20220823 22:55:12.952" level="INFO">Clicking element 'xpath://a[contains(text(),"Drag and Drop")]'.</msg>
<status status="PASS" starttime="20220823 22:55:12.952" endtime="20220823 22:55:14.622"/>
</kw>
<status status="PASS" starttime="20220823 22:55:12.950" endtime="20220823 22:55:14.622"/>
</kw>
<kw name="Then I must see the &quot;${url}&quot; URL" library="homePage" sourcename="I must see the &quot;${url}&quot; URL">
<kw name="Wait Until Location Contains" library="SeleniumLibrary">
<arg>${url}</arg>
<doc>Waits until the current URL contains ``expected``.</doc>
<status status="PASS" starttime="20220823 22:55:14.688" endtime="20220823 22:55:14.695"/>
</kw>
<status status="PASS" starttime="20220823 22:55:14.687" endtime="20220823 22:55:14.695"/>
</kw>
<status status="PASS" starttime="20220823 22:55:12.594" endtime="20220823 22:55:14.695"/>
</kw>
<status status="PASS" starttime="20220823 22:55:12.592" endtime="20220823 22:55:14.696"/>
</test>
<test id="s1-s3-t6" name="Test06: Open Select2 - Uma opção page" line="20">
<kw name="Abrir tela" library="homePage">
<arg>Select2 - Uma opção</arg>
<arg>single</arg>
<kw name="Given that I open the &quot;Training Wheels Protocol&quot;" library="homePage" sourcename="that I open the &quot;${text}&quot;">
<kw name="Go To" library="SeleniumLibrary">
<arg>${BASE_URL}</arg>
<doc>Navigates the current browser window to the provided ``url``.</doc>
<msg timestamp="20220823 22:55:14.753" level="INFO">Opening url 'https://training-wheels-protocol.herokuapp.com'</msg>
<status status="PASS" starttime="20220823 22:55:14.753" endtime="20220823 22:55:14.994"/>
</kw>
<kw name="Title Should Be" library="SeleniumLibrary">
<arg>${text}</arg>
<doc>Verifies that the current page title equals ``title``.</doc>
<msg timestamp="20220823 22:55:15.000" level="INFO">Page title is 'Training Wheels Protocol'.</msg>
<status status="PASS" starttime="20220823 22:55:14.995" endtime="20220823 22:55:15.016"/>
</kw>
<status status="PASS" starttime="20220823 22:55:14.753" endtime="20220823 22:55:15.017"/>
</kw>
<kw name="When I open &quot;${text}&quot;" library="homePage" sourcename="I open &quot;${LINK}&quot;">
<kw name="Click Element" library="SeleniumLibrary">
<arg>xpath://a[contains(text(),"${LINK}")]</arg>
<doc>Click the element identified by ``locator``.</doc>
<msg timestamp="20220823 22:55:15.019" level="INFO">Clicking element 'xpath://a[contains(text(),"Select2 - Uma opção")]'.</msg>
<status status="PASS" starttime="20220823 22:55:15.018" endtime="20220823 22:55:19.000"/>
</kw>
<status status="PASS" starttime="20220823 22:55:15.017" endtime="20220823 22:55:19.001"/>
</kw>
<kw name="Then I must see the &quot;${url}&quot; URL" library="homePage" sourcename="I must see the &quot;${url}&quot; URL">
<kw name="Wait Until Location Contains" library="SeleniumLibrary">
<arg>${url}</arg>
<doc>Waits until the current URL contains ``expected``.</doc>
<status status="PASS" starttime="20220823 22:55:19.003" endtime="20220823 22:55:19.018"/>
</kw>
<status status="PASS" starttime="20220823 22:55:19.002" endtime="20220823 22:55:19.019"/>
</kw>
<status status="PASS" starttime="20220823 22:55:14.752" endtime="20220823 22:55:19.019"/>
</kw>
<status status="PASS" starttime="20220823 22:55:14.752" endtime="20220823 22:55:19.021"/>
</test>
<test id="s1-s3-t7" name="Test07: Open Select2 - Multiplas opções page" line="21">
<kw name="Abrir tela" library="homePage">
<arg>Select2 - Multiplas opções</arg>
<arg>multi</arg>
<kw name="Given that I open the &quot;Training Wheels Protocol&quot;" library="homePage" sourcename="that I open the &quot;${text}&quot;">
<kw name="Go To" library="SeleniumLibrary">
<arg>${BASE_URL}</arg>
<doc>Navigates the current browser window to the provided ``url``.</doc>
<msg timestamp="20220823 22:55:19.025" level="INFO">Opening url 'https://training-wheels-protocol.herokuapp.com'</msg>
<status status="PASS" starttime="20220823 22:55:19.024" endtime="20220823 22:55:19.310"/>
</kw>
<kw name="Title Should Be" library="SeleniumLibrary">
<arg>${text}</arg>
<doc>Verifies that the current page title equals ``title``.</doc>
<msg timestamp="20220823 22:55:19.316" level="INFO">Page title is 'Training Wheels Protocol'.</msg>
<status status="PASS" starttime="20220823 22:55:19.310" endtime="20220823 22:55:19.316"/>
</kw>
<status status="PASS" starttime="20220823 22:55:19.024" endtime="20220823 22:55:19.317"/>
</kw>
<kw name="When I open &quot;${text}&quot;" library="homePage" sourcename="I open &quot;${LINK}&quot;">
<kw name="Click Element" library="SeleniumLibrary">
<arg>xpath://a[contains(text(),"${LINK}")]</arg>
<doc>Click the element identified by ``locator``.</doc>
<msg timestamp="20220823 22:55:19.319" level="INFO">Clicking element 'xpath://a[contains(text(),"Select2 - Multiplas opções")]'.</msg>
<status status="PASS" starttime="20220823 22:55:19.319" endtime="20220823 22:55:19.646"/>
</kw>
<status status="PASS" starttime="20220823 22:55:19.317" endtime="20220823 22:55:19.647"/>
</kw>
<kw name="Then I must see the &quot;${url}&quot; URL" library="homePage" sourcename="I must see the &quot;${url}&quot; URL">
<kw name="Wait Until Location Contains" library="SeleniumLibrary">
<arg>${url}</arg>
<doc>Waits until the current URL contains ``expected``.</doc>
<status status="PASS" starttime="20220823 22:55:19.648" endtime="20220823 22:55:19.660"/>
</kw>
<status status="PASS" starttime="20220823 22:55:19.647" endtime="20220823 22:55:19.660"/>
</kw>
<status status="PASS" starttime="20220823 22:55:19.023" endtime="20220823 22:55:19.660"/>
</kw>
<status status="PASS" starttime="20220823 22:55:19.022" endtime="20220823 22:55:19.660"/>
</test>
<test id="s1-s3-t8" name="Test08: Open Controle Dinâmico page" line="22">
<kw name="Abrir tela" library="homePage">
<arg>Controle Dinâmico</arg>
<arg>dynamic</arg>
<kw name="Given that I open the &quot;Training Wheels Protocol&quot;" library="homePage" sourcename="that I open the &quot;${text}&quot;">
<kw name="Go To" library="SeleniumLibrary">
<arg>${BASE_URL}</arg>
<doc>Navigates the current browser window to the provided ``url``.</doc>
<msg timestamp="20220823 22:55:19.666" level="INFO">Opening url 'https://training-wheels-protocol.herokuapp.com'</msg>
<status status="PASS" starttime="20220823 22:55:19.665" endtime="20220823 22:55:19.963"/>
</kw>
<kw name="Title Should Be" library="SeleniumLibrary">
<arg>${text}</arg>
<doc>Verifies that the current page title equals ``title``.</doc>
<msg timestamp="20220823 22:55:19.970" level="INFO">Page title is 'Training Wheels Protocol'.</msg>
<status status="PASS" starttime="20220823 22:55:19.963" endtime="20220823 22:55:19.970"/>
</kw>
<status status="PASS" starttime="20220823 22:55:19.664" endtime="20220823 22:55:19.970"/>
</kw>
<kw name="When I open &quot;${text}&quot;" library="homePage" sourcename="I open &quot;${LINK}&quot;">
<kw name="Click Element" library="SeleniumLibrary">
<arg>xpath://a[contains(text(),"${LINK}")]</arg>
<doc>Click the element identified by ``locator``.</doc>
<msg timestamp="20220823 22:55:19.972" level="INFO">Clicking element 'xpath://a[contains(text(),"Controle Dinâmico")]'.</msg>
<status status="PASS" starttime="20220823 22:55:19.971" endtime="20220823 22:55:20.693"/>
</kw>
<status status="PASS" starttime="20220823 22:55:19.970" endtime="20220823 22:55:20.693"/>
</kw>
<kw name="Then I must see the &quot;${url}&quot; URL" library="homePage" sourcename="I must see the &quot;${url}&quot; URL">
<kw name="Wait Until Location Contains" library="SeleniumLibrary">
<arg>${url}</arg>
<doc>Waits until the current URL contains ``expected``.</doc>
<status status="PASS" starttime="20220823 22:55:20.694" endtime="20220823 22:55:20.699"/>
</kw>
<status status="PASS" starttime="20220823 22:55:20.693" endtime="20220823 22:55:20.699"/>
</kw>
<status status="PASS" starttime="20220823 22:55:19.663" endtime="20220823 22:55:20.700"/>
</kw>
<status status="PASS" starttime="20220823 22:55:19.662" endtime="20220823 22:55:20.700"/>
</test>
<test id="s1-s3-t9" name="Test09: Open Upload de arquivos page" line="23">
<kw name="Abrir tela" library="homePage">
<arg>Upload de arquivos</arg>
<arg>upload</arg>
<kw name="Given that I open the &quot;Training Wheels Protocol&quot;" library="homePage" sourcename="that I open the &quot;${text}&quot;">
<kw name="Go To" library="SeleniumLibrary">
<arg>${BASE_URL}</arg>
<doc>Navigates the current browser window to the provided ``url``.</doc>
<msg timestamp="20220823 22:55:20.703" level="INFO">Opening url 'https://training-wheels-protocol.herokuapp.com'</msg>
<status status="PASS" starttime="20220823 22:55:20.703" endtime="20220823 22:55:20.982"/>
</kw>
<kw name="Title Should Be" library="SeleniumLibrary">
<arg>${text}</arg>
<doc>Verifies that the current page title equals ``title``.</doc>
<msg timestamp="20220823 22:55:20.989" level="INFO">Page title is 'Training Wheels Protocol'.</msg>
<status status="PASS" starttime="20220823 22:55:20.982" endtime="20220823 22:55:20.989"/>
</kw>
<status status="PASS" starttime="20220823 22:55:20.702" endtime="20220823 22:55:21.031"/>
</kw>
<kw name="When I open &quot;${text}&quot;" library="homePage" sourcename="I open &quot;${LINK}&quot;">
<kw name="Click Element" library="SeleniumLibrary">
<arg>xpath://a[contains(text(),"${LINK}")]</arg>
<doc>Click the element identified by ``locator``.</doc>
<msg timestamp="20220823 22:55:21.033" level="INFO">Clicking element 'xpath://a[contains(text(),"Upload de arquivos")]'.</msg>
<status status="PASS" starttime="20220823 22:55:21.032" endtime="20220823 22:55:21.719"/>
</kw>
<status status="PASS" starttime="20220823 22:55:21.031" endtime="20220823 22:55:21.719"/>
</kw>
<kw name="Then I must see the &quot;${url}&quot; URL" library="homePage" sourcename="I must see the &quot;${url}&quot; URL">
<kw name="Wait Until Location Contains" library="SeleniumLibrary">
<arg>${url}</arg>
<doc>Waits until the current URL contains ``expected``.</doc>
<status status="PASS" starttime="20220823 22:55:21.720" endtime="20220823 22:55:21.725"/>
</kw>
<status status="PASS" starttime="20220823 22:55:21.719" endtime="20220823 22:55:21.725"/>
</kw>
<status status="PASS" starttime="20220823 22:55:20.701" endtime="20220823 22:55:21.725"/>
</kw>
<status status="PASS" starttime="20220823 22:55:20.700" endtime="20220823 22:55:21.725"/>
</test>
<test id="s1-s3-t10" name="Test10: Open Login com campo randômico page" line="24">
<kw name="Abrir tela" library="homePage">
<arg>Login com campo randômico</arg>
<arg>login2</arg>
<kw name="Given that I open the &quot;Training Wheels Protocol&quot;" library="homePage" sourcename="that I open the &quot;${text}&quot;">
<kw name="Go To" library="SeleniumLibrary">
<arg>${BASE_URL}</arg>
<doc>Navigates the current browser window to the provided ``url``.</doc>
<msg timestamp="20220823 22:55:21.729" level="INFO">Opening url 'https://training-wheels-protocol.herokuapp.com'</msg>
<status status="PASS" starttime="20220823 22:55:21.728" endtime="20220823 22:55:22.009"/>
</kw>
<kw name="Title Should Be" library="SeleniumLibrary">
<arg>${text}</arg>
<doc>Verifies that the current page title equals ``title``.</doc>
<msg timestamp="20220823 22:55:22.016" level="INFO">Page title is 'Training Wheels Protocol'.</msg>
<status status="PASS" starttime="20220823 22:55:22.009" endtime="20220823 22:55:22.017"/>
</kw>
<status status="PASS" starttime="20220823 22:55:21.727" endtime="20220823 22:55:22.017"/>
</kw>
<kw name="When I open &quot;${text}&quot;" library="homePage" sourcename="I open &quot;${LINK}&quot;">
<kw name="Click Element" library="SeleniumLibrary">
<arg>xpath://a[contains(text(),"${LINK}")]</arg>
<doc>Click the element identified by ``locator``.</doc>
<msg timestamp="20220823 22:55:22.019" level="INFO">Clicking element 'xpath://a[contains(text(),"Login com campo randômico")]'.</msg>
<status status="PASS" starttime="20220823 22:55:22.018" endtime="20220823 22:55:22.427"/>
</kw>
<status status="PASS" starttime="20220823 22:55:22.018" endtime="20220823 22:55:22.428"/>
</kw>
<kw name="Then I must see the &quot;${url}&quot; URL" library="homePage" sourcename="I must see the &quot;${url}&quot; URL">
<kw name="Wait Until Location Contains" library="SeleniumLibrary">
<arg>${url}</arg>
<doc>Waits until the current URL contains ``expected``.</doc>
<status status="PASS" starttime="20220823 22:55:22.430" endtime="20220823 22:55:22.454"/>
</kw>
<status status="PASS" starttime="20220823 22:55:22.429" endtime="20220823 22:55:22.454"/>
</kw>
<status status="PASS" starttime="20220823 22:55:21.727" endtime="20220823 22:55:22.454"/>
</kw>
<status status="PASS" starttime="20220823 22:55:21.726" endtime="20220823 22:55:22.455"/>
</test>
<kw name="Close Session" library="BasePage" type="TEARDOWN">
<kw name="Capture Page Screenshot" library="SeleniumLibrary">
<doc>Takes a screenshot of the current page and embeds it into a log file.</doc>
<msg timestamp="20220823 22:55:22.769" level="INFO" html="true">&lt;/td&gt;&lt;/tr&gt;&lt;tr&gt;&lt;td colspan="3"&gt;&lt;a href="2-selenium-screenshot-1.png"&gt;&lt;img src="2-selenium-screenshot-1.png" width="800px"&gt;&lt;/a&gt;</msg>
<status status="PASS" starttime="20220823 22:55:22.459" endtime="20220823 22:55:22.769"/>
</kw>
<kw name="Close Browser" library="SeleniumLibrary">
<doc>Closes the current browser.</doc>
<status status="PASS" starttime="20220823 22:55:22.770" endtime="20220823 22:55:24.946"/>
</kw>
<status status="PASS" starttime="20220823 22:55:22.457" endtime="20220823 22:55:24.947"/>
</kw>
<doc>Home page navigation</doc>
<status status="PASS" starttime="20220823 22:54:58.426" endtime="20220823 22:55:24.947"/>
</suite>
<suite id="s1-s4" name="Home Test2" source="C:\Projetos\RobotFramework\TrainingWheels\Tests\home_test2.robot">
<kw name="Start Session" library="BasePage" type="SETUP">
<kw name="Open Browser" library="SeleniumLibrary">
<arg>about:blank</arg>
<arg>${BROWSER}</arg>
<doc>Opens a new browser instance to the optional ``url``.</doc>
<msg timestamp="20220823 22:54:59.577" level="INFO">Opening browser 'chrome' to base url 'about:blank'.</msg>
<status status="PASS" starttime="20220823 22:54:59.577" endtime="20220823 22:55:02.954"/>
</kw>
<kw name="Set Selenium Implicit Wait" library="SeleniumLibrary">
<arg>${TIMEOUT}</arg>
<doc>Sets the implicit wait value used by Selenium.</doc>
<status status="PASS" starttime="20220823 22:55:02.955" endtime="20220823 22:55:02.957"/>
</kw>
<kw name="Set Window Size" library="SeleniumLibrary">
<arg>${BROWSER_WIDTH}</arg>
<arg>${BROWSER_HEIGHT}</arg>
<doc>Sets current windows size to given ``width`` and ``height``.</doc>
<status status="PASS" starttime="20220823 22:55:02.958" endtime="20220823 22:55:03.141"/>
</kw>
<kw name="Go To" library="SeleniumLibrary">
<arg>${BASEURL}</arg>
<doc>Navigates the current browser window to the provided ``url``.</doc>
<msg timestamp="20220823 22:55:03.142" level="INFO">Opening url 'https://training-wheels-protocol.herokuapp.com'</msg>
<status status="PASS" starttime="20220823 22:55:03.142" endtime="20220823 22:55:08.830"/>
</kw>
<kw name="Get Title" library="SeleniumLibrary">
<var>${PageTitle}</var>
<doc>Returns the title of the current page.</doc>
<msg timestamp="20220823 22:55:08.838" level="INFO">${PageTitle} = Training Wheels Protocol</msg>
<status status="PASS" starttime="20220823 22:55:08.831" endtime="20220823 22:55:08.839"/>
</kw>
<kw name="Log" library="BuiltIn">
<arg>${PageTitle}</arg>
<doc>Logs the given message with the given level.</doc>
<msg timestamp="20220823 22:55:08.841" level="INFO">Training Wheels Protocol</msg>
<status status="PASS" starttime="20220823 22:55:08.840" endtime="20220823 22:55:08.841"/>
</kw>
<status status="PASS" starttime="20220823 22:54:59.576" endtime="20220823 22:55:08.841"/>
</kw>
<test id="s1-s4-t1" name="Test11: Open Login com Cadastro page" line="14">
<kw name="Abrir tela" library="homePage">
<arg>Login com Cadastro</arg>
<arg>access</arg>
<kw name="Given that I open the &quot;Training Wheels Protocol&quot;" library="homePage" sourcename="that I open the &quot;${text}&quot;">
<kw name="Go To" library="SeleniumLibrary">
<arg>${BASE_URL}</arg>
<doc>Navigates the current browser window to the provided ``url``.</doc>
<msg timestamp="20220823 22:55:08.849" level="INFO">Opening url 'https://training-wheels-protocol.herokuapp.com'</msg>
<status status="PASS" starttime="20220823 22:55:08.849" endtime="20220823 22:55:09.097"/>
</kw>
<kw name="Title Should Be" library="SeleniumLibrary">
<arg>${text}</arg>
<doc>Verifies that the current page title equals ``title``.</doc>
<msg timestamp="20220823 22:55:09.104" level="INFO">Page title is 'Training Wheels Protocol'.</msg>
<status status="PASS" starttime="20220823 22:55:09.098" endtime="20220823 22:55:09.104"/>
</kw>
<status status="PASS" starttime="20220823 22:55:08.848" endtime="20220823 22:55:09.104"/>
</kw>
<kw name="When I open &quot;${text}&quot;" library="homePage" sourcename="I open &quot;${LINK}&quot;">
<kw name="Click Element" library="SeleniumLibrary">
<arg>xpath://a[contains(text(),"${LINK}")]</arg>
<doc>Click the element identified by ``locator``.</doc>
<msg timestamp="20220823 22:55:09.108" level="INFO">Clicking element 'xpath://a[contains(text(),"Login com Cadastro")]'.</msg>
<status status="PASS" starttime="20220823 22:55:09.107" endtime="20220823 22:55:09.999"/>
</kw>
<status status="PASS" starttime="20220823 22:55:09.105" endtime="20220823 22:55:09.999"/>
</kw>
<kw name="Then I must see the &quot;${url}&quot; URL" library="homePage" sourcename="I must see the &quot;${url}&quot; URL">
<kw name="Wait Until Location Contains" library="SeleniumLibrary">
<arg>${url}</arg>
<doc>Waits until the current URL contains ``expected``.</doc>
<status status="PASS" starttime="20220823 22:55:10.000" endtime="20220823 22:55:10.004"/>
</kw>
<status status="PASS" starttime="20220823 22:55:09.999" endtime="20220823 22:55:10.004"/>
</kw>
<status status="PASS" starttime="20220823 22:55:08.847" endtime="20220823 22:55:10.004"/>
</kw>
<status status="PASS" starttime="20220823 22:55:08.844" endtime="20220823 22:55:10.005"/>
</test>
<test id="s1-s4-t2" name="Test12: Open iFrame Bom page" line="15">
<kw name="Abrir tela" library="homePage">
<arg>iFrame Bom</arg>
<arg>nice</arg>
<kw name="Given that I open the &quot;Training Wheels Protocol&quot;" library="homePage" sourcename="that I open the &quot;${text}&quot;">
<kw name="Go To" library="SeleniumLibrary">
<arg>${BASE_URL}</arg>
<doc>Navigates the current browser window to the provided ``url``.</doc>
<msg timestamp="20220823 22:55:10.015" level="INFO">Opening url 'https://training-wheels-protocol.herokuapp.com'</msg>
<status status="PASS" starttime="20220823 22:55:10.014" endtime="20220823 22:55:10.273"/>
</kw>
<kw name="Title Should Be" library="SeleniumLibrary">
<arg>${text}</arg>
<doc>Verifies that the current page title equals ``title``.</doc>
<msg timestamp="20220823 22:55:10.283" level="INFO">Page title is 'Training Wheels Protocol'.</msg>
<status status="PASS" starttime="20220823 22:55:10.274" endtime="20220823 22:55:10.283"/>
</kw>
<status status="PASS" starttime="20220823 22:55:10.013" endtime="20220823 22:55:10.283"/>
</kw>
<kw name="When I open &quot;${text}&quot;" library="homePage" sourcename="I open &quot;${LINK}&quot;">
<kw name="Click Element" library="SeleniumLibrary">
<arg>xpath://a[contains(text(),"${LINK}")]</arg>
<doc>Click the element identified by ``locator``.</doc>
<msg timestamp="20220823 22:55:10.284" level="INFO">Clicking element 'xpath://a[contains(text(),"iFrame Bom")]'.</msg>
<status status="PASS" starttime="20220823 22:55:10.284" endtime="20220823 22:55:14.395"/>
</kw>
<status status="PASS" starttime="20220823 22:55:10.283" endtime="20220823 22:55:14.395"/>
</kw>
<kw name="Then I must see the &quot;${url}&quot; URL" library="homePage" sourcename="I must see the &quot;${url}&quot; URL">
<kw name="Wait Until Location Contains" library="SeleniumLibrary">
<arg>${url}</arg>
<doc>Waits until the current URL contains ``expected``.</doc>
<status status="PASS" starttime="20220823 22:55:14.396" endtime="20220823 22:55:14.400"/>
</kw>
<status status="PASS" starttime="20220823 22:55:14.395" endtime="20220823 22:55:14.401"/>
</kw>
<status status="PASS" starttime="20220823 22:55:10.012" endtime="20220823 22:55:14.401"/>
</kw>
<status status="PASS" starttime="20220823 22:55:10.005" endtime="20220823 22:55:14.401"/>
</test>
<test id="s1-s4-t3" name="Test13: Open iFrame Ruim page" line="16">
<kw name="Abrir tela" library="homePage">
<arg>iFrame Ruim</arg>
<arg>bad</arg>
<kw name="Given that I open the &quot;Training Wheels Protocol&quot;" library="homePage" sourcename="that I open the &quot;${text}&quot;">
<kw name="Go To" library="SeleniumLibrary">
<arg>${BASE_URL}</arg>
<doc>Navigates the current browser window to the provided ``url``.</doc>
<msg timestamp="20220823 22:55:14.405" level="INFO">Opening url 'https://training-wheels-protocol.herokuapp.com'</msg>
<status status="PASS" starttime="20220823 22:55:14.404" endtime="20220823 22:55:16.118"/>
</kw>
<kw name="Title Should Be" library="SeleniumLibrary">
<arg>${text}</arg>
<doc>Verifies that the current page title equals ``title``.</doc>
<msg timestamp="20220823 22:55:16.127" level="INFO">Page title is 'Training Wheels Protocol'.</msg>
<status status="PASS" starttime="20220823 22:55:16.120" endtime="20220823 22:55:16.127"/>
</kw>
<status status="PASS" starttime="20220823 22:55:14.404" endtime="20220823 22:55:16.128"/>
</kw>
<kw name="When I open &quot;${text}&quot;" library="homePage" sourcename="I open &quot;${LINK}&quot;">
<kw name="Click Element" library="SeleniumLibrary">
<arg>xpath://a[contains(text(),"${LINK}")]</arg>
<doc>Click the element identified by ``locator``.</doc>
<msg timestamp="20220823 22:55:16.131" level="INFO">Clicking element 'xpath://a[contains(text(),"iFrame Ruim")]'.</msg>
<status status="PASS" starttime="20220823 22:55:16.130" endtime="20220823 22:55:18.474"/>
</kw>
<status status="PASS" starttime="20220823 22:55:16.128" endtime="20220823 22:55:18.474"/>
</kw>
<kw name="Then I must see the &quot;${url}&quot; URL" library="homePage" sourcename="I must see the &quot;${url}&quot; URL">
<kw name="Wait Until Location Contains" library="SeleniumLibrary">
<arg>${url}</arg>
<doc>Waits until the current URL contains ``expected``.</doc>
<status status="PASS" starttime="20220823 22:55:18.475" endtime="20220823 22:55:18.481"/>
</kw>
<status status="PASS" starttime="20220823 22:55:18.474" endtime="20220823 22:55:18.481"/>
</kw>
<status status="PASS" starttime="20220823 22:55:14.403" endtime="20220823 22:55:18.481"/>
</kw>
<status status="PASS" starttime="20220823 22:55:14.402" endtime="20220823 22:55:18.481"/>
</test>
<test id="s1-s4-t4" name="Test14: Open Hovers page" line="17">
<kw name="Abrir tela" library="homePage">
<arg>Hovers</arg>
<arg>hovers</arg>
<kw name="Given that I open the &quot;Training Wheels Protocol&quot;" library="homePage" sourcename="that I open the &quot;${text}&quot;">
<kw name="Go To" library="SeleniumLibrary">
<arg>${BASE_URL}</arg>
<doc>Navigates the current browser window to the provided ``url``.</doc>
<msg timestamp="20220823 22:55:18.486" level="INFO">Opening url 'https://training-wheels-protocol.herokuapp.com'</msg>
<status status="PASS" starttime="20220823 22:55:18.485" endtime="20220823 22:55:19.171"/>
</kw>
<kw name="Title Should Be" library="SeleniumLibrary">
<arg>${text}</arg>
<doc>Verifies that the current page title equals ``title``.</doc>
<msg timestamp="20220823 22:55:19.181" level="INFO">Page title is 'Training Wheels Protocol'.</msg>
<status status="PASS" starttime="20220823 22:55:19.172" endtime="20220823 22:55:19.181"/>
</kw>
<status status="PASS" starttime="20220823 22:55:18.484" endtime="20220823 22:55:19.181"/>
</kw>
<kw name="When I open &quot;${text}&quot;" library="homePage" sourcename="I open &quot;${LINK}&quot;">
<kw name="Click Element" library="SeleniumLibrary">
<arg>xpath://a[contains(text(),"${LINK}")]</arg>
<doc>Click the element identified by ``locator``.</doc>
<msg timestamp="20220823 22:55:19.183" level="INFO">Clicking element 'xpath://a[contains(text(),"Hovers")]'.</msg>
<status status="PASS" starttime="20220823 22:55:19.182" endtime="20220823 22:55:20.867"/>
</kw>
<status status="PASS" starttime="20220823 22:55:19.181" endtime="20220823 22:55:20.867"/>
</kw>
<kw name="Then I must see the &quot;${url}&quot; URL" library="homePage" sourcename="I must see the &quot;${url}&quot; URL">
<kw name="Wait Until Location Contains" library="SeleniumLibrary">
<arg>${url}</arg>
<doc>Waits until the current URL contains ``expected``.</doc>
<status status="PASS" starttime="20220823 22:55:20.869" endtime="20220823 22:55:20.875"/>
</kw>
<status status="PASS" starttime="20220823 22:55:20.868" endtime="20220823 22:55:20.876"/>
</kw>
<status status="PASS" starttime="20220823 22:55:18.482" endtime="20220823 22:55:20.876"/>
</kw>
<status status="PASS" starttime="20220823 22:55:18.482" endtime="20220823 22:55:20.876"/>
</test>
<test id="s1-s4-t5" name="Test15: Open Alertas em JavaScript page" line="18">
<kw name="Abrir tela" library="homePage">
<arg>Alertas em JavaScript</arg>
<arg>javascript</arg>
<kw name="Given that I open the &quot;Training Wheels Protocol&quot;" library="homePage" sourcename="that I open the &quot;${text}&quot;">
<kw name="Go To" library="SeleniumLibrary">
<arg>${BASE_URL}</arg>
<doc>Navigates the current browser window to the provided ``url``.</doc>
<msg timestamp="20220823 22:55:20.880" level="INFO">Opening url 'https://training-wheels-protocol.herokuapp.com'</msg>
<status status="PASS" starttime="20220823 22:55:20.878" endtime="20220823 22:55:21.505"/>
</kw>
<kw name="Title Should Be" library="SeleniumLibrary">
<arg>${text}</arg>
<doc>Verifies that the current page title equals ``title``.</doc>
<msg timestamp="20220823 22:55:21.518" level="INFO">Page title is 'Training Wheels Protocol'.</msg>
<status status="PASS" starttime="20220823 22:55:21.505" endtime="20220823 22:55:21.518"/>
</kw>
<status status="PASS" starttime="20220823 22:55:20.878" endtime="20220823 22:55:21.519"/>
</kw>
<kw name="When I open &quot;${text}&quot;" library="homePage" sourcename="I open &quot;${LINK}&quot;">
<kw name="Click Element" library="SeleniumLibrary">
<arg>xpath://a[contains(text(),"${LINK}")]</arg>
<doc>Click the element identified by ``locator``.</doc>
<msg timestamp="20220823 22:55:21.522" level="INFO">Clicking element 'xpath://a[contains(text(),"Alertas em JavaScript")]'.</msg>
<status status="PASS" starttime="20220823 22:55:21.521" endtime="20220823 22:55:21.837"/>
</kw>
<status status="PASS" starttime="20220823 22:55:21.519" endtime="20220823 22:55:21.837"/>
</kw>
<kw name="Then I must see the &quot;${url}&quot; URL" library="homePage" sourcename="I must see the &quot;${url}&quot; URL">
<kw name="Wait Until Location Contains" library="SeleniumLibrary">
<arg>${url}</arg>
<doc>Waits until the current URL contains ``expected``.</doc>
<status status="PASS" starttime="20220823 22:55:21.840" endtime="20220823 22:55:21.851"/>
</kw>
<status status="PASS" starttime="20220823 22:55:21.838" endtime="20220823 22:55:21.851"/>
</kw>
<status status="PASS" starttime="20220823 22:55:20.877" endtime="20220823 22:55:21.851"/>
</kw>
<status status="PASS" starttime="20220823 22:55:20.876" endtime="20220823 22:55:21.852"/>
</test>
<test id="s1-s4-t6" name="Test16: Open Modal com Sweet Alert page" line="19">
<kw name="Abrir tela" library="homePage">
<arg>Modal com Sweet Alert</arg>
<arg>alert</arg>
<kw name="Given that I open the &quot;Training Wheels Protocol&quot;" library="homePage" sourcename="that I open the &quot;${text}&quot;">
<kw name="Go To" library="SeleniumLibrary">
<arg>${BASE_URL}</arg>
<doc>Navigates the current browser window to the provided ``url``.</doc>
<msg timestamp="20220823 22:55:21.859" level="INFO">Opening url 'https://training-wheels-protocol.herokuapp.com'</msg>
<status status="PASS" starttime="20220823 22:55:21.858" endtime="20220823 22:55:22.136"/>
</kw>
<kw name="Title Should Be" library="SeleniumLibrary">
<arg>${text}</arg>
<doc>Verifies that the current page title equals ``title``.</doc>
<msg timestamp="20220823 22:55:22.144" level="INFO">Page title is 'Training Wheels Protocol'.</msg>
<status status="PASS" starttime="20220823 22:55:22.137" endtime="20220823 22:55:22.144"/>
</kw>
<status status="PASS" starttime="20220823 22:55:21.857" endtime="20220823 22:55:22.144"/>
</kw>
<kw name="When I open &quot;${text}&quot;" library="homePage" sourcename="I open &quot;${LINK}&quot;">
<kw name="Click Element" library="SeleniumLibrary">
<arg>xpath://a[contains(text(),"${LINK}")]</arg>
<doc>Click the element identified by ``locator``.</doc>
<msg timestamp="20220823 22:55:22.146" level="INFO">Clicking element 'xpath://a[contains(text(),"Modal com Sweet Alert")]'.</msg>
<status status="PASS" starttime="20220823 22:55:22.146" endtime="20220823 22:55:22.517"/>
</kw>
<status status="PASS" starttime="20220823 22:55:22.145" endtime="20220823 22:55:22.518"/>
</kw>
<kw name="Then I must see the &quot;${url}&quot; URL" library="homePage" sourcename="I must see the &quot;${url}&quot; URL">
<kw name="Wait Until Location Contains" library="SeleniumLibrary">
<arg>${url}</arg>
<doc>Waits until the current URL contains ``expected``.</doc>
<status status="PASS" starttime="20220823 22:55:22.521" endtime="20220823 22:55:22.527"/>
</kw>
<status status="PASS" starttime="20220823 22:55:22.519" endtime="20220823 22:55:22.527"/>
</kw>
<status status="PASS" starttime="20220823 22:55:21.855" endtime="20220823 22:55:22.528"/>
</kw>
<status status="PASS" starttime="20220823 22:55:21.853" endtime="20220823 22:55:22.528"/>
</test>
<test id="s1-s4-t7" name="Test17: Open Botões do Teclado page" line="20">
<kw name="Abrir tela" library="homePage">
<arg>Botões do Teclado</arg>
<arg>key</arg>
<kw name="Given that I open the &quot;Training Wheels Protocol&quot;" library="homePage" sourcename="that I open the &quot;${text}&quot;">
<kw name="Go To" library="SeleniumLibrary">
<arg>${BASE_URL}</arg>
<doc>Navigates the current browser window to the provided ``url``.</doc>
<msg timestamp="20220823 22:55:22.533" level="INFO">Opening url 'https://training-wheels-protocol.herokuapp.com'</msg>
<status status="PASS" starttime="20220823 22:55:22.532" endtime="20220823 22:55:22.901"/>
</kw>
<kw name="Title Should Be" library="SeleniumLibrary">
<arg>${text}</arg>
<doc>Verifies that the current page title equals ``title``.</doc>
<msg timestamp="20220823 22:55:22.908" level="INFO">Page title is 'Training Wheels Protocol'.</msg>
<status status="PASS" starttime="20220823 22:55:22.901" endtime="20220823 22:55:22.908"/>
</kw>
<status status="PASS" starttime="20220823 22:55:22.530" endtime="20220823 22:55:22.908"/>
</kw>
<kw name="When I open &quot;${text}&quot;" library="homePage" sourcename="I open &quot;${LINK}&quot;">
<kw name="Click Element" library="SeleniumLibrary">
<arg>xpath://a[contains(text(),"${LINK}")]</arg>
<doc>Click the element identified by ``locator``.</doc>
<msg timestamp="20220823 22:55:22.911" level="INFO">Clicking element 'xpath://a[contains(text(),"Botões do Teclado")]'.</msg>
<status status="PASS" starttime="20220823 22:55:22.910" endtime="20220823 22:55:23.225"/>
</kw>
<status status="PASS" starttime="20220823 22:55:22.909" endtime="20220823 22:55:23.227"/>
</kw>
<kw name="Then I must see the &quot;${url}&quot; URL" library="homePage" sourcename="I must see the &quot;${url}&quot; URL">
<kw name="Wait Until Location Contains" library="SeleniumLibrary">
<arg>${url}</arg>
<doc>Waits until the current URL contains ``expected``.</doc>
<status status="PASS" starttime="20220823 22:55:23.228" endtime="20220823 22:55:23.234"/>
</kw>
<status status="PASS" starttime="20220823 22:55:23.227" endtime="20220823 22:55:23.234"/>
</kw>
<status status="PASS" starttime="20220823 22:55:22.529" endtime="20220823 22:55:23.234"/>
</kw>
<status status="PASS" starttime="20220823 22:55:22.529" endtime="20220823 22:55:23.234"/>
</test>
<test id="s1-s4-t8" name="Test18: Open Nova Janela page" line="21">
<kw name="Abrir tela" library="homePage">
<arg>Nova Janela</arg>
<arg>windows</arg>
<kw name="Given that I open the &quot;Training Wheels Protocol&quot;" library="homePage" sourcename="that I open the &quot;${text}&quot;">
<kw name="Go To" library="SeleniumLibrary">
<arg>${BASE_URL}</arg>
<doc>Navigates the current browser window to the provided ``url``.</doc>
<msg timestamp="20220823 22:55:23.238" level="INFO">Opening url 'https://training-wheels-protocol.herokuapp.com'</msg>
<status status="PASS" starttime="20220823 22:55:23.237" endtime="20220823 22:55:23.521"/>
</kw>
<kw name="Title Should Be" library="SeleniumLibrary">
<arg>${text}</arg>
<doc>Verifies that the current page title equals ``title``.</doc>
<msg timestamp="20220823 22:55:23.528" level="INFO">Page title is 'Training Wheels Protocol'.</msg>
<status status="PASS" starttime="20220823 22:55:23.522" endtime="20220823 22:55:23.529"/>
</kw>
<status status="PASS" starttime="20220823 22:55:23.237" endtime="20220823 22:55:23.529"/>
</kw>
<kw name="When I open &quot;${text}&quot;" library="homePage" sourcename="I open &quot;${LINK}&quot;">
<kw name="Click Element" library="SeleniumLibrary">
<arg>xpath://a[contains(text(),"${LINK}")]</arg>
<doc>Click the element identified by ``locator``.</doc>
<msg timestamp="20220823 22:55:23.532" level="INFO">Clicking element 'xpath://a[contains(text(),"Nova Janela")]'.</msg>
<status status="PASS" starttime="20220823 22:55:23.531" endtime="20220823 22:55:23.873"/>
</kw>
<status status="PASS" starttime="20220823 22:55:23.530" endtime="20220823 22:55:23.873"/>
</kw>
<kw name="Then I must see the &quot;${url}&quot; URL" library="homePage" sourcename="I must see the &quot;${url}&quot; URL">
<kw name="Wait Until Location Contains" library="SeleniumLibrary">
<arg>${url}</arg>
<doc>Waits until the current URL contains ``expected``.</doc>
<status status="PASS" starttime="20220823 22:55:23.875" endtime="20220823 22:55:23.882"/>
</kw>
<status status="PASS" starttime="20220823 22:55:23.874" endtime="20220823 22:55:23.882"/>
</kw>
<status status="PASS" starttime="20220823 22:55:23.235" endtime="20220823 22:55:23.882"/>
</kw>
<status status="PASS" starttime="20220823 22:55:23.235" endtime="20220823 22:55:23.882"/>
</test>
<test id="s1-s4-t9" name="Test19: Open Status Codes page" line="22">
<kw name="Abrir tela" library="homePage">
<arg>Status Codes</arg>
<arg>status</arg>
<kw name="Given that I open the &quot;Training Wheels Protocol&quot;" library="homePage" sourcename="that I open the &quot;${text}&quot;">
<kw name="Go To" library="SeleniumLibrary">
<arg>${BASE_URL}</arg>
<doc>Navigates the current browser window to the provided ``url``.</doc>
<msg timestamp="20220823 22:55:23.889" level="INFO">Opening url 'https://training-wheels-protocol.herokuapp.com'</msg>
<status status="PASS" starttime="20220823 22:55:23.888" endtime="20220823 22:55:24.154"/>
</kw>
<kw name="Title Should Be" library="SeleniumLibrary">
<arg>${text}</arg>
<doc>Verifies that the current page title equals ``title``.</doc>
<msg timestamp="20220823 22:55:24.162" level="INFO">Page title is 'Training Wheels Protocol'.</msg>
<status status="PASS" starttime="20220823 22:55:24.154" endtime="20220823 22:55:24.162"/>
</kw>
<status status="PASS" starttime="20220823 22:55:23.886" endtime="20220823 22:55:24.163"/>
</kw>
<kw name="When I open &quot;${text}&quot;" library="homePage" sourcename="I open &quot;${LINK}&quot;">
<kw name="Click Element" library="SeleniumLibrary">
<arg>xpath://a[contains(text(),"${LINK}")]</arg>
<doc>Click the element identified by ``locator``.</doc>
<msg timestamp="20220823 22:55:24.165" level="INFO">Clicking element 'xpath://a[contains(text(),"Status Codes")]'.</msg>
<status status="PASS" starttime="20220823 22:55:24.164" endtime="20220823 22:55:24.477"/>
</kw>
<status status="PASS" starttime="20220823 22:55:24.163" endtime="20220823 22:55:24.477"/>
</kw>
<kw name="Then I must see the &quot;${url}&quot; URL" library="homePage" sourcename="I must see the &quot;${url}&quot; URL">
<kw name="Wait Until Location Contains" library="SeleniumLibrary">
<arg>${url}</arg>
<doc>Waits until the current URL contains ``expected``.</doc>
<status status="PASS" starttime="20220823 22:55:24.479" endtime="20220823 22:55:24.485"/>
</kw>
<status status="PASS" starttime="20220823 22:55:24.478" endtime="20220823 22:55:24.485"/>
</kw>
<status status="PASS" starttime="20220823 22:55:23.884" endtime="20220823 22:55:24.485"/>
</kw>
<status status="PASS" starttime="20220823 22:55:23.883" endtime="20220823 22:55:24.486"/>
</test>
<test id="s1-s4-t10" name="Test20: Open Tabelas page" line="23">
<kw name="Abrir tela" library="homePage">
<arg>Tabelas</arg>
<arg>tables</arg>
<kw name="Given that I open the &quot;Training Wheels Protocol&quot;" library="homePage" sourcename="that I open the &quot;${text}&quot;">
<kw name="Go To" library="SeleniumLibrary">
<arg>${BASE_URL}</arg>
<doc>Navigates the current browser window to the provided ``url``.</doc>
<msg timestamp="20220823 22:55:24.490" level="INFO">Opening url 'https://training-wheels-protocol.herokuapp.com'</msg>
<status status="PASS" starttime="20220823 22:55:24.489" endtime="20220823 22:55:24.768"/>
</kw>
<kw name="Title Should Be" library="SeleniumLibrary">
<arg>${text}</arg>
<doc>Verifies that the current page title equals ``title``.</doc>
<msg timestamp="20220823 22:55:24.775" level="INFO">Page title is 'Training Wheels Protocol'.</msg>
<status status="PASS" starttime="20220823 22:55:24.768" endtime="20220823 22:55:24.775"/>
</kw>
<status status="PASS" starttime="20220823 22:55:24.489" endtime="20220823 22:55:24.776"/>
</kw>
<kw name="When I open &quot;${text}&quot;" library="homePage" sourcename="I open &quot;${LINK}&quot;">
<kw name="Click Element" library="SeleniumLibrary">
<arg>xpath://a[contains(text(),"${LINK}")]</arg>
<doc>Click the element identified by ``locator``.</doc>
<msg timestamp="20220823 22:55:24.777" level="INFO">Clicking element 'xpath://a[contains(text(),"Tabelas")]'.</msg>
<status status="PASS" starttime="20220823 22:55:24.776" endtime="20220823 22:55:25.412"/>
</kw>
<status status="PASS" starttime="20220823 22:55:24.776" endtime="20220823 22:55:25.412"/>
</kw>
<kw name="Then I must see the &quot;${url}&quot; URL" library="homePage" sourcename="I must see the &quot;${url}&quot; URL">
<kw name="Wait Until Location Contains" library="SeleniumLibrary">
<arg>${url}</arg>
<doc>Waits until the current URL contains ``expected``.</doc>
<status status="PASS" starttime="20220823 22:55:25.414" endtime="20220823 22:55:25.424"/>
</kw>
<status status="PASS" starttime="20220823 22:55:25.412" endtime="20220823 22:55:25.424"/>
</kw>
<status status="PASS" starttime="20220823 22:55:24.487" endtime="20220823 22:55:25.425"/>
</kw>
<status status="PASS" starttime="20220823 22:55:24.486" endtime="20220823 22:55:25.425"/>
</test>
<test id="s1-s4-t11" name="Test21: Open Cadastro com Ajax page" line="24">
<kw name="Abrir tela" library="homePage">
<arg>Cadastro com Ajax</arg>
<arg>games</arg>
<kw name="Given that I open the &quot;Training Wheels Protocol&quot;" library="homePage" sourcename="that I open the &quot;${text}&quot;">
<kw name="Go To" library="SeleniumLibrary">
<arg>${BASE_URL}</arg>
<doc>Navigates the current browser window to the provided ``url``.</doc>
<msg timestamp="20220823 22:55:25.427" level="INFO">Opening url 'https://training-wheels-protocol.herokuapp.com'</msg>
<status status="PASS" starttime="20220823 22:55:25.426" endtime="20220823 22:55:25.682"/>
</kw>
<kw name="Title Should Be" library="SeleniumLibrary">
<arg>${text}</arg>
<doc>Verifies that the current page title equals ``title``.</doc>
<msg timestamp="20220823 22:55:25.711" level="INFO">Page title is 'Training Wheels Protocol'.</msg>
<status status="PASS" starttime="20220823 22:55:25.682" endtime="20220823 22:55:25.711"/>
</kw>
<status status="PASS" starttime="20220823 22:55:25.426" endtime="20220823 22:55:25.712"/>
</kw>
<kw name="When I open &quot;${text}&quot;" library="homePage" sourcename="I open &quot;${LINK}&quot;">
<kw name="Click Element" library="SeleniumLibrary">
<arg>xpath://a[contains(text(),"${LINK}")]</arg>
<doc>Click the element identified by ``locator``.</doc>
<msg timestamp="20220823 22:55:25.714" level="INFO">Clicking element 'xpath://a[contains(text(),"Cadastro com Ajax")]'.</msg>
<status status="PASS" starttime="20220823 22:55:25.713" endtime="20220823 22:55:26.015"/>
</kw>
<status status="PASS" starttime="20220823 22:55:25.712" endtime="20220823 22:55:26.015"/>
</kw>
<kw name="Then I must see the &quot;${url}&quot; URL" library="homePage" sourcename="I must see the &quot;${url}&quot; URL">
<kw name="Wait Until Location Contains" library="SeleniumLibrary">
<arg>${url}</arg>
<doc>Waits until the current URL contains ``expected``.</doc>
<status status="PASS" starttime="20220823 22:55:26.017" endtime="20220823 22:55:26.024"/>
</kw>
<status status="PASS" starttime="20220823 22:55:26.016" endtime="20220823 22:55:26.024"/>
</kw>
<status status="PASS" starttime="20220823 22:55:25.426" endtime="20220823 22:55:26.024"/>
</kw>
<status status="PASS" starttime="20220823 22:55:25.425" endtime="20220823 22:55:26.025"/>
</test>
<kw name="Close Session" library="BasePage" type="TEARDOWN">
<kw name="Capture Page Screenshot" library="SeleniumLibrary">
<doc>Takes a screenshot of the current page and embeds it into a log file.</doc>
<msg timestamp="20220823 22:55:26.255" level="INFO" html="true">&lt;/td&gt;&lt;/tr&gt;&lt;tr&gt;&lt;td colspan="3"&gt;&lt;a href="3-selenium-screenshot-1.png"&gt;&lt;img src="3-selenium-screenshot-1.png" width="800px"&gt;&lt;/a&gt;</msg>
<status status="PASS" starttime="20220823 22:55:26.029" endtime="20220823 22:55:26.256"/>
</kw>
<kw name="Close Browser" library="SeleniumLibrary">
<doc>Closes the current browser.</doc>
<status status="PASS" starttime="20220823 22:55:26.256" endtime="20220823 22:55:28.361"/>
</kw>
<status status="PASS" starttime="20220823 22:55:26.028" endtime="20220823 22:55:28.362"/>
</kw>
<doc>Home Page Naviation</doc>
<status status="PASS" starttime="20220823 22:54:58.426" endtime="20220823 22:55:28.362"/>
</suite>
<suite id="s1-s5" name="Login" source="C:\Projetos\RobotFramework\TrainingWheels\Tests\login.robot">
<kw name="Start Session" library="BasePage" type="SETUP">
<kw name="Open Browser" library="SeleniumLibrary">
<arg>about:blank</arg>
<arg>${BROWSER}</arg>
<doc>Opens a new browser instance to the optional ``url``.</doc>
<msg timestamp="20220823 22:55:11.084" level="INFO">Opening browser 'chrome' to base url 'about:blank'.</msg>
<status status="PASS" starttime="20220823 22:55:11.084" endtime="20220823 22:55:12.945"/>
</kw>
<kw name="Set Selenium Implicit Wait" library="SeleniumLibrary">
<arg>${TIMEOUT}</arg>
<doc>Sets the implicit wait value used by Selenium.</doc>
<status status="PASS" starttime="20220823 22:55:12.945" endtime="20220823 22:55:12.949"/>
</kw>
<kw name="Set Window Size" library="SeleniumLibrary">
<arg>${BROWSER_WIDTH}</arg>
<arg>${BROWSER_HEIGHT}</arg>
<doc>Sets current windows size to given ``width`` and ``height``.</doc>
<status status="PASS" starttime="20220823 22:55:12.949" endtime="20220823 22:55:13.074"/>
</kw>
<kw name="Go To" library="SeleniumLibrary">
<arg>${BASEURL}</arg>
<doc>Navigates the current browser window to the provided ``url``.</doc>
<msg timestamp="20220823 22:55:13.075" level="INFO">Opening url 'https://training-wheels-protocol.herokuapp.com'</msg>
<status status="PASS" starttime="20220823 22:55:13.075" endtime="20220823 22:55:17.344"/>
</kw>
<kw name="Get Title" library="SeleniumLibrary">
<var>${PageTitle}</var>
<doc>Returns the title of the current page.</doc>
<msg timestamp="20220823 22:55:17.350" level="INFO">${PageTitle} = Training Wheels Protocol</msg>
<status status="PASS" starttime="20220823 22:55:17.345" endtime="20220823 22:55:17.350"/>
</kw>
<kw name="Log" library="BuiltIn">
<arg>${PageTitle}</arg>
<doc>Logs the given message with the given level.</doc>
<msg timestamp="20220823 22:55:17.351" level="INFO">Training Wheels Protocol</msg>
<status status="PASS" starttime="20220823 22:55:17.350" endtime="20220823 22:55:17.351"/>
</kw>
<status status="PASS" starttime="20220823 22:55:11.083" endtime="20220823 22:55:17.351"/>
</kw>
<test id="s1-s5-t1" name="Login with valid information" line="12">
<kw name="login with" library="loginPage">
<arg>stark</arg>
<arg>jarvis!</arg>
<arg>Olá, Tony Stark. Você acessou a área logada!</arg>
<kw name="Given that I open the &quot;Login&quot; Page" library="loginPage" sourcename="Given that I open the &quot;${link}&quot; Page">
<kw name="Given that I open the &quot;Training Wheels Protocol&quot;" library="homePage" sourcename="that I open the &quot;${text}&quot;">
<kw name="Go To" library="SeleniumLibrary">
<arg>${BASE_URL}</arg>
<doc>Navigates the current browser window to the provided ``url``.</doc>
<msg timestamp="20220823 22:55:17.354" level="INFO">Opening url 'https://training-wheels-protocol.herokuapp.com'</msg>
<status status="PASS" starttime="20220823 22:55:17.353" endtime="20220823 22:55:17.799"/>
</kw>
<kw name="Title Should Be" library="SeleniumLibrary">
<arg>${text}</arg>
<doc>Verifies that the current page title equals ``title``.</doc>
<msg timestamp="20220823 22:55:17.803" level="INFO">Page title is 'Training Wheels Protocol'.</msg>
<status status="PASS" starttime="20220823 22:55:17.799" endtime="20220823 22:55:17.804"/>
</kw>
<status status="PASS" starttime="20220823 22:55:17.353" endtime="20220823 22:55:17.804"/>
</kw>
<kw name="When I open &quot;${link}&quot;" library="homePage" sourcename="I open &quot;${LINK}&quot;">
<kw name="Click Element" library="SeleniumLibrary">
<arg>xpath://a[contains(text(),"${LINK}")]</arg>
<doc>Click the element identified by ``locator``.</doc>
<msg timestamp="20220823 22:55:17.805" level="INFO">Clicking element 'xpath://a[contains(text(),"Login")]'.</msg>
<status status="PASS" starttime="20220823 22:55:17.805" endtime="20220823 22:55:18.336"/>
</kw>
<status status="PASS" starttime="20220823 22:55:17.804" endtime="20220823 22:55:18.336"/>
</kw>
<status status="PASS" starttime="20220823 22:55:17.353" endtime="20220823 22:55:18.337"/>
</kw>
<kw name="And I have &quot;${LOGIN}&quot; and &quot;${PASS}&quot;" library="loginPage" sourcename="And I have &quot;${email}&quot; and &quot;${password}&quot;">
<kw name="Set Test Variable" library="BuiltIn">
<arg>${email}</arg>
<doc>Makes a variable available everywhere within the scope of the current test.</doc>
<msg timestamp="20220823 22:55:18.338" level="INFO">${email} = stark</msg>
<status status="PASS" starttime="20220823 22:55:18.337" endtime="20220823 22:55:18.338"/>
</kw>
<kw name="Set Test Variable" library="BuiltIn">
<arg>${password}</arg>
<doc>Makes a variable available everywhere within the scope of the current test.</doc>
<msg timestamp="20220823 22:55:18.338" level="INFO">${password} = jarvis!</msg>
<status status="PASS" starttime="20220823 22:55:18.338" endtime="20220823 22:55:18.338"/>
</kw>
<status status="PASS" starttime="20220823 22:55:18.337" endtime="20220823 22:55:18.338"/>
</kw>
<kw name="When I submit that information" library="loginPage">
<kw name="Input Text" library="SeleniumLibrary">
<arg>${txtLogin}</arg>
<arg>${email}</arg>
<doc>Types the given ``text`` into the text field identified by ``locator``.</doc>
<msg timestamp="20220823 22:55:18.339" level="INFO">Typing text 'stark' into text field 'name:username'.</msg>
<status status="PASS" starttime="20220823 22:55:18.339" endtime="20220823 22:55:18.430"/>
</kw>
<kw name="Input Text" library="SeleniumLibrary">
<arg>${txtPassword}</arg>
<arg>${password}</arg>
<doc>Types the given ``text`` into the text field identified by ``locator``.</doc>
<msg timestamp="20220823 22:55:18.431" level="INFO">Typing text 'jarvis!' into text field 'name:password'.</msg>
<status status="PASS" starttime="20220823 22:55:18.431" endtime="20220823 22:55:18.516"/>
</kw>
<kw name="Click Element" library="SeleniumLibrary">
<arg>${btnLogin}</arg>
<doc>Click the element identified by ``locator``.</doc>
<msg timestamp="20220823 22:55:18.517" level="INFO">Clicking element 'css:.btn-login'.</msg>
<status status="PASS" starttime="20220823 22:55:18.516" endtime="20220823 22:55:19.069"/>
</kw>
<status status="PASS" starttime="20220823 22:55:18.338" endtime="20220823 22:55:19.069"/>
</kw>
<kw name="Then I must see the message &quot;${message}&quot;" library="loginPage" sourcename="Then I must see the message &quot;${message}&quot;">
<kw name="Wait Until Element Is Visible" library="SeleniumLibrary">
<arg>${successAlert}</arg>
<doc>Waits until the element ``locator`` is visible.</doc>
<status status="PASS" starttime="20220823 22:55:19.071" endtime="20220823 22:55:19.100"/>
</kw>
<kw name="Element Should Contain" library="SeleniumLibrary">
<arg>${successAlert}</arg>
<arg>${message}</arg>
<doc>Verifies that element ``locator`` contains text ``expected``.</doc>
<msg timestamp="20220823 22:55:19.131" level="INFO">Element 'css:.flash.success,.flash.error' contains text 'Olá, Tony Stark. Você acessou a área logada!'.</msg>
<status status="PASS" starttime="20220823 22:55:19.100" endtime="20220823 22:55:19.131"/>
</kw>
<status status="PASS" starttime="20220823 22:55:19.069" endtime="20220823 22:55:19.131"/>
</kw>
<status status="PASS" starttime="20220823 22:55:17.352" endtime="20220823 22:55:19.131"/>
</kw>
<tag>smoke</tag>
<status status="PASS" starttime="20220823 22:55:17.351" endtime="20220823 22:55:19.132"/>
</test>
<test id="s1-s5-t2" name="Login with invalid info" line="15">
<kw name="login with" library="loginPage">
<arg>wrong</arg>
<arg>jarvis!</arg>
<arg>O usuário informado não está cadastrado!</arg>
<kw name="Given that I open the &quot;Login&quot; Page" library="loginPage" sourcename="Given that I open the &quot;${link}&quot; Page">
<kw name="Given that I open the &quot;Training Wheels Protocol&quot;" library="homePage" sourcename="that I open the &quot;${text}&quot;">
<kw name="Go To" library="SeleniumLibrary">
<arg>${BASE_URL}</arg>
<doc>Navigates the current browser window to the provided ``url``.</doc>
<msg timestamp="20220823 22:55:19.137" level="INFO">Opening url 'https://training-wheels-protocol.herokuapp.com'</msg>
<status status="PASS" starttime="20220823 22:55:19.136" endtime="20220823 22:55:19.423"/>
</kw>
<kw name="Title Should Be" library="SeleniumLibrary">
<arg>${text}</arg>
<doc>Verifies that the current page title equals ``title``.</doc>
<msg timestamp="20220823 22:55:19.429" level="INFO">Page title is 'Training Wheels Protocol'.</msg>
<status status="PASS" starttime="20220823 22:55:19.423" endtime="20220823 22:55:19.429"/>
</kw>
<status status="PASS" starttime="20220823 22:55:19.135" endtime="20220823 22:55:19.430"/>
</kw>
<kw name="When I open &quot;${link}&quot;" library="homePage" sourcename="I open &quot;${LINK}&quot;">
<kw name="Click Element" library="SeleniumLibrary">
<arg>xpath://a[contains(text(),"${LINK}")]</arg>
<doc>Click the element identified by ``locator``.</doc>
<msg timestamp="20220823 22:55:19.431" level="INFO">Clicking element 'xpath://a[contains(text(),"Login")]'.</msg>
<status status="PASS" starttime="20220823 22:55:19.430" endtime="20220823 22:55:19.757"/>
</kw>
<status status="PASS" starttime="20220823 22:55:19.430" endtime="20220823 22:55:19.758"/>
</kw>
<status status="PASS" starttime="20220823 22:55:19.134" endtime="20220823 22:55:19.758"/>
</kw>
<kw name="And I have &quot;${LOGIN}&quot; and &quot;${PASS}&quot;" library="loginPage" sourcename="And I have &quot;${email}&quot; and &quot;${password}&quot;">
<kw name="Set Test Variable" library="BuiltIn">
<arg>${email}</arg>
<doc>Makes a variable available everywhere within the scope of the current test.</doc>
<msg timestamp="20220823 22:55:19.761" level="INFO">${email} = wrong</msg>
<status status="PASS" starttime="20220823 22:55:19.760" endtime="20220823 22:55:19.761"/>
</kw>
<kw name="Set Test Variable" library="BuiltIn">
<arg>${password}</arg>
<doc>Makes a variable available everywhere within the scope of the current test.</doc>
<msg timestamp="20220823 22:55:19.762" level="INFO">${password} = jarvis!</msg>
<status status="PASS" starttime="20220823 22:55:19.761" endtime="20220823 22:55:19.762"/>
</kw>
<status status="PASS" starttime="20220823 22:55:19.759" endtime="20220823 22:55:19.762"/>
</kw>
<kw name="When I submit that information" library="loginPage">
<kw name="Input Text" library="SeleniumLibrary">
<arg>${txtLogin}</arg>
<arg>${email}</arg>
<doc>Types the given ``text`` into the text field identified by ``locator``.</doc>
<msg timestamp="20220823 22:55:19.764" level="INFO">Typing text 'wrong' into text field 'name:username'.</msg>
<status status="PASS" starttime="20220823 22:55:19.763" endtime="20220823 22:55:19.840"/>
</kw>
<kw name="Input Text" library="SeleniumLibrary">
<arg>${txtPassword}</arg>
<arg>${password}</arg>
<doc>Types the given ``text`` into the text field identified by ``locator``.</doc>
<msg timestamp="20220823 22:55:19.841" level="INFO">Typing text 'jarvis!' into text field 'name:password'.</msg>
<status status="PASS" starttime="20220823 22:55:19.840" endtime="20220823 22:55:19.932"/>
</kw>
<kw name="Click Element" library="SeleniumLibrary">
<arg>${btnLogin}</arg>
<doc>Click the element identified by ``locator``.</doc>
<msg timestamp="20220823 22:55:19.933" level="INFO">Clicking element 'css:.btn-login'.</msg>
<status status="PASS" starttime="20220823 22:55:19.932" endtime="20220823 22:55:20.455"/>
</kw>
<status status="PASS" starttime="20220823 22:55:19.763" endtime="20220823 22:55:20.455"/>
</kw>
<kw name="Then I must see the message &quot;${message}&quot;" library="loginPage" sourcename="Then I must see the message &quot;${message}&quot;">
<kw name="Wait Until Element Is Visible" library="SeleniumLibrary">
<arg>${successAlert}</arg>
<doc>Waits until the element ``locator`` is visible.</doc>
<status status="PASS" starttime="20220823 22:55:20.456" endtime="20220823 22:55:20.480"/>
</kw>
<kw name="Element Should Contain" library="SeleniumLibrary">
<arg>${successAlert}</arg>
<arg>${message}</arg>
<doc>Verifies that element ``locator`` contains text ``expected``.</doc>
<msg timestamp="20220823 22:55:20.498" level="INFO">Element 'css:.flash.success,.flash.error' contains text 'O usuário informado não está cadastrado!'.</msg>
<status status="PASS" starttime="20220823 22:55:20.480" endtime="20220823 22:55:20.498"/>
</kw>
<status status="PASS" starttime="20220823 22:55:20.455" endtime="20220823 22:55:20.499"/>
</kw>
<status status="PASS" starttime="20220823 22:55:19.133" endtime="20220823 22:55:20.499"/>
</kw>
<tag>invalid</tag>
<status status="PASS" starttime="20220823 22:55:19.132" endtime="20220823 22:55:20.499"/>
</test>
<test id="s1-s5-t3" name="Empty login" line="18">
<kw name="login with" library="loginPage">
<arg>${EMPTY}</arg>
<arg>jarvis!</arg>
<arg>O usuário informado não está cadastrado!</arg>
<kw name="Given that I open the &quot;Login&quot; Page" library="loginPage" sourcename="Given that I open the &quot;${link}&quot; Page">
<kw name="Given that I open the &quot;Training Wheels Protocol&quot;" library="homePage" sourcename="that I open the &quot;${text}&quot;">
<kw name="Go To" library="SeleniumLibrary">
<arg>${BASE_URL}</arg>
<doc>Navigates the current browser window to the provided ``url``.</doc>
<msg timestamp="20220823 22:55:20.504" level="INFO">Opening url 'https://training-wheels-protocol.herokuapp.com'</msg>
<status status="PASS" starttime="20220823 22:55:20.504" endtime="20220823 22:55:20.792"/>
</kw>
<kw name="Title Should Be" library="SeleniumLibrary">
<arg>${text}</arg>
<doc>Verifies that the current page title equals ``title``.</doc>
<msg timestamp="20220823 22:55:20.802" level="INFO">Page title is 'Training Wheels Protocol'.</msg>
<status status="PASS" starttime="20220823 22:55:20.793" endtime="20220823 22:55:20.802"/>
</kw>
<status status="PASS" starttime="20220823 22:55:20.503" endtime="20220823 22:55:20.802"/>
</kw>
<kw name="When I open &quot;${link}&quot;" library="homePage" sourcename="I open &quot;${LINK}&quot;">
<kw name="Click Element" library="SeleniumLibrary">
<arg>xpath://a[contains(text(),"${LINK}")]</arg>
<doc>Click the element identified by ``locator``.</doc>
<msg timestamp="20220823 22:55:20.806" level="INFO">Clicking element 'xpath://a[contains(text(),"Login")]'.</msg>
<status status="PASS" starttime="20220823 22:55:20.804" endtime="20220823 22:55:21.159"/>
</kw>
<status status="PASS" starttime="20220823 22:55:20.803" endtime="20220823 22:55:21.160"/>
</kw>
<status status="PASS" starttime="20220823 22:55:20.503" endtime="20220823 22:55:21.160"/>
</kw>
<kw name="And I have &quot;${LOGIN}&quot; and &quot;${PASS}&quot;" library="loginPage" sourcename="And I have &quot;${email}&quot; and &quot;${password}&quot;">
<kw name="Set Test Variable" library="BuiltIn">
<arg>${email}</arg>
<doc>Makes a variable available everywhere within the scope of the current test.</doc>
<msg timestamp="20220823 22:55:21.164" level="INFO">${email} = </msg>
<status status="PASS" starttime="20220823 22:55:21.162" endtime="20220823 22:55:21.164"/>
</kw>
<kw name="Set Test Variable" library="BuiltIn">
<arg>${password}</arg>
<doc>Makes a variable available everywhere within the scope of the current test.</doc>
<msg timestamp="20220823 22:55:21.166" level="INFO">${password} = jarvis!</msg>
<status status="PASS" starttime="20220823 22:55:21.165" endtime="20220823 22:55:21.167"/>
</kw>
<status status="PASS" starttime="20220823 22:55:21.160" endtime="20220823 22:55:21.167"/>
</kw>
<kw name="When I submit that information" library="loginPage">
<kw name="Input Text" library="SeleniumLibrary">
<arg>${txtLogin}</arg>
<arg>${email}</arg>
<doc>Types the given ``text`` into the text field identified by ``locator``.</doc>
<msg timestamp="20220823 22:55:21.169" level="INFO">Typing text '' into text field 'name:username'.</msg>
<status status="PASS" starttime="20220823 22:55:21.168" endtime="20220823 22:55:21.250"/>
</kw>
<kw name="Input Text" library="SeleniumLibrary">
<arg>${txtPassword}</arg>
<arg>${password}</arg>
<doc>Types the given ``text`` into the text field identified by ``locator``.</doc>
<msg timestamp="20220823 22:55:21.252" level="INFO">Typing text 'jarvis!' into text field 'name:password'.</msg>
<status status="PASS" starttime="20220823 22:55:21.250" endtime="20220823 22:55:21.355"/>
</kw>
<kw name="Click Element" library="SeleniumLibrary">
<arg>${btnLogin}</arg>
<doc>Click the element identified by ``locator``.</doc>
<msg timestamp="20220823 22:55:21.356" level="INFO">Clicking element 'css:.btn-login'.</msg>
<status status="PASS" starttime="20220823 22:55:21.355" endtime="20220823 22:55:21.907"/>
</kw>
<status status="PASS" starttime="20220823 22:55:21.167" endtime="20220823 22:55:21.907"/>
</kw>
<kw name="Then I must see the message &quot;${message}&quot;" library="loginPage" sourcename="Then I must see the message &quot;${message}&quot;">
<kw name="Wait Until Element Is Visible" library="SeleniumLibrary">
<arg>${successAlert}</arg>
<doc>Waits until the element ``locator`` is visible.</doc>
<status status="PASS" starttime="20220823 22:55:21.909" endtime="20220823 22:55:21.931"/>
</kw>
<kw name="Element Should Contain" library="SeleniumLibrary">
<arg>${successAlert}</arg>
<arg>${message}</arg>
<doc>Verifies that element ``locator`` contains text ``expected``.</doc>
<msg timestamp="20220823 22:55:21.956" level="INFO">Element 'css:.flash.success,.flash.error' contains text 'O usuário informado não está cadastrado!'.</msg>
<status status="PASS" starttime="20220823 22:55:21.931" endtime="20220823 22:55:21.956"/>
</kw>
<status status="PASS" starttime="20220823 22:55:21.907" endtime="20220823 22:55:21.956"/>
</kw>
<status status="PASS" starttime="20220823 22:55:20.501" endtime="20220823 22:55:21.956"/>
</kw>
<tag>invalid</tag>
<status status="PASS" starttime="20220823 22:55:20.500" endtime="20220823 22:55:21.957"/>
</test>
<test id="s1-s5-t4" name="Empty email" line="21">
<kw name="login with" library="loginPage">
<arg>stark</arg>
<arg>${EMPTY}</arg>
<arg>Senha é invalida!</arg>
<kw name="Given that I open the &quot;Login&quot; Page" library="loginPage" sourcename="Given that I open the &quot;${link}&quot; Page">
<kw name="Given that I open the &quot;Training Wheels Protocol&quot;" library="homePage" sourcename="that I open the &quot;${text}&quot;">
<kw name="Go To" library="SeleniumLibrary">
<arg>${BASE_URL}</arg>
<doc>Navigates the current browser window to the provided ``url``.</doc>
<msg timestamp="20220823 22:55:21.962" level="INFO">Opening url 'https://training-wheels-protocol.herokuapp.com'</msg>
<status status="PASS" starttime="20220823 22:55:21.962" endtime="20220823 22:55:22.294"/>
</kw>
<kw name="Title Should Be" library="SeleniumLibrary">
<arg>${text}</arg>
<doc>Verifies that the current page title equals ``title``.</doc>
<msg timestamp="20220823 22:55:22.308" level="INFO">Page title is 'Training Wheels Protocol'.</msg>
<status status="PASS" starttime="20220823 22:55:22.296" endtime="20220823 22:55:22.308"/>
</kw>
<status status="PASS" starttime="20220823 22:55:21.961" endtime="20220823 22:55:22.309"/>
</kw>
<kw name="When I open &quot;${link}&quot;" library="homePage" sourcename="I open &quot;${LINK}&quot;">
<kw name="Click Element" library="SeleniumLibrary">
<arg>xpath://a[contains(text(),"${LINK}")]</arg>
<doc>Click the element identified by ``locator``.</doc>
<msg timestamp="20220823 22:55:22.312" level="INFO">Clicking element 'xpath://a[contains(text(),"Login")]'.</msg>
<status status="PASS" starttime="20220823 22:55:22.311" endtime="20220823 22:55:22.687"/>
</kw>
<status status="PASS" starttime="20220823 22:55:22.309" endtime="20220823 22:55:22.688"/>
</kw>
<status status="PASS" starttime="20220823 22:55:21.960" endtime="20220823 22:55:22.689"/>
</kw>
<kw name="And I have &quot;${LOGIN}&quot; and &quot;${PASS}&quot;" library="loginPage" sourcename="And I have &quot;${email}&quot; and &quot;${password}&quot;">
<kw name="Set Test Variable" library="BuiltIn">
<arg>${email}</arg>
<doc>Makes a variable available everywhere within the scope of the current test.</doc>
<msg timestamp="20220823 22:55:22.693" level="INFO">${email} = stark</msg>
<status status="PASS" starttime="20220823 22:55:22.692" endtime="20220823 22:55:22.693"/>
</kw>
<kw name="Set Test Variable" library="BuiltIn">
<arg>${password}</arg>
<doc>Makes a variable available everywhere within the scope of the current test.</doc>
<msg timestamp="20220823 22:55:22.695" level="INFO">${password} = </msg>
<status status="PASS" starttime="20220823 22:55:22.693" endtime="20220823 22:55:22.695"/>
</kw>
<status status="PASS" starttime="20220823 22:55:22.690" endtime="20220823 22:55:22.695"/>
</kw>
<kw name="When I submit that information" library="loginPage">
<kw name="Input Text" library="SeleniumLibrary">
<arg>${txtLogin}</arg>
<arg>${email}</arg>
<doc>Types the given ``text`` into the text field identified by ``locator``.</doc>
<msg timestamp="20220823 22:55:22.698" level="INFO">Typing text 'stark' into text field 'name:username'.</msg>
<status status="PASS" starttime="20220823 22:55:22.697" endtime="20220823 22:55:22.871"/>
</kw>
<kw name="Input Text" library="SeleniumLibrary">
<arg>${txtPassword}</arg>
<arg>${password}</arg>
<doc>Types the given ``text`` into the text field identified by ``locator``.</doc>
<msg timestamp="20220823 22:55:22.873" level="INFO">Typing text '' into text field 'name:password'.</msg>
<status status="PASS" starttime="20220823 22:55:22.871" endtime="20220823 22:55:22.959"/>
</kw>
<kw name="Click Element" library="SeleniumLibrary">
<arg>${btnLogin}</arg>
<doc>Click the element identified by ``locator``.</doc>
<msg timestamp="20220823 22:55:22.961" level="INFO">Clicking element 'css:.btn-login'.</msg>
<status status="PASS" starttime="20220823 22:55:22.960" endtime="20220823 22:55:23.513"/>
</kw>
<status status="PASS" starttime="20220823 22:55:22.697" endtime="20220823 22:55:23.513"/>
</kw>
<kw name="Then I must see the message &quot;${message}&quot;" library="loginPage" sourcename="Then I must see the message &quot;${message}&quot;">
<kw name="Wait Until Element Is Visible" library="SeleniumLibrary">
<arg>${successAlert}</arg>
<doc>Waits until the element ``locator`` is visible.</doc>
<status status="PASS" starttime="20220823 22:55:23.516" endtime="20220823 22:55:23.542"/>
</kw>
<kw name="Element Should Contain" library="SeleniumLibrary">
<arg>${successAlert}</arg>
<arg>${message}</arg>
<doc>Verifies that element ``locator`` contains text ``expected``.</doc>
<msg timestamp="20220823 22:55:23.565" level="INFO">Element 'css:.flash.success,.flash.error' contains text 'Senha é invalida!'.</msg>
<status status="PASS" starttime="20220823 22:55:23.543" endtime="20220823 22:55:23.565"/>
</kw>
<status status="PASS" starttime="20220823 22:55:23.514" endtime="20220823 22:55:23.566"/>
</kw>
<status status="PASS" starttime="20220823 22:55:21.958" endtime="20220823 22:55:23.566"/>
</kw>
<tag>invalid</tag>
<status status="PASS" starttime="20220823 22:55:21.957" endtime="20220823 22:55:23.566"/>
</test>
<test id="s1-s5-t5" name="Empty fields" line="24">
<kw name="login with" library="loginPage">
<arg>${EMPTY}</arg>
<arg>${EMPTY}</arg>
<arg>O usuário informado não está cadastrado!</arg>
<kw name="Given that I open the &quot;Login&quot; Page" library="loginPage" sourcename="Given that I open the &quot;${link}&quot; Page">
<kw name="Given that I open the &quot;Training Wheels Protocol&quot;" library="homePage" sourcename="that I open the &quot;${text}&quot;">
<kw name="Go To" library="SeleniumLibrary">
<arg>${BASE_URL}</arg>
<doc>Navigates the current browser window to the provided ``url``.</doc>
<msg timestamp="20220823 22:55:23.575" level="INFO">Opening url 'https://training-wheels-protocol.herokuapp.com'</msg>
<status status="PASS" starttime="20220823 22:55:23.574" endtime="20220823 22:55:23.908"/>
</kw>
<kw name="Title Should Be" library="SeleniumLibrary">
<arg>${text}</arg>
<doc>Verifies that the current page title equals ``title``.</doc>
<msg timestamp="20220823 22:55:23.920" level="INFO">Page title is 'Training Wheels Protocol'.</msg>
<status status="PASS" starttime="20220823 22:55:23.909" endtime="20220823 22:55:23.921"/>
</kw>
<status status="PASS" starttime="20220823 22:55:23.573" endtime="20220823 22:55:23.921"/>
</kw>
<kw name="When I open &quot;${link}&quot;" library="homePage" sourcename="I open &quot;${LINK}&quot;">
<kw name="Click Element" library="SeleniumLibrary">
<arg>xpath://a[contains(text(),"${LINK}")]</arg>
<doc>Click the element identified by ``locator``.</doc>
<msg timestamp="20220823 22:55:23.922" level="INFO">Clicking element 'xpath://a[contains(text(),"Login")]'.</msg>
<status status="PASS" starttime="20220823 22:55:23.922" endtime="20220823 22:55:24.244"/>
</kw>
<status status="PASS" starttime="20220823 22:55:23.921" endtime="20220823 22:55:24.244"/>
</kw>
<status status="PASS" starttime="20220823 22:55:23.571" endtime="20220823 22:55:24.245"/>
</kw>
<kw name="And I have &quot;${LOGIN}&quot; and &quot;${PASS}&quot;" library="loginPage" sourcename="And I have &quot;${email}&quot; and &quot;${password}&quot;">
<kw name="Set Test Variable" library="BuiltIn">
<arg>${email}</arg>
<doc>Makes a variable available everywhere within the scope of the current test.</doc>
<msg timestamp="20220823 22:55:24.247" level="INFO">${email} = </msg>
<status status="PASS" starttime="20220823 22:55:24.246" endtime="20220823 22:55:24.248"/>
</kw>
<kw name="Set Test Variable" library="BuiltIn">
<arg>${password}</arg>
<doc>Makes a variable available everywhere within the scope of the current test.</doc>
<msg timestamp="20220823 22:55:24.249" level="INFO">${password} = </msg>
<status status="PASS" starttime="20220823 22:55:24.248" endtime="20220823 22:55:24.249"/>
</kw>
<status status="PASS" starttime="20220823 22:55:24.245" endtime="20220823 22:55:24.250"/>
</kw>
<kw name="When I submit that information" library="loginPage">
<kw name="Input Text" library="SeleniumLibrary">
<arg>${txtLogin}</arg>
<arg>${email}</arg>
<doc>Types the given ``text`` into the text field identified by ``locator``.</doc>
<msg timestamp="20220823 22:55:24.251" level="INFO">Typing text '' into text field 'name:username'.</msg>
<status status="PASS" starttime="20220823 22:55:24.251" endtime="20220823 22:55:24.319"/>
</kw>
<kw name="Input Text" library="SeleniumLibrary">
<arg>${txtPassword}</arg>
<arg>${password}</arg>
<doc>Types the given ``text`` into the text field identified by ``locator``.</doc>
<msg timestamp="20220823 22:55:24.320" level="INFO">Typing text '' into text field 'name:password'.</msg>
<status status="PASS" starttime="20220823 22:55:24.319" endtime="20220823 22:55:24.389"/>
</kw>
<kw name="Click Element" library="SeleniumLibrary">
<arg>${btnLogin}</arg>
<doc>Click the element identified by ``locator``.</doc>
<msg timestamp="20220823 22:55:24.389" level="INFO">Clicking element 'css:.btn-login'.</msg>
<status status="PASS" starttime="20220823 22:55:24.389" endtime="20220823 22:55:24.904"/>
</kw>
<status status="PASS" starttime="20220823 22:55:24.250" endtime="20220823 22:55:24.904"/>
</kw>
<kw name="Then I must see the message &quot;${message}&quot;" library="loginPage" sourcename="Then I must see the message &quot;${message}&quot;">
<kw name="Wait Until Element Is Visible" library="SeleniumLibrary">
<arg>${successAlert}</arg>
<doc>Waits until the element ``locator`` is visible.</doc>
<status status="PASS" starttime="20220823 22:55:24.906" endtime="20220823 22:55:24.928"/>
</kw>
<kw name="Element Should Contain" library="SeleniumLibrary">
<arg>${successAlert}</arg>
<arg>${message}</arg>
<doc>Verifies that element ``locator`` contains text ``expected``.</doc>
<msg timestamp="20220823 22:55:24.948" level="INFO">Element 'css:.flash.success,.flash.error' contains text 'O usuário informado não está cadastrado!'.</msg>
<status status="PASS" starttime="20220823 22:55:24.928" endtime="20220823 22:55:24.949"/>
</kw>
<status status="PASS" starttime="20220823 22:55:24.905" endtime="20220823 22:55:24.949"/>
</kw>
<status status="PASS" starttime="20220823 22:55:23.568" endtime="20220823 22:55:24.949"/>
</kw>
<tag>invalid</tag>
<status status="PASS" starttime="20220823 22:55:23.567" endtime="20220823 22:55:24.949"/>
</test>
<kw name="Close Session" library="BasePage" type="TEARDOWN">
<kw name="Capture Page Screenshot" library="SeleniumLibrary">
<doc>Takes a screenshot of the current page and embeds it into a log file.</doc>
<msg timestamp="20220823 22:55:25.171" level="INFO" html="true">&lt;/td&gt;&lt;/tr&gt;&lt;tr&gt;&lt;td colspan="3"&gt;&lt;a href="4-selenium-screenshot-1.png"&gt;&lt;img src="4-selenium-screenshot-1.png" width="800px"&gt;&lt;/a&gt;</msg>
<status status="PASS" starttime="20220823 22:55:24.952" endtime="20220823 22:55:25.171"/>
</kw>
<kw name="Close Browser" library="SeleniumLibrary">
<doc>Closes the current browser.</doc>
<status status="PASS" starttime="20220823 22:55:25.171" endtime="20220823 22:55:27.263"/>
</kw>
<status status="PASS" starttime="20220823 22:55:24.950" endtime="20220823 22:55:27.264"/>
</kw>
<doc>As a customer, I want to be able to login using valid information. Also I want to check all exceptions errors when
trying to login with wrong info</doc>
<status status="PASS" starttime="20220823 22:55:10.016" endtime="20220823 22:55:27.264"/>
</suite>
<doc>[https://pabot.org/?ref=log|Pabot] result from 5 executions.</doc>
<status status="FAIL" starttime="20220823 22:54:58.406" endtime="20220823 22:55:28.366"/>
</suite>
<statistics>
<total>
<stat pass="26" fail="2" skip="0">All Tests</stat>
</total>
<tag>
<stat pass="4" fail="0" skip="0">invalid</stat>
<stat pass="2" fail="0" skip="0">smoke</stat>
</tag>
<suite>
<stat pass="26" fail="2" skip="0" id="s1" name="Suites">Suites</stat>
<stat pass="0" fail="1" skip="0" id="s1-s1" name="Checkbox">Suites.Checkbox</stat>
<stat pass="0" fail="1" skip="0" id="s1-s2" name="Dropdown">Suites.Dropdown</stat>
<stat pass="10" fail="0" skip="0" id="s1-s3" name="Home Test">Suites.Home Test</stat>
<stat pass="11" fail="0" skip="0" id="s1-s4" name="Home Test2">Suites.Home Test2</stat>
<stat pass="5" fail="0" skip="0" id="s1-s5" name="Login">Suites.Login</stat>
</suite>
</statistics>
<errors>
<msg timestamp="20220823 22:54:59.558" level="WARN">Imported resource file 'C:\Projetos\RobotFramework\TrainingWheels\Resources\Pages\checkboxPage.robot' is empty.</msg>
<msg timestamp="20220823 22:54:59.559" level="WARN">Imported resource file 'C:\Projetos\RobotFramework\TrainingWheels\Resources\Pages\dropdownPage.robot' is empty.</msg>
<msg timestamp="20220823 22:54:59.556" level="WARN">Imported resource file 'C:\Projetos\RobotFramework\TrainingWheels\Resources\Pages\checkboxPage.robot' is empty.</msg>
<msg timestamp="20220823 22:54:59.558" level="WARN">Imported resource file 'C:\Projetos\RobotFramework\TrainingWheels\Resources\Pages\dropdownPage.robot' is empty.</msg>
<msg timestamp="20220823 22:54:59.558" level="WARN">Imported resource file 'C:\Projetos\RobotFramework\TrainingWheels\Resources\Pages\checkboxPage.robot' is empty.</msg>
<msg timestamp="20220823 22:54:59.559" level="WARN">Imported resource file 'C:\Projetos\RobotFramework\TrainingWheels\Resources\Pages\dropdownPage.robot' is empty.</msg>
<msg timestamp="20220823 22:54:59.566" level="WARN">Imported resource file 'C:\Projetos\RobotFramework\TrainingWheels\Resources\Pages\checkboxPage.robot' is empty.</msg>
<msg timestamp="20220823 22:54:59.567" level="WARN">Imported resource file 'C:\Projetos\RobotFramework\TrainingWheels\Resources\Pages\dropdownPage.robot' is empty.</msg>
<msg timestamp="20220823 22:55:11.059" level="WARN">Imported resource file 'C:\Projetos\RobotFramework\TrainingWheels\Resources\Pages\checkboxPage.robot' is empty.</msg>
<msg timestamp="20220823 22:55:11.060" level="WARN">Imported resource file 'C:\Projetos\RobotFramework\TrainingWheels\Resources\Pages\dropdownPage.robot' is empty.</msg>
</errors>
</robot>
