<?xml version="1.0" encoding="UTF-8"?>
<robot generator="Robot 5.0.1 (Python 3.9.11 on win32)" generated="20220823 22:54:58.409" rpa="false" schemaversion="3">
<suite id="s1" name="Suites">
<suite id="s1-s1" name="Checkbox" source="C:\Projetos\RobotFramework\TrainingWheels\Tests\checkbox.robot">
<kw name="Start Session" library="BasePage" type="SETUP">
<kw name="Open Browser" library="SeleniumLibrary">
<arg>about:blank</arg>
<arg>${BROWSER}</arg>
<doc>Opens a new browser instance to the optional ``url``.</doc>
<msg timestamp="20220823 22:54:59.570" level="INFO">Opening browser 'chrome' to base url 'about:blank'.</msg>
<status status="PASS" starttime="20220823 22:54:59.570" endtime="20220823 22:55:02.954"/>
</kw>
<kw name="Set Selenium Implicit Wait" library="SeleniumLibrary">
<arg>${TIMEOUT}</arg>
<doc>Sets the implicit wait value used by Selenium.</doc>
<status status="PASS" starttime="20220823 22:55:02.954" endtime="20220823 22:55:02.958"/>
</kw>
<kw name="Set Window Size" library="SeleniumLibrary">
<arg>${BROWSER_WIDTH}</arg>
<arg>${BROWSER_HEIGHT}</arg>
<doc>Sets current windows size to given ``width`` and ``height``.</doc>
<status status="PASS" starttime="20220823 22:55:02.958" endtime="20220823 22:55:03.141"/>
</kw>
<kw name="Go To" library="SeleniumLibrary">
<arg>${BASEURL}</arg>
<doc>Navigates the current browser window to the provided ``url``.</doc>
<msg timestamp="20220823 22:55:03.142" level="INFO">Opening url 'https://training-wheels-protocol.herokuapp.com'</msg>
<status status="PASS" starttime="20220823 22:55:03.142" endtime="20220823 22:55:06.310"/>
</kw>
<kw name="Get Title" library="SeleniumLibrary">
<var>${PageTitle}</var>
<doc>Returns the title of the current page.</doc>
<msg timestamp="20220823 22:55:06.318" level="INFO">${PageTitle} = Training Wheels Protocol</msg>
<status status="PASS" starttime="20220823 22:55:06.311" endtime="20220823 22:55:06.321"/>
</kw>
<kw name="Log" library="BuiltIn">
<arg>${PageTitle}</arg>
<doc>Logs the given message with the given level.</doc>
<msg timestamp="20220823 22:55:06.323" level="INFO">Training Wheels Protocol</msg>
<status status="PASS" starttime="20220823 22:55:06.321" endtime="20220823 22:55:06.323"/>
</kw>
<status status="PASS" starttime="20220823 22:54:59.569" endtime="20220823 22:55:06.330"/>
</kw>
<test id="s1-s1-t1" name="Scenario1 - Test1" line="10">
<status status="FAIL" starttime="20220823 22:55:06.348" endtime="20220823 22:55:06.355">Test contains no keywords.</status>
</test>
<kw name="Close Session" library="BasePage" type="TEARDOWN">
<kw name="Capture Page Screenshot" library="SeleniumLibrary">
<doc>Takes a screenshot of the current page and embeds it into a log file.</doc>
<msg timestamp="20220823 22:55:06.759" level="INFO" html="true">&lt;/td&gt;&lt;/tr&gt;&lt;tr&gt;&lt;td colspan="3"&gt;&lt;a href="selenium-screenshot-1.png"&gt;&lt;img src="selenium-screenshot-1.png" width="800px"&gt;&lt;/a&gt;</msg>
<status status="PASS" starttime="20220823 22:55:06.359" endtime="20220823 22:55:06.760"/>
</kw>
<kw name="Close Browser" library="SeleniumLibrary">
<doc>Closes the current browser.</doc>
<status status="PASS" starttime="20220823 22:55:06.760" endtime="20220823 22:55:08.970"/>
</kw>
<status status="PASS" starttime="20220823 22:55:06.359" endtime="20220823 22:55:08.970"/>
</kw>
<doc>Checkbox Page</doc>
<status status="FAIL" starttime="20220823 22:54:58.431" endtime="20220823 22:55:08.970"/>
</suite>
<status status="FAIL" starttime="20220823 22:54:58.417" endtime="20220823 22:55:08.972"/>
</suite>
<statistics>
<total>
<stat pass="0" fail="1" skip="0">All Tests</stat>
</total>
<tag>
</tag>
<suite>
<stat pass="0" fail="1" skip="0" id="s1" name="Suites">Suites</stat>
<stat pass="0" fail="1" skip="0" id="s1-s1" name="Checkbox">Suites.Checkbox</stat>
</suite>
</statistics>
<errors>
<msg timestamp="20220823 22:54:59.558" level="WARN">Imported resource file 'C:\Projetos\RobotFramework\TrainingWheels\Resources\Pages\checkboxPage.robot' is empty.</msg>
<msg timestamp="20220823 22:54:59.559" level="WARN">Imported resource file 'C:\Projetos\RobotFramework\TrainingWheels\Resources\Pages\dropdownPage.robot' is empty.</msg>
</errors>
</robot>
